Loading plugins phase: Elapsed time ==> 0s.171ms
<CYPRESSTAG name="CyDsfit arguments...">
cydsfit arguments: -.fdsnotice -.fdswarpdepfile=warp_dependencies.txt -.fdselabdepfile=elab_dependencies.txt -.fdsbldfile=generated_files.txt -.fdsreffile=referenced_files.txt -p C:\Users\steev\OneDrive\Dokumenty\PSoC Creator\PSoCWorkspace\psoc5_u8g2.cydsn\psoc5_u8g2.cyprj -d CY8C5868AXI-LP035 -s C:\Users\steev\OneDrive\Dokumenty\PSoC Creator\PSoCWorkspace\psoc5_u8g2.cydsn\Generated_Source\PSoC5 -- -yv2 -q10 -ygs -o2 -v3 -.fftcfgtype=LE
</CYPRESSTAG>
<CYPRESSTAG name="Design elaboration results...">
</CYPRESSTAG>
Elaboration phase: Elapsed time ==> 1s.750ms
<CYPRESSTAG name="HDL generation results...">
</CYPRESSTAG>
HDL generation phase: Elapsed time ==> 0s.046ms
<CYPRESSTAG name="Synthesis results...">

     | | | | | | |
   _________________
  -|               |-
  -|               |-
  -|               |-
  -|    CYPRESS    |-
  -|               |-
  -|               |-   Warp Verilog Synthesis Compiler: Version 6.3 IR 41
  -|               |-   Copyright (C) 1991-2001 Cypress Semiconductor
   |_______________|
     | | | | | | |

======================================================================
Compiling:  psoc5_u8g2.v
Program  :   D:\Cypress\PSoC Creator\4.4\PSoC Creator\warp\bin\warp.exe
Options  :    -yv2 -q10 -ygs -o2 -v3 -.fftcfgtype=LE -ya -.fftprj=C:\Users\steev\OneDrive\Dokumenty\PSoC Creator\PSoCWorkspace\psoc5_u8g2.cydsn\psoc5_u8g2.cyprj -dcpsoc3 psoc5_u8g2.v -verilog
======================================================================

======================================================================
Compiling:  psoc5_u8g2.v
Program  :   D:\Cypress\PSoC Creator\4.4\PSoC Creator\warp\bin\warp.exe
Options  :    -yv2 -q10 -ygs -o2 -v3 -.fftcfgtype=LE -ya -.fftprj=C:\Users\steev\OneDrive\Dokumenty\PSoC Creator\PSoCWorkspace\psoc5_u8g2.cydsn\psoc5_u8g2.cyprj -dcpsoc3 psoc5_u8g2.v -verilog
======================================================================

======================================================================
Compiling:  psoc5_u8g2.v
Program  :   vlogfe
Options  :    -yv2 -q10 -ygs -o2 -v3 -.fftcfgtype=LE -ya -.fftprj=C:\Users\steev\OneDrive\Dokumenty\PSoC Creator\PSoCWorkspace\psoc5_u8g2.cydsn\psoc5_u8g2.cyprj -dcpsoc3 -verilog psoc5_u8g2.v
======================================================================

vlogfe V6.3 IR 41:  Verilog parser
Wed Jun 07 12:16:31 2023


======================================================================
Compiling:  psoc5_u8g2.v
Program  :   vpp
Options  :    -yv2 -q10 psoc5_u8g2.v
======================================================================

vpp V6.3 IR 41:  Verilog Pre-Processor
Wed Jun 07 12:16:31 2023

Flattening file 'D:\Cypress\PSoC Creator\4.4\PSoC Creator\psoc\content\CyPrimitives\cyprimitives.cylib\cy_virtualmux_v1_0\cy_virtualmux_v1_0.v'
Flattening file 'D:\Cypress\PSoC Creator\4.4\PSoC Creator\psoc\content\CyPrimitives\cyprimitives.cylib\OneTerminal\OneTerminal.v'
Flattening file 'D:\Cypress\PSoC Creator\4.4\PSoC Creator\psoc\content\CyPrimitives\cyprimitives.cylib\or_v1_0\or_v1_0.v'
Flattening file 'D:\Cypress\PSoC Creator\4.4\PSoC Creator\psoc\content\CyPrimitives\cyprimitives.cylib\ZeroTerminal\ZeroTerminal.v'
Flattening file 'D:\Cypress\PSoC Creator\4.4\PSoC Creator\psoc\content\CyComponentLibrary\CyComponentLibrary.cylib\B_SPI_Master_v2_40\B_SPI_Master_v2_40.v'
Flattening file 'D:\Cypress\PSoC Creator\4.4\PSoC Creator\warp\lib\common\cypress.v'
Flattening file 'D:\Cypress\PSoC Creator\4.4\PSoC Creator\warp\lib\common\cy_psoc3_inc.v'

vpp:  No errors.

Library 'work' => directory 'lcpsoc3'
General_symbol_table
General_symbol_table
Linking 'D:\Cypress\PSoC Creator\4.4\PSoC Creator\warp\lib\common\std.vhd'.
Linking 'D:\Cypress\PSoC Creator\4.4\PSoC Creator\warp\lib\common\cypress.vhd'.
Linking 'D:\Cypress\PSoC Creator\4.4\PSoC Creator\warp\lib\common\work\cypress.vif'.
Linking 'D:\Cypress\PSoC Creator\4.4\PSoC Creator\warp\lib\ieee\work\stdlogic.vif'.
Linking 'D:\Cypress\PSoC Creator\4.4\PSoC Creator\warp\lib\common\stdlogic\lpmpkg.vif'.
Linking 'D:\Cypress\PSoC Creator\4.4\PSoC Creator\warp\lib\common\stdlogic\rtlpkg.vif'.
Linking 'D:\Cypress\PSoC Creator\4.4\PSoC Creator\warp\lib\common\stdlogic\mod_cnst.vif'.
Linking 'D:\Cypress\PSoC Creator\4.4\PSoC Creator\warp\lib\common\stdlogic\mod_mthv.vif'.
Linking 'D:\Cypress\PSoC Creator\4.4\PSoC Creator\warp\lib\common\stdlogic\mod_genv.vif'.
Using control file 'psoc5_u8g2.ctl'.
Linking 'D:\Cypress\PSoC Creator\4.4\PSoC Creator\warp\lib\common\stdlogic\cy_psoc3pkg.vif'.
Linking 'D:\Cypress\PSoC Creator\4.4\PSoC Creator\warp\lib\common\stdlogic\cy_psoc3.vif'.

vlogfe:  No errors.


======================================================================
Compiling:  psoc5_u8g2.v
Program  :   tovif
Options  :    -yv2 -q10 -ygs -o2 -v3 -.fftcfgtype=LE -ya -.fftprj=C:\Users\steev\OneDrive\Dokumenty\PSoC Creator\PSoCWorkspace\psoc5_u8g2.cydsn\psoc5_u8g2.cyprj -dcpsoc3 -verilog psoc5_u8g2.v
======================================================================

tovif V6.3 IR 41:  High-level synthesis
Wed Jun 07 12:16:31 2023

Linking 'D:\Cypress\PSoC Creator\4.4\PSoC Creator\warp\lib\common\std.vhd'.
Linking 'D:\Cypress\PSoC Creator\4.4\PSoC Creator\warp\lib\common\cypress.vhd'.
Linking 'D:\Cypress\PSoC Creator\4.4\PSoC Creator\warp\lib\common\work\cypress.vif'.
Linking 'D:\Cypress\PSoC Creator\4.4\PSoC Creator\warp\lib\ieee\work\stdlogic.vif'.
Linking 'D:\Cypress\PSoC Creator\4.4\PSoC Creator\warp\lib\common\stdlogic\lpmpkg.vif'.
Linking 'D:\Cypress\PSoC Creator\4.4\PSoC Creator\warp\lib\common\stdlogic\rtlpkg.vif'.
Linking 'D:\Cypress\PSoC Creator\4.4\PSoC Creator\warp\lib\common\stdlogic\mod_cnst.vif'.
Linking 'D:\Cypress\PSoC Creator\4.4\PSoC Creator\warp\lib\common\stdlogic\mod_mthv.vif'.
Linking 'D:\Cypress\PSoC Creator\4.4\PSoC Creator\warp\lib\common\stdlogic\mod_genv.vif'.
Linking 'C:\Users\steev\OneDrive\Dokumenty\PSoC Creator\PSoCWorkspace\psoc5_u8g2.cydsn\codegentemp\psoc5_u8g2.ctl'.
Linking 'D:\Cypress\PSoC Creator\4.4\PSoC Creator\psoc\content\CyPrimitives\cyprimitives.cylib\cy_virtualmux_v1_0\cy_virtualmux_v1_0.v'.
Linking 'C:\Users\steev\OneDrive\Dokumenty\PSoC Creator\PSoCWorkspace\psoc5_u8g2.cydsn\codegentemp\psoc5_u8g2.v'.
Linking 'D:\Cypress\PSoC Creator\4.4\PSoC Creator\psoc\content\CyPrimitives\cyprimitives.cylib\OneTerminal\OneTerminal.v'.
Linking 'D:\Cypress\PSoC Creator\4.4\PSoC Creator\psoc\content\CyPrimitives\cyprimitives.cylib\or_v1_0\or_v1_0.v'.
Linking 'D:\Cypress\PSoC Creator\4.4\PSoC Creator\psoc\content\CyPrimitives\cyprimitives.cylib\ZeroTerminal\ZeroTerminal.v'.
Linking 'D:\Cypress\PSoC Creator\4.4\PSoC Creator\psoc\content\CyComponentLibrary\CyComponentLibrary.cylib\B_SPI_Master_v2_40\B_SPI_Master_v2_40.v'.
Linking 'D:\Cypress\PSoC Creator\4.4\PSoC Creator\warp\lib\common\cypress.v'.
Linking 'D:\Cypress\PSoC Creator\4.4\PSoC Creator\warp\lib\common\cy_psoc3_inc.v'.
Linking 'D:\Cypress\PSoC Creator\4.4\PSoC Creator\warp\lib\common\stdlogic\cy_psoc3pkg.vif'.
Linking 'D:\Cypress\PSoC Creator\4.4\PSoC Creator\warp\lib\common\stdlogic\cy_psoc3.vif'.

tovif:  No errors.


======================================================================
Compiling:  psoc5_u8g2.v
Program  :   topld
Options  :    -yv2 -q10 -ygs -o2 -v3 -.fftcfgtype=LE -ya -.fftprj=C:\Users\steev\OneDrive\Dokumenty\PSoC Creator\PSoCWorkspace\psoc5_u8g2.cydsn\psoc5_u8g2.cyprj -dcpsoc3 -verilog psoc5_u8g2.v
======================================================================

topld V6.3 IR 41:  Synthesis and optimization
Wed Jun 07 12:16:32 2023

Linking 'D:\Cypress\PSoC Creator\4.4\PSoC Creator\warp\lib\common\std.vhd'.
Linking 'D:\Cypress\PSoC Creator\4.4\PSoC Creator\warp\lib\common\cypress.vhd'.
Linking 'D:\Cypress\PSoC Creator\4.4\PSoC Creator\warp\lib\common\work\cypress.vif'.
Linking 'D:\Cypress\PSoC Creator\4.4\PSoC Creator\warp\lib\ieee\work\stdlogic.vif'.
Linking 'D:\Cypress\PSoC Creator\4.4\PSoC Creator\warp\lib\common\stdlogic\lpmpkg.vif'.
Linking 'D:\Cypress\PSoC Creator\4.4\PSoC Creator\warp\lib\common\stdlogic\rtlpkg.vif'.
Linking 'D:\Cypress\PSoC Creator\4.4\PSoC Creator\warp\lib\common\stdlogic\mod_cnst.vif'.
Linking 'D:\Cypress\PSoC Creator\4.4\PSoC Creator\warp\lib\common\stdlogic\mod_mthv.vif'.
Linking 'D:\Cypress\PSoC Creator\4.4\PSoC Creator\warp\lib\common\stdlogic\mod_genv.vif'.
Linking 'C:\Users\steev\OneDrive\Dokumenty\PSoC Creator\PSoCWorkspace\psoc5_u8g2.cydsn\codegentemp\psoc5_u8g2.ctl'.
Linking 'D:\Cypress\PSoC Creator\4.4\PSoC Creator\psoc\content\CyPrimitives\cyprimitives.cylib\cy_virtualmux_v1_0\cy_virtualmux_v1_0.v'.
Linking 'C:\Users\steev\OneDrive\Dokumenty\PSoC Creator\PSoCWorkspace\psoc5_u8g2.cydsn\codegentemp\psoc5_u8g2.v'.
Linking 'D:\Cypress\PSoC Creator\4.4\PSoC Creator\psoc\content\CyPrimitives\cyprimitives.cylib\OneTerminal\OneTerminal.v'.
Linking 'D:\Cypress\PSoC Creator\4.4\PSoC Creator\psoc\content\CyPrimitives\cyprimitives.cylib\or_v1_0\or_v1_0.v'.
Linking 'D:\Cypress\PSoC Creator\4.4\PSoC Creator\psoc\content\CyPrimitives\cyprimitives.cylib\ZeroTerminal\ZeroTerminal.v'.
Linking 'D:\Cypress\PSoC Creator\4.4\PSoC Creator\psoc\content\CyComponentLibrary\CyComponentLibrary.cylib\B_SPI_Master_v2_40\B_SPI_Master_v2_40.v'.
Linking 'D:\Cypress\PSoC Creator\4.4\PSoC Creator\warp\lib\common\cypress.v'.
Linking 'D:\Cypress\PSoC Creator\4.4\PSoC Creator\warp\lib\common\cy_psoc3_inc.v'.
Linking 'D:\Cypress\PSoC Creator\4.4\PSoC Creator\warp\lib\common\stdlogic\cy_psoc3pkg.vif'.
Linking 'D:\Cypress\PSoC Creator\4.4\PSoC Creator\warp\lib\common\stdlogic\cy_psoc3.vif'.
Linking 'D:\Cypress\PSoC Creator\4.4\PSoC Creator\warp\lib\lcpsoc3\stdlogic\cpsoc3.vif'.

----------------------------------------------------------
Detecting unused logic.
----------------------------------------------------------
    User names
	\I2COLED:udb_clk\
	Net_3
	\I2COLED:Net_973\
	Net_5
	\I2COLED:Net_974\
	\I2COLED:timeout_clk\
	Net_6
	\I2COLED:Net_975\
	Net_9
	Net_11
	\SD_CARD:SPI0:BSPIM:mosi_after_ld\
	\SD_CARD:SPI0:BSPIM:so_send\
	\SD_CARD:SPI0:BSPIM:mosi_cpha_1\
	\SD_CARD:SPI0:BSPIM:pre_mosi\
	\SD_CARD:SPI0:BSPIM:dpcounter_zero\
	\SD_CARD:SPI0:BSPIM:control_7\
	\SD_CARD:SPI0:BSPIM:control_6\
	\SD_CARD:SPI0:BSPIM:control_5\
	\SD_CARD:SPI0:BSPIM:control_4\
	\SD_CARD:SPI0:BSPIM:control_3\
	\SD_CARD:SPI0:BSPIM:control_2\
	\SD_CARD:SPI0:BSPIM:control_1\
	\SD_CARD:SPI0:BSPIM:control_0\
	\SD_CARD:SPI0:Net_253\
	\SD_CARD:Net_2\


Deleted 25 User equations/components.
Deleted 0 Synthesized equations/components.

------------------------------------------------------
Alias Detection
------------------------------------------------------
Aliasing one to tmpOE__OLED_SDA_net_0
Aliasing tmpOE__OLED_SCL_net_0 to tmpOE__OLED_SDA_net_0
Aliasing \I2COLED:Net_969\ to tmpOE__OLED_SDA_net_0
Aliasing \I2COLED:Net_968\ to tmpOE__OLED_SDA_net_0
Aliasing \SD_CARD:SPI0:BSPIM:pol_supprt\ to zero
Aliasing \SD_CARD:SPI0:BSPIM:tx_status_3\ to \SD_CARD:SPI0:BSPIM:load_rx_data\
Aliasing \SD_CARD:SPI0:BSPIM:tx_status_6\ to zero
Aliasing \SD_CARD:SPI0:BSPIM:tx_status_5\ to zero
Aliasing \SD_CARD:SPI0:BSPIM:rx_status_3\ to zero
Aliasing \SD_CARD:SPI0:BSPIM:rx_status_2\ to zero
Aliasing \SD_CARD:SPI0:BSPIM:rx_status_1\ to zero
Aliasing \SD_CARD:SPI0:BSPIM:rx_status_0\ to zero
Aliasing \SD_CARD:SPI0:Net_274\ to zero
Aliasing \SD_CARD:tmpOE__mosi0_net_0\ to tmpOE__OLED_SDA_net_0
Aliasing \SD_CARD:tmpOE__miso0_net_0\ to tmpOE__OLED_SDA_net_0
Aliasing \SD_CARD:tmpOE__sclk0_net_0\ to tmpOE__OLED_SDA_net_0
Aliasing \SD_CARD:tmpOE__SPI0_CS_net_0\ to tmpOE__OLED_SDA_net_0
Aliasing tmpOE__SDD_DET_net_0 to tmpOE__OLED_SDA_net_0
Aliasing \SD_CARD:SPI0:BSPIM:so_send_reg\\D\ to zero
Aliasing \SD_CARD:SPI0:BSPIM:dpcounter_one_reg\\D\ to \SD_CARD:SPI0:BSPIM:load_rx_data\
Removing Lhs of wire one[6] = tmpOE__OLED_SDA_net_0[1]
Removing Lhs of wire tmpOE__OLED_SCL_net_0[9] = tmpOE__OLED_SDA_net_0[1]
Removing Rhs of wire \I2COLED:sda_x_wire\[14] = \I2COLED:Net_643_1\[15]
Removing Rhs of wire \I2COLED:Net_697\[17] = \I2COLED:Net_643_2\[23]
Removing Rhs of wire \I2COLED:Net_1109_0\[20] = \I2COLED:scl_yfb\[33]
Removing Rhs of wire \I2COLED:Net_1109_1\[21] = \I2COLED:sda_yfb\[34]
Removing Lhs of wire \I2COLED:scl_x_wire\[24] = \I2COLED:Net_643_0\[22]
Removing Lhs of wire \I2COLED:Net_969\[25] = tmpOE__OLED_SDA_net_0[1]
Removing Lhs of wire \I2COLED:Net_968\[26] = tmpOE__OLED_SDA_net_0[1]
Removing Lhs of wire \I2COLED:tmpOE__Bufoe_scl_net_0\[36] = tmpOE__OLED_SDA_net_0[1]
Removing Lhs of wire \I2COLED:tmpOE__Bufoe_sda_net_0\[38] = tmpOE__OLED_SDA_net_0[1]
Removing Lhs of wire \SD_CARD:SPI0:Net_276\[44] = \SD_CARD:Net_19\[45]
Removing Rhs of wire \SD_CARD:SPI0:BSPIM:load_rx_data\[48] = \SD_CARD:SPI0:BSPIM:dpcounter_one\[49]
Removing Lhs of wire \SD_CARD:SPI0:BSPIM:pol_supprt\[50] = zero[2]
Removing Lhs of wire \SD_CARD:SPI0:BSPIM:miso_to_dp\[51] = \SD_CARD:SPI0:Net_244\[52]
Removing Lhs of wire \SD_CARD:SPI0:Net_244\[52] = \SD_CARD:Net_16\[145]
Removing Rhs of wire \SD_CARD:Net_10\[56] = \SD_CARD:SPI0:BSPIM:mosi_fin\[57]
Removing Rhs of wire \SD_CARD:Net_10\[56] = \SD_CARD:SPI0:BSPIM:mosi_cpha_0\[58]
Removing Rhs of wire \SD_CARD:SPI0:BSPIM:tx_status_1\[79] = \SD_CARD:SPI0:BSPIM:dpMOSI_fifo_empty\[80]
Removing Rhs of wire \SD_CARD:SPI0:BSPIM:tx_status_2\[81] = \SD_CARD:SPI0:BSPIM:dpMOSI_fifo_not_full\[82]
Removing Lhs of wire \SD_CARD:SPI0:BSPIM:tx_status_3\[83] = \SD_CARD:SPI0:BSPIM:load_rx_data\[48]
Removing Rhs of wire \SD_CARD:SPI0:BSPIM:rx_status_4\[85] = \SD_CARD:SPI0:BSPIM:dpMISO_fifo_full\[86]
Removing Rhs of wire \SD_CARD:SPI0:BSPIM:rx_status_5\[87] = \SD_CARD:SPI0:BSPIM:dpMISO_fifo_not_empty\[88]
Removing Lhs of wire \SD_CARD:SPI0:BSPIM:tx_status_6\[90] = zero[2]
Removing Lhs of wire \SD_CARD:SPI0:BSPIM:tx_status_5\[91] = zero[2]
Removing Lhs of wire \SD_CARD:SPI0:BSPIM:rx_status_3\[92] = zero[2]
Removing Lhs of wire \SD_CARD:SPI0:BSPIM:rx_status_2\[93] = zero[2]
Removing Lhs of wire \SD_CARD:SPI0:BSPIM:rx_status_1\[94] = zero[2]
Removing Lhs of wire \SD_CARD:SPI0:BSPIM:rx_status_0\[95] = zero[2]
Removing Lhs of wire \SD_CARD:SPI0:Net_273\[105] = zero[2]
Removing Lhs of wire \SD_CARD:SPI0:Net_274\[146] = zero[2]
Removing Lhs of wire \SD_CARD:tmpOE__mosi0_net_0\[148] = tmpOE__OLED_SDA_net_0[1]
Removing Lhs of wire \SD_CARD:tmpOE__miso0_net_0\[155] = tmpOE__OLED_SDA_net_0[1]
Removing Lhs of wire \SD_CARD:tmpOE__sclk0_net_0\[161] = tmpOE__OLED_SDA_net_0[1]
Removing Lhs of wire \SD_CARD:tmpOE__SPI0_CS_net_0\[167] = tmpOE__OLED_SDA_net_0[1]
Removing Lhs of wire tmpOE__SDD_DET_net_0[173] = tmpOE__OLED_SDA_net_0[1]
Removing Lhs of wire \SD_CARD:SPI0:BSPIM:so_send_reg\\D\[178] = zero[2]
Removing Lhs of wire \SD_CARD:SPI0:BSPIM:mosi_reg\\D\[185] = \SD_CARD:SPI0:BSPIM:mosi_pre_reg\[72]
Removing Lhs of wire \SD_CARD:SPI0:BSPIM:dpcounter_one_reg\\D\[187] = \SD_CARD:SPI0:BSPIM:load_rx_data\[48]
Removing Lhs of wire \SD_CARD:SPI0:BSPIM:mosi_from_dp_reg\\D\[188] = \SD_CARD:SPI0:BSPIM:mosi_from_dp\[62]

------------------------------------------------------
Aliased 0 equations, 40 wires.
------------------------------------------------------

----------------------------------------------------------
Circuit simplification
----------------------------------------------------------

Substituting virtuals - pass 1:

Note:  Expanding virtual equation for 'zero' (cost = 0):
zero <=  ('0') ;

Note:  Expanding virtual equation for '\SD_CARD:SPI0:BSPIM:load_rx_data\' (cost = 1):
\SD_CARD:SPI0:BSPIM:load_rx_data\ <= ((not \SD_CARD:SPI0:BSPIM:count_4\ and not \SD_CARD:SPI0:BSPIM:count_3\ and not \SD_CARD:SPI0:BSPIM:count_2\ and not \SD_CARD:SPI0:BSPIM:count_1\ and \SD_CARD:SPI0:BSPIM:count_0\));


Substituting virtuals - pass 2:


----------------------------------------------------------
Circuit simplification results:

	Expanded 2 signals.
	Turned 0 signals into soft nodes.
	Maximum default expansion cost was set at 3.
----------------------------------------------------------

------------------------------------------------------
Alias Detection
------------------------------------------------------

------------------------------------------------------
Aliased 0 equations, 0 wires.
------------------------------------------------------

Last attempt to remove unused logic - pass 1:


Last attempt to remove unused logic - pass 2:


topld:  No errors.

CYPRESS_DIR    : D:\Cypress\PSoC Creator\4.4\PSoC Creator\warp
Warp Program   : D:\Cypress\PSoC Creator\4.4\PSoC Creator\warp\bin\warp.exe
Warp Arguments : -yv2 -q10 -ygs -o2 -v3 -.fftcfgtype=LE -ya "-.fftprj=C:\Users\steev\OneDrive\Dokumenty\PSoC Creator\PSoCWorkspace\psoc5_u8g2.cydsn\psoc5_u8g2.cyprj" -dcpsoc3 psoc5_u8g2.v -verilog
</CYPRESSTAG>
Warp synthesis phase: Elapsed time ==> 1s.828ms
<CYPRESSTAG name="Fitter results...">
<CYPRESSTAG name="Fitter startup details...">
cyp3fit: V4.4.0.80, Family: PSoC3, Started at: Wednesday, 07 June 2023 12:16:32
Options: -yv2 -q10 -ygs -o2 -v3 -.fftcfgtype=LE -ya -.fftprj=C:\Users\steev\OneDrive\Dokumenty\PSoC Creator\PSoCWorkspace\psoc5_u8g2.cydsn\psoc5_u8g2.cyprj -d CY8C5868AXI-LP035 psoc5_u8g2.v -verilog
</CYPRESSTAG>
<CYPRESSTAG name="Design parsing">
Design parsing phase: Elapsed time ==> 0s.031ms
</CYPRESSTAG>
<CYPRESSTAG name="Tech Mapping">
<CYPRESSTAG name="Initial Mapping" icon="FILE_RPT_TECHM">
    Converted constant MacroCell: \SD_CARD:SPI0:BSPIM:so_send_reg\ from registered to combinatorial
Assigning clock I2COLED_BusClock to clock BUS_CLK because it is a pass-through
<CYPRESSTAG name="Global Clock Selection" icon="FILE_RPT_TECHM">
    Digital Clock 0: Automatic-assigning  clock 'SD_CARD_Clock_1'. Fanout=1, Signal=\SD_CARD:Net_19\
</CYPRESSTAG>

Removing unused cells resulting from optimization
Done removing unused cells.
<CYPRESSTAG name="UDB Clock/Enable Remapping Results">
    UDB Clk/Enable \SD_CARD:SPI0:BSPIM:ClkEn\: with output requested to be synchronous
        ClockIn: SD_CARD_Clock_1 was determined to be a global clock that is synchronous to BUS_CLK
        EnableIn: Constant 1 was determined to be synchronous to ClockIn
        ClockOut: SD_CARD_Clock_1, EnableOut: Constant 1
</CYPRESSTAG>

Removing unused cells resulting from optimization
Done removing unused cells.
<CYPRESSTAG name="Duplicate Macrocell detection">
</CYPRESSTAG>
</CYPRESSTAG>
<CYPRESSTAG name="Duplicate Macrocell detection">
</CYPRESSTAG>
<CYPRESSTAG name="Design Equations" icon="FILE_RPT_EQUATION">

------------------------------------------------------------
Design Equations
------------------------------------------------------------
    <CYPRESSTAG name="Pin listing">

    ------------------------------------------------------------
    Pin listing
    ------------------------------------------------------------

    Pin : Name = OLED_SDA(0)
        Attributes:
            In Group/Port: True
            In Sync Option: SYNC
            Out Sync Option: NOSYNC
            Interrupt generated: False
            Interrupt mode: NONE
            Drive mode: RES_PULL_UP
            VTrip: LVTTL
            Slew: FAST
            Input Sync needed: False
            Output Sync needed: False
            SC shield enabled: False
            POR State: ANY
            LCD Mode: COMMON
            Register Mode: RegComb
            CaSense Mode: NEITHER
            Treat as pin: True
            Is OE Registered: False
            Uses Analog: False
            Can contain Digital: True
            Is SIO: False
            SIO Output Buf: NONREGULATED
            SIO Input Buf: SINGLE_ENDED
            SIO HiFreq: LOW
            SIO Hyst: DISABLED
            SIO Vtrip: MULTIPLIER_0_5
            SIO Multiplier Index: 0
            SIO RefSel: VCC_IO
            Required Capabilities: DIGITAL, ROUTABLE
            Initial Value: 1
            IO Voltage: 0
        PORT MAP (
            pa_out => OLED_SDA(0)__PA ,
            fb => \I2COLED:Net_1109_1\ ,
            pin_input => \I2COLED:sda_x_wire\ ,
            pad => OLED_SDA(0)_PAD );
        Properties:
        {
        }

    Pin : Name = OLED_SCL(0)
        Attributes:
            In Group/Port: True
            In Sync Option: SYNC
            Out Sync Option: NOSYNC
            Interrupt generated: False
            Interrupt mode: NONE
            Drive mode: RES_PULL_UP
            VTrip: LVTTL
            Slew: FAST
            Input Sync needed: False
            Output Sync needed: False
            SC shield enabled: False
            POR State: ANY
            LCD Mode: COMMON
            Register Mode: RegComb
            CaSense Mode: NEITHER
            Treat as pin: True
            Is OE Registered: False
            Uses Analog: False
            Can contain Digital: True
            Is SIO: False
            SIO Output Buf: NONREGULATED
            SIO Input Buf: SINGLE_ENDED
            SIO HiFreq: LOW
            SIO Hyst: DISABLED
            SIO Vtrip: MULTIPLIER_0_5
            SIO Multiplier Index: 0
            SIO RefSel: VCC_IO
            Required Capabilities: DIGITAL, ROUTABLE
            Initial Value: 1
            IO Voltage: 0
        PORT MAP (
            pa_out => OLED_SCL(0)__PA ,
            fb => \I2COLED:Net_1109_0\ ,
            pin_input => \I2COLED:Net_643_0\ ,
            pad => OLED_SCL(0)_PAD );
        Properties:
        {
        }

    Pin : Name = \SD_CARD:mosi0(0)\
        Attributes:
            In Group/Port: True
            In Sync Option: AUTO
            Out Sync Option: NOSYNC
            Interrupt generated: False
            Interrupt mode: NONE
            Drive mode: CMOS_OUT
            VTrip: EITHER
            Slew: FAST
            Input Sync needed: False
            Output Sync needed: False
            SC shield enabled: False
            POR State: ANY
            LCD Mode: COMMON
            Register Mode: RegComb
            CaSense Mode: NEITHER
            Treat as pin: True
            Is OE Registered: False
            Uses Analog: False
            Can contain Digital: True
            Is SIO: False
            SIO Output Buf: NONREGULATED
            SIO Input Buf: SINGLE_ENDED
            SIO HiFreq: LOW
            SIO Hyst: DISABLED
            SIO Vtrip: MULTIPLIER_0_5
            SIO Multiplier Index: 0
            SIO RefSel: VCC_IO
            Required Capabilities: DIGITAL, ROUTABLE
            Initial Value: 0
            IO Voltage: 0
        PORT MAP (
            pa_out => \SD_CARD:mosi0(0)\__PA ,
            pin_input => \SD_CARD:Net_10\ ,
            pad => \SD_CARD:mosi0(0)_PAD\ );
        Properties:
        {
        }

    Pin : Name = \SD_CARD:miso0(0)\
        Attributes:
            In Group/Port: True
            In Sync Option: NOSYNC
            Out Sync Option: AUTO
            Interrupt generated: False
            Interrupt mode: NONE
            Drive mode: HI_Z_DIGITAL
            VTrip: CMOS
            Slew: FAST
            Input Sync needed: False
            Output Sync needed: False
            SC shield enabled: False
            POR State: ANY
            LCD Mode: COMMON
            Register Mode: RegComb
            CaSense Mode: NEITHER
            Treat as pin: True
            Is OE Registered: False
            Uses Analog: False
            Can contain Digital: True
            Is SIO: False
            SIO Output Buf: NONREGULATED
            SIO Input Buf: SINGLE_ENDED
            SIO HiFreq: LOW
            SIO Hyst: DISABLED
            SIO Vtrip: MULTIPLIER_0_5
            SIO Multiplier Index: 0
            SIO RefSel: VCC_IO
            Required Capabilities: DIGITAL, ROUTABLE
            Initial Value: 0
            IO Voltage: 0
        PORT MAP (
            pa_out => \SD_CARD:miso0(0)\__PA ,
            fb => \SD_CARD:Net_16\ ,
            pad => \SD_CARD:miso0(0)_PAD\ );
        Properties:
        {
        }

    Pin : Name = \SD_CARD:sclk0(0)\
        Attributes:
            In Group/Port: True
            In Sync Option: AUTO
            Out Sync Option: NOSYNC
            Interrupt generated: False
            Interrupt mode: NONE
            Drive mode: CMOS_OUT
            VTrip: EITHER
            Slew: FAST
            Input Sync needed: False
            Output Sync needed: False
            SC shield enabled: False
            POR State: ANY
            LCD Mode: COMMON
            Register Mode: RegComb
            CaSense Mode: NEITHER
            Treat as pin: True
            Is OE Registered: False
            Uses Analog: False
            Can contain Digital: True
            Is SIO: False
            SIO Output Buf: NONREGULATED
            SIO Input Buf: SINGLE_ENDED
            SIO HiFreq: LOW
            SIO Hyst: DISABLED
            SIO Vtrip: MULTIPLIER_0_5
            SIO Multiplier Index: 0
            SIO RefSel: VCC_IO
            Required Capabilities: DIGITAL, ROUTABLE
            Initial Value: 0
            IO Voltage: 0
        PORT MAP (
            pa_out => \SD_CARD:sclk0(0)\__PA ,
            pin_input => \SD_CARD:Net_22\ ,
            pad => \SD_CARD:sclk0(0)_PAD\ );
        Properties:
        {
        }

    Pin : Name = \SD_CARD:SPI0_CS(0)\
        Attributes:
            In Group/Port: True
            In Sync Option: AUTO
            Out Sync Option: NOSYNC
            Interrupt generated: False
            Interrupt mode: NONE
            Drive mode: CMOS_OUT
            VTrip: EITHER
            Slew: FAST
            Input Sync needed: False
            Output Sync needed: False
            SC shield enabled: False
            POR State: ANY
            LCD Mode: COMMON
            Register Mode: RegComb
            CaSense Mode: NEITHER
            Treat as pin: True
            Is OE Registered: False
            Uses Analog: False
            Can contain Digital: True
            Is SIO: False
            SIO Output Buf: NONREGULATED
            SIO Input Buf: SINGLE_ENDED
            SIO HiFreq: LOW
            SIO Hyst: DISABLED
            SIO Vtrip: MULTIPLIER_0_5
            SIO Multiplier Index: 0
            SIO RefSel: VCC_IO
            Required Capabilities: DIGITAL
            Initial Value: 0
            IO Voltage: 0
        PORT MAP (
            pa_out => \SD_CARD:SPI0_CS(0)\__PA ,
            pad => \SD_CARD:SPI0_CS(0)_PAD\ );
        Properties:
        {
        }

    Pin : Name = SDD_DET(0)
        Attributes:
            In Group/Port: True
            In Sync Option: NOSYNC
            Out Sync Option: AUTO
            Interrupt generated: False
            Interrupt mode: NONE
            Drive mode: HI_Z_DIGITAL
            VTrip: EITHER
            Slew: FAST
            Input Sync needed: False
            Output Sync needed: False
            SC shield enabled: False
            POR State: ANY
            LCD Mode: COMMON
            Register Mode: RegComb
            CaSense Mode: NEITHER
            Treat as pin: True
            Is OE Registered: False
            Uses Analog: False
            Can contain Digital: True
            Is SIO: False
            SIO Output Buf: NONREGULATED
            SIO Input Buf: SINGLE_ENDED
            SIO HiFreq: LOW
            SIO Hyst: DISABLED
            SIO Vtrip: MULTIPLIER_0_5
            SIO Multiplier Index: 0
            SIO RefSel: VCC_IO
            Required Capabilities: DIGITAL
            Initial Value: 0
            IO Voltage: 0
        PORT MAP (
            pa_out => SDD_DET(0)__PA ,
            pad => SDD_DET(0)_PAD );
        Properties:
        {
        }
    </CYPRESSTAG>
    <CYPRESSTAG name="Macrocell listing" icon="FILE_RPT_EQUATION">

    ------------------------------------------------------------
    Macrocell listing
    ------------------------------------------------------------

    MacroCell: Name=\SD_CARD:SPI0:BSPIM:mosi_pre_reg_split\, Mode=(Combinatorial)
        Total # of inputs        : 11
        Total # of product terms : 8
            Clock Enable: True
        Main Equation            : 8 pterms
        (
              !\SD_CARD:SPI0:BSPIM:state_2\ * \SD_CARD:SPI0:BSPIM:state_1\ * 
              !\SD_CARD:SPI0:BSPIM:state_0\ * 
              \SD_CARD:SPI0:BSPIM:mosi_from_dp\ * 
              \SD_CARD:SPI0:BSPIM:count_4\
            + !\SD_CARD:SPI0:BSPIM:state_2\ * \SD_CARD:SPI0:BSPIM:state_1\ * 
              !\SD_CARD:SPI0:BSPIM:state_0\ * 
              \SD_CARD:SPI0:BSPIM:mosi_from_dp\ * 
              \SD_CARD:SPI0:BSPIM:count_3\
            + !\SD_CARD:SPI0:BSPIM:state_2\ * \SD_CARD:SPI0:BSPIM:state_1\ * 
              !\SD_CARD:SPI0:BSPIM:state_0\ * 
              \SD_CARD:SPI0:BSPIM:mosi_from_dp\ * 
              \SD_CARD:SPI0:BSPIM:count_2\
            + !\SD_CARD:SPI0:BSPIM:state_2\ * \SD_CARD:SPI0:BSPIM:state_1\ * 
              !\SD_CARD:SPI0:BSPIM:state_0\ * 
              \SD_CARD:SPI0:BSPIM:mosi_from_dp\ * 
              \SD_CARD:SPI0:BSPIM:count_1\
            + !\SD_CARD:SPI0:BSPIM:state_2\ * \SD_CARD:SPI0:BSPIM:state_1\ * 
              !\SD_CARD:SPI0:BSPIM:state_0\ * 
              \SD_CARD:SPI0:BSPIM:mosi_from_dp\ * 
              !\SD_CARD:SPI0:BSPIM:count_0\
            + \SD_CARD:SPI0:BSPIM:state_2\ * \SD_CARD:SPI0:BSPIM:state_1\ * 
              !\SD_CARD:SPI0:BSPIM:state_0\ * 
              \SD_CARD:SPI0:BSPIM:mosi_pre_reg\
            + \SD_CARD:SPI0:BSPIM:state_1\ * !\SD_CARD:SPI0:BSPIM:state_0\ * 
              !\SD_CARD:SPI0:BSPIM:count_4\ * !\SD_CARD:SPI0:BSPIM:count_3\ * 
              !\SD_CARD:SPI0:BSPIM:count_2\ * !\SD_CARD:SPI0:BSPIM:count_1\ * 
              \SD_CARD:SPI0:BSPIM:count_0\ * 
              \SD_CARD:SPI0:BSPIM:mosi_pre_reg\
            + \SD_CARD:SPI0:BSPIM:state_1\ * \SD_CARD:SPI0:BSPIM:state_0\ * 
              \SD_CARD:SPI0:BSPIM:mosi_from_dp\ * 
              !\SD_CARD:SPI0:BSPIM:count_4\ * !\SD_CARD:SPI0:BSPIM:count_3\ * 
              !\SD_CARD:SPI0:BSPIM:count_2\ * !\SD_CARD:SPI0:BSPIM:count_1\ * 
              !\SD_CARD:SPI0:BSPIM:count_0\ * !\SD_CARD:SPI0:BSPIM:ld_ident\
        );
        Output = \SD_CARD:SPI0:BSPIM:mosi_pre_reg_split\ (fanout=1)

    MacroCell: Name=\SD_CARD:SPI0:BSPIM:load_rx_data\, Mode=(Combinatorial)
        Total # of inputs        : 5
        Total # of product terms : 1
            Clock Enable: True
        Main Equation            : 1 pterm
        (
              !\SD_CARD:SPI0:BSPIM:count_4\ * !\SD_CARD:SPI0:BSPIM:count_3\ * 
              !\SD_CARD:SPI0:BSPIM:count_2\ * !\SD_CARD:SPI0:BSPIM:count_1\ * 
              \SD_CARD:SPI0:BSPIM:count_0\
        );
        Output = \SD_CARD:SPI0:BSPIM:load_rx_data\ (fanout=2)

    MacroCell: Name=\SD_CARD:Net_10\, Mode=(Combinatorial)
        Total # of inputs        : 5
        Total # of product terms : 3
            Clock Enable: True
        Main Equation            : 3 pterms
        (
              !\SD_CARD:SPI0:BSPIM:state_2\ * !\SD_CARD:Net_1\ * 
              \SD_CARD:SPI0:BSPIM:mosi_hs_reg\
            + \SD_CARD:SPI0:BSPIM:state_1\ * !\SD_CARD:Net_1\ * 
              \SD_CARD:SPI0:BSPIM:mosi_hs_reg\
            + !\SD_CARD:SPI0:BSPIM:state_0\ * !\SD_CARD:Net_1\ * 
              \SD_CARD:SPI0:BSPIM:mosi_hs_reg\
        );
        Output = \SD_CARD:Net_10\ (fanout=1)

    MacroCell: Name=\SD_CARD:SPI0:BSPIM:tx_status_0\, Mode=(Combinatorial)
        Total # of inputs        : 3
        Total # of product terms : 1
            Clock Enable: True
        Main Equation            : 1 pterm
        (
              \SD_CARD:SPI0:BSPIM:state_2\ * !\SD_CARD:SPI0:BSPIM:state_1\ * 
              \SD_CARD:SPI0:BSPIM:state_0\
        );
        Output = \SD_CARD:SPI0:BSPIM:tx_status_0\ (fanout=1)

    MacroCell: Name=\SD_CARD:SPI0:BSPIM:tx_status_4\, Mode=(Combinatorial)
        Total # of inputs        : 3
        Total # of product terms : 1
            Clock Enable: True
        Main Equation            : 1 pterm
        (
              !\SD_CARD:SPI0:BSPIM:state_2\ * !\SD_CARD:SPI0:BSPIM:state_1\ * 
              !\SD_CARD:SPI0:BSPIM:state_0\
        );
        Output = \SD_CARD:SPI0:BSPIM:tx_status_4\ (fanout=1)

    MacroCell: Name=\SD_CARD:SPI0:BSPIM:rx_status_6\, Mode=(Combinatorial)
        Total # of inputs        : 6
        Total # of product terms : 1
            Clock Enable: True
        Main Equation            : 1 pterm
        (
              !\SD_CARD:SPI0:BSPIM:count_4\ * !\SD_CARD:SPI0:BSPIM:count_3\ * 
              !\SD_CARD:SPI0:BSPIM:count_2\ * !\SD_CARD:SPI0:BSPIM:count_1\ * 
              \SD_CARD:SPI0:BSPIM:count_0\ * \SD_CARD:SPI0:BSPIM:rx_status_4\
        );
        Output = \SD_CARD:SPI0:BSPIM:rx_status_6\ (fanout=1)

    MacroCell: Name=\SD_CARD:SPI0:BSPIM:mosi_pre_reg_split_1\, Mode=(Combinatorial)
        Total # of inputs        : 10
        Total # of product terms : 6
            Clock Enable: True
        Main Equation            : 6 pterms
        !(
              !\SD_CARD:SPI0:BSPIM:state_2\ * \SD_CARD:SPI0:BSPIM:state_1\ * 
              !\SD_CARD:SPI0:BSPIM:count_4\ * !\SD_CARD:SPI0:BSPIM:count_3\ * 
              !\SD_CARD:SPI0:BSPIM:count_2\ * !\SD_CARD:SPI0:BSPIM:count_0\ * 
              !\SD_CARD:SPI0:BSPIM:ld_ident\
            + !\SD_CARD:SPI0:BSPIM:state_2\ * !\SD_CARD:SPI0:BSPIM:state_0\
            + !\SD_CARD:SPI0:BSPIM:state_2\ * 
              !\SD_CARD:SPI0:BSPIM:mosi_pre_reg\
            + \SD_CARD:SPI0:BSPIM:state_2\ * !\SD_CARD:SPI0:BSPIM:state_1\ * 
              \SD_CARD:SPI0:BSPIM:state_0\
            + \SD_CARD:SPI0:BSPIM:state_2\ * 
              !\SD_CARD:SPI0:BSPIM:mosi_from_dp\
            + \SD_CARD:SPI0:BSPIM:state_1\ * !\SD_CARD:SPI0:BSPIM:state_0\
        );
        Output = \SD_CARD:SPI0:BSPIM:mosi_pre_reg_split_1\ (fanout=1)

    MacroCell: Name=\SD_CARD:SPI0:BSPIM:state_2\, Mode=(D-Register)
        Total # of inputs        : 10
        Total # of product terms : 4
        List of special equations: 
            Clock  = (\SD_CARD:Net_19\) => Global
            Clock Enable: True
        Main Equation            : 4 pterms
        (
              !\SD_CARD:SPI0:BSPIM:state_2\ * !\SD_CARD:SPI0:BSPIM:state_1\ * 
              \SD_CARD:SPI0:BSPIM:state_0\
            + \SD_CARD:SPI0:BSPIM:state_2\ * \SD_CARD:SPI0:BSPIM:state_1\ * 
              \SD_CARD:SPI0:BSPIM:state_0\
            + \SD_CARD:SPI0:BSPIM:state_1\ * \SD_CARD:SPI0:BSPIM:state_0\ * 
              !\SD_CARD:SPI0:BSPIM:count_4\ * !\SD_CARD:SPI0:BSPIM:count_3\ * 
              !\SD_CARD:SPI0:BSPIM:count_2\ * \SD_CARD:SPI0:BSPIM:count_1\ * 
              !\SD_CARD:SPI0:BSPIM:count_0\ * !\SD_CARD:SPI0:BSPIM:ld_ident\
            + \SD_CARD:SPI0:BSPIM:state_1\ * \SD_CARD:SPI0:BSPIM:state_0\ * 
              !\SD_CARD:SPI0:BSPIM:count_4\ * !\SD_CARD:SPI0:BSPIM:count_3\ * 
              \SD_CARD:SPI0:BSPIM:count_2\ * \SD_CARD:SPI0:BSPIM:count_1\ * 
              !\SD_CARD:SPI0:BSPIM:count_0\ * 
              !\SD_CARD:SPI0:BSPIM:tx_status_1\
        );
        Output = \SD_CARD:SPI0:BSPIM:state_2\ (fanout=15)

    MacroCell: Name=\SD_CARD:SPI0:BSPIM:state_1\, Mode=(D-Register)
        Total # of inputs        : 10
        Total # of product terms : 4
        List of special equations: 
            Clock  = (\SD_CARD:Net_19\) => Global
            Clock Enable: True
        Main Equation            : 4 pterms
        !(
              !\SD_CARD:SPI0:BSPIM:state_2\ * !\SD_CARD:SPI0:BSPIM:state_1\ * 
              !\SD_CARD:SPI0:BSPIM:state_0\
            + !\SD_CARD:SPI0:BSPIM:state_2\ * \SD_CARD:SPI0:BSPIM:state_1\ * 
              \SD_CARD:SPI0:BSPIM:state_0\ * !\SD_CARD:SPI0:BSPIM:count_4\ * 
              !\SD_CARD:SPI0:BSPIM:count_3\ * !\SD_CARD:SPI0:BSPIM:count_2\ * 
              \SD_CARD:SPI0:BSPIM:count_1\ * !\SD_CARD:SPI0:BSPIM:count_0\ * 
              !\SD_CARD:SPI0:BSPIM:ld_ident\
            + !\SD_CARD:SPI0:BSPIM:state_2\ * \SD_CARD:SPI0:BSPIM:state_1\ * 
              \SD_CARD:SPI0:BSPIM:state_0\ * !\SD_CARD:SPI0:BSPIM:count_4\ * 
              !\SD_CARD:SPI0:BSPIM:count_3\ * \SD_CARD:SPI0:BSPIM:count_2\ * 
              \SD_CARD:SPI0:BSPIM:count_1\ * !\SD_CARD:SPI0:BSPIM:count_0\ * 
              !\SD_CARD:SPI0:BSPIM:tx_status_1\
            + \SD_CARD:SPI0:BSPIM:state_2\ * !\SD_CARD:SPI0:BSPIM:state_1\ * 
              \SD_CARD:SPI0:BSPIM:state_0\
        );
        Output = \SD_CARD:SPI0:BSPIM:state_1\ (fanout=15)

    MacroCell: Name=\SD_CARD:SPI0:BSPIM:state_0\, Mode=(T-Register)
        Total # of inputs        : 10
        Total # of product terms : 3
        List of special equations: 
            Clock  = (\SD_CARD:Net_19\) => Global
            Clock Enable: True
        Main Equation            : 3 pterms
        !(
              !\SD_CARD:SPI0:BSPIM:state_2\ * !\SD_CARD:SPI0:BSPIM:state_1\ * 
              \SD_CARD:SPI0:BSPIM:state_0\
            + !\SD_CARD:SPI0:BSPIM:state_2\ * !\SD_CARD:SPI0:BSPIM:state_1\ * 
              \SD_CARD:SPI0:BSPIM:tx_status_1\
            + !\SD_CARD:SPI0:BSPIM:state_2\ * \SD_CARD:SPI0:BSPIM:state_0\ * 
              !\SD_CARD:SPI0:BSPIM:count_4\ * !\SD_CARD:SPI0:BSPIM:count_3\ * 
              !\SD_CARD:SPI0:BSPIM:count_2\ * \SD_CARD:SPI0:BSPIM:count_1\ * 
              !\SD_CARD:SPI0:BSPIM:count_0\ * !\SD_CARD:SPI0:BSPIM:ld_ident\
        );
        Output = \SD_CARD:SPI0:BSPIM:state_0\ (fanout=15)

    MacroCell: Name=\SD_CARD:Net_1\, Mode=(D-Register)
        Total # of inputs        : 4
        Total # of product terms : 3
        List of special equations: 
            Clock  = (\SD_CARD:Net_19\) => Global
            Clock Enable: True
        Main Equation            : 3 pterms
        !(
              !\SD_CARD:SPI0:BSPIM:state_2\ * !\SD_CARD:SPI0:BSPIM:state_1\ * 
              \SD_CARD:SPI0:BSPIM:state_0\
            + \SD_CARD:SPI0:BSPIM:state_2\ * !\SD_CARD:SPI0:BSPIM:state_0\ * 
              !\SD_CARD:Net_1\
            + \SD_CARD:SPI0:BSPIM:state_1\ * !\SD_CARD:Net_1\
        );
        Output = \SD_CARD:Net_1\ (fanout=2)

    MacroCell: Name=\SD_CARD:SPI0:BSPIM:mosi_hs_reg\, Mode=(D-Register)
        Total # of inputs        : 6
        Total # of product terms : 4
        List of special equations: 
            Clock  = (\SD_CARD:Net_19\) => Global
            Clock Enable: True
        Main Equation            : 4 pterms
        (
              !\SD_CARD:SPI0:BSPIM:state_2\ * \SD_CARD:SPI0:BSPIM:state_1\ * 
              \SD_CARD:SPI0:BSPIM:state_0\ * 
              \SD_CARD:SPI0:BSPIM:mosi_from_dp_reg\
            + \SD_CARD:SPI0:BSPIM:state_2\ * \SD_CARD:SPI0:BSPIM:state_1\ * 
              \SD_CARD:SPI0:BSPIM:state_0\ * 
              \SD_CARD:SPI0:BSPIM:mosi_from_dp\
            + !\SD_CARD:SPI0:BSPIM:state_1\ * 
              \SD_CARD:SPI0:BSPIM:mosi_hs_reg\
            + !\SD_CARD:SPI0:BSPIM:state_0\ * 
              \SD_CARD:SPI0:BSPIM:mosi_hs_reg\
        );
        Output = \SD_CARD:SPI0:BSPIM:mosi_hs_reg\ (fanout=2)

    MacroCell: Name=\SD_CARD:SPI0:BSPIM:mosi_pre_reg\, Mode=(D-Register)
        Total # of inputs        : 2
        Total # of product terms : 1
        List of special equations: 
            Clock  = (\SD_CARD:Net_19\) => Global
            Clock Enable: True
        Main Equation            : 1 pterm
        !(
              !\SD_CARD:SPI0:BSPIM:mosi_pre_reg_split\ * 
              !\SD_CARD:SPI0:BSPIM:mosi_pre_reg_split_1\
        );
        Output = \SD_CARD:SPI0:BSPIM:mosi_pre_reg\ (fanout=2)

    MacroCell: Name=\SD_CARD:SPI0:BSPIM:load_cond\, Mode=(T-Register)
        Total # of inputs        : 9
        Total # of product terms : 4
        List of special equations: 
            Clock  = (\SD_CARD:Net_19\) => Global
            Clock Enable: True
        Main Equation            : 4 pterms
        (
              !\SD_CARD:SPI0:BSPIM:state_2\ * !\SD_CARD:SPI0:BSPIM:count_4\ * 
              !\SD_CARD:SPI0:BSPIM:count_3\ * !\SD_CARD:SPI0:BSPIM:count_2\ * 
              !\SD_CARD:SPI0:BSPIM:count_1\ * !\SD_CARD:SPI0:BSPIM:count_0\ * 
              \SD_CARD:SPI0:BSPIM:load_cond\
            + \SD_CARD:SPI0:BSPIM:state_2\ * !\SD_CARD:SPI0:BSPIM:state_1\ * 
              !\SD_CARD:SPI0:BSPIM:state_0\ * !\SD_CARD:SPI0:BSPIM:load_cond\
            + \SD_CARD:SPI0:BSPIM:state_1\ * !\SD_CARD:SPI0:BSPIM:count_4\ * 
              !\SD_CARD:SPI0:BSPIM:count_3\ * !\SD_CARD:SPI0:BSPIM:count_2\ * 
              !\SD_CARD:SPI0:BSPIM:count_1\ * !\SD_CARD:SPI0:BSPIM:count_0\ * 
              \SD_CARD:SPI0:BSPIM:load_cond\
            + \SD_CARD:SPI0:BSPIM:state_0\ * !\SD_CARD:SPI0:BSPIM:count_4\ * 
              !\SD_CARD:SPI0:BSPIM:count_3\ * !\SD_CARD:SPI0:BSPIM:count_2\ * 
              !\SD_CARD:SPI0:BSPIM:count_1\ * !\SD_CARD:SPI0:BSPIM:count_0\ * 
              \SD_CARD:SPI0:BSPIM:load_cond\
        );
        Output = \SD_CARD:SPI0:BSPIM:load_cond\ (fanout=1)

    MacroCell: Name=\SD_CARD:SPI0:BSPIM:mosi_from_dp_reg\, Mode=(D-Register)
        Total # of inputs        : 1
        Total # of product terms : 1
        List of special equations: 
            Clock  = (\SD_CARD:Net_19\) => Global
            Clock Enable: True
        Main Equation            : 1 pterm
        (
              \SD_CARD:SPI0:BSPIM:mosi_from_dp\
        );
        Output = \SD_CARD:SPI0:BSPIM:mosi_from_dp_reg\ (fanout=1)

    MacroCell: Name=\SD_CARD:SPI0:BSPIM:ld_ident\, Mode=(T-Register)
        Total # of inputs        : 9
        Total # of product terms : 2
        List of special equations: 
            Clock  = (\SD_CARD:Net_19\) => Global
            Clock Enable: True
        Main Equation            : 2 pterms
        (
              !\SD_CARD:SPI0:BSPIM:state_2\ * \SD_CARD:SPI0:BSPIM:state_1\ * 
              !\SD_CARD:SPI0:BSPIM:state_0\ * !\SD_CARD:SPI0:BSPIM:count_4\ * 
              !\SD_CARD:SPI0:BSPIM:count_3\ * !\SD_CARD:SPI0:BSPIM:count_2\ * 
              !\SD_CARD:SPI0:BSPIM:count_1\ * \SD_CARD:SPI0:BSPIM:count_0\ * 
              \SD_CARD:SPI0:BSPIM:ld_ident\
            + \SD_CARD:SPI0:BSPIM:state_2\ * !\SD_CARD:SPI0:BSPIM:state_1\ * 
              !\SD_CARD:SPI0:BSPIM:state_0\ * !\SD_CARD:SPI0:BSPIM:ld_ident\
        );
        Output = \SD_CARD:SPI0:BSPIM:ld_ident\ (fanout=6)

    MacroCell: Name=\SD_CARD:SPI0:BSPIM:cnt_enable\, Mode=(T-Register)
        Total # of inputs        : 4
        Total # of product terms : 3
        List of special equations: 
            Clock  = (\SD_CARD:Net_19\) => Global
            Clock Enable: True
        Main Equation            : 3 pterms
        (
              !\SD_CARD:SPI0:BSPIM:state_2\ * !\SD_CARD:SPI0:BSPIM:state_1\ * 
              !\SD_CARD:SPI0:BSPIM:state_0\ * \SD_CARD:SPI0:BSPIM:cnt_enable\
            + \SD_CARD:SPI0:BSPIM:state_2\ * !\SD_CARD:SPI0:BSPIM:state_1\ * 
              \SD_CARD:SPI0:BSPIM:state_0\ * \SD_CARD:SPI0:BSPIM:cnt_enable\
            + \SD_CARD:SPI0:BSPIM:state_2\ * \SD_CARD:SPI0:BSPIM:state_1\ * 
              !\SD_CARD:SPI0:BSPIM:state_0\ * 
              !\SD_CARD:SPI0:BSPIM:cnt_enable\
        );
        Output = \SD_CARD:SPI0:BSPIM:cnt_enable\ (fanout=2)

    MacroCell: Name=\SD_CARD:Net_22\, Mode=(D-Register)
        Total # of inputs        : 4
        Total # of product terms : 3
        List of special equations: 
            Clock  = (\SD_CARD:Net_19\) => Global
            Clock Enable: True
        Main Equation            : 3 pterms
        (
              \SD_CARD:SPI0:BSPIM:state_2\ * \SD_CARD:SPI0:BSPIM:state_1\ * 
              \SD_CARD:Net_22\
            + \SD_CARD:SPI0:BSPIM:state_2\ * !\SD_CARD:SPI0:BSPIM:state_0\
            + \SD_CARD:SPI0:BSPIM:state_1\ * !\SD_CARD:SPI0:BSPIM:state_0\
        );
        Output = \SD_CARD:Net_22\ (fanout=2)
    </CYPRESSTAG>
    <CYPRESSTAG name="Datapath listing">

    ------------------------------------------------------------
    Datapath listing
    ------------------------------------------------------------

    datapathcell: Name =\SD_CARD:SPI0:BSPIM:sR8:Dp:u0\
        PORT MAP (
            clock => \SD_CARD:Net_19\ ,
            cs_addr_2 => \SD_CARD:SPI0:BSPIM:state_2\ ,
            cs_addr_1 => \SD_CARD:SPI0:BSPIM:state_1\ ,
            cs_addr_0 => \SD_CARD:SPI0:BSPIM:state_0\ ,
            route_si => \SD_CARD:Net_16\ ,
            f1_load => \SD_CARD:SPI0:BSPIM:load_rx_data\ ,
            so_comb => \SD_CARD:SPI0:BSPIM:mosi_from_dp\ ,
            f0_bus_stat_comb => \SD_CARD:SPI0:BSPIM:tx_status_2\ ,
            f0_blk_stat_comb => \SD_CARD:SPI0:BSPIM:tx_status_1\ ,
            f1_bus_stat_comb => \SD_CARD:SPI0:BSPIM:rx_status_5\ ,
            f1_blk_stat_comb => \SD_CARD:SPI0:BSPIM:rx_status_4\ );
        Properties:
        {
            a0_init = "00000000"
            a1_init = "00000000"
            ce0_sync = 1
            ce1_sync = 1
            cl0_sync = 1
            cl1_sync = 1
            cmsb_sync = 1
            co_msb_sync = 1
            cy_dpconfig = "0000000000000000000000001100000000000001010000000001000100010000000000011100000000010001000000000000000101000000000000010100000011111111000000001111111111111111000000000010001000001000111100000000000000000100"
            d0_init = "00000000"
            d1_init = "00000000"
            f0_blk_sync = 1
            f0_bus_sync = 1
            f1_blk_sync = 1
            f1_bus_sync = 1
            ff0_sync = 1
            ff1_sync = 1
            ov_msb_sync = 1
            so_sync = 1
            z0_sync = 1
            z1_sync = 1
        }
        Clock Polarity: Active High
        Clock Enable: True
    </CYPRESSTAG>
    <CYPRESSTAG name="Status register listing">
    </CYPRESSTAG>
    <CYPRESSTAG name="StatusI register listing">

    ------------------------------------------------------------
    StatusI register listing
    ------------------------------------------------------------

    statusicell: Name =\SD_CARD:SPI0:BSPIM:TxStsReg\
        PORT MAP (
            clock => \SD_CARD:Net_19\ ,
            status_4 => \SD_CARD:SPI0:BSPIM:tx_status_4\ ,
            status_3 => \SD_CARD:SPI0:BSPIM:load_rx_data\ ,
            status_2 => \SD_CARD:SPI0:BSPIM:tx_status_2\ ,
            status_1 => \SD_CARD:SPI0:BSPIM:tx_status_1\ ,
            status_0 => \SD_CARD:SPI0:BSPIM:tx_status_0\ );
        Properties:
        {
            cy_force_order = 1
            cy_int_mask = "0000000"
            cy_md_select = "0001001"
        }
        Clock Polarity: Active High
        Clock Enable: True

    statusicell: Name =\SD_CARD:SPI0:BSPIM:RxStsReg\
        PORT MAP (
            clock => \SD_CARD:Net_19\ ,
            status_6 => \SD_CARD:SPI0:BSPIM:rx_status_6\ ,
            status_5 => \SD_CARD:SPI0:BSPIM:rx_status_5\ ,
            status_4 => \SD_CARD:SPI0:BSPIM:rx_status_4\ );
        Properties:
        {
            cy_force_order = 1
            cy_int_mask = "0000000"
            cy_md_select = "1000000"
        }
        Clock Polarity: Active High
        Clock Enable: True
    </CYPRESSTAG>
    <CYPRESSTAG name="Sync listing">

    ------------------------------------------------------------
    Sync listing
    ------------------------------------------------------------

    synccell: Name =OLED_SCL(0)_SYNC
        PORT MAP (
            in => \I2COLED:Net_1109_0\ ,
            out => \I2COLED:Net_1109_0_SYNCOUT\ ,
            clock => ClockBlock_BUS_CLK );
        Clock Polarity: Active High
        Clock Enable: True

    synccell: Name =OLED_SDA(0)_SYNC
        PORT MAP (
            in => \I2COLED:Net_1109_1\ ,
            out => \I2COLED:Net_1109_1_SYNCOUT\ ,
            clock => ClockBlock_BUS_CLK );
        Clock Polarity: Active High
        Clock Enable: True
    </CYPRESSTAG>
    <CYPRESSTAG name="Control register listing">
    </CYPRESSTAG>
    <CYPRESSTAG name="Count7 listing">

    ------------------------------------------------------------
    Count7 listing
    ------------------------------------------------------------

    count7cell: Name =\SD_CARD:SPI0:BSPIM:BitCounter\
        PORT MAP (
            clock => \SD_CARD:Net_19\ ,
            enable => \SD_CARD:SPI0:BSPIM:cnt_enable\ ,
            count_6 => \SD_CARD:SPI0:BSPIM:count_6\ ,
            count_5 => \SD_CARD:SPI0:BSPIM:count_5\ ,
            count_4 => \SD_CARD:SPI0:BSPIM:count_4\ ,
            count_3 => \SD_CARD:SPI0:BSPIM:count_3\ ,
            count_2 => \SD_CARD:SPI0:BSPIM:count_2\ ,
            count_1 => \SD_CARD:SPI0:BSPIM:count_1\ ,
            count_0 => \SD_CARD:SPI0:BSPIM:count_0\ ,
            tc => \SD_CARD:SPI0:BSPIM:cnt_tc\ );
        Properties:
        {
            cy_alt_mode = 0
            cy_init_value = "0000000"
            cy_period = "0001111"
            cy_route_en = 1
            cy_route_ld = 0
        }
        Clock Polarity: Active High
        Clock Enable: True
    </CYPRESSTAG>
    <CYPRESSTAG name="DRQ listing">
    </CYPRESSTAG>
    <CYPRESSTAG name="Interrupt listing">

    ------------------------------------------------------------
    Interrupt listing
    ------------------------------------------------------------

    interrupt: Name =\I2COLED:I2C_IRQ\
        PORT MAP (
            interrupt => \I2COLED:Net_697\ );
        Properties:
        {
            int_type = "00"
            is_nmi = 0
        }
    </CYPRESSTAG>
</CYPRESSTAG>
<CYPRESSTAG name="Technology mapping summary" expanded>

------------------------------------------------------------
Technology mapping summary
------------------------------------------------------------

Resource Type                 : Used : Free :  Max :  % Used
============================================================
Digital Clocks                :    1 :    7 :    8 : 12.50 %
Analog Clocks                 :    0 :    4 :    4 :  0.00 %
CapSense Buffers              :    0 :    2 :    2 :  0.00 %
Digital Filter Block          :    0 :    1 :    1 :  0.00 %
Interrupts                    :    1 :   31 :   32 :  3.13 %
IO                            :    9 :   63 :   72 : 12.50 %
Segment LCD                   :    0 :    1 :    1 :  0.00 %
CAN 2.0b                      :    0 :    1 :    1 :  0.00 %
I2C                           :    1 :    0 :    1 : 100.00 %
USB                           :    0 :    1 :    1 :  0.00 %
DMA Channels                  :    0 :   24 :   24 :  0.00 %
Timer                         :    0 :    4 :    4 :  0.00 %
UDB                           :      :      :      :        
  Macrocells                  :   18 :  174 :  192 :  9.38 %
  Unique P-terms              :   47 :  337 :  384 : 12.24 %
  Total P-terms               :   53 :      :      :        
  Datapath Cells              :    1 :   23 :   24 :  4.17 %
  Status Cells                :    4 :   20 :   24 : 16.67 %
    StatusI Registers         :    2 :      :      :        
    Sync Cells (x2)           :    1 :      :      :        
    Routed Count7 Load/Enable :    1 :      :      :        
  Control Cells               :    1 :   23 :   24 :  4.17 %
    Count7 Cells              :    1 :      :      :        
Opamp                         :    0 :    4 :    4 :  0.00 %
Comparator                    :    0 :    4 :    4 :  0.00 %
Delta-Sigma ADC               :    0 :    1 :    1 :  0.00 %
LPF                           :    0 :    2 :    2 :  0.00 %
SAR ADC                       :    0 :    2 :    2 :  0.00 %
Analog (SC/CT) Blocks         :    0 :    4 :    4 :  0.00 %
DAC                           :      :      :      :        
  VIDAC                       :    0 :    4 :    4 :  0.00 %
</CYPRESSTAG>
Technology Mapping: Elapsed time ==> 0s.109ms
Tech Mapping phase: Elapsed time ==> 0s.203ms
</CYPRESSTAG>
<CYPRESSTAG name="Analog Placement">
Initial Analog Placement Results:
IO_0@[IOP=(12)][IoId=(0)] : OLED_SCL(0) (fixed)
IO_1@[IOP=(12)][IoId=(1)] : OLED_SDA(0) (fixed)
IO_6@[IOP=(12)][IoId=(6)] : SDD_DET(0) (fixed)
IO_3@[IOP=(15)][IoId=(3)] : \SD_CARD:SPI0_CS(0)\ (fixed)
IO_0@[IOP=(15)][IoId=(0)] : \SD_CARD:miso0(0)\ (fixed)
IO_2@[IOP=(15)][IoId=(2)] : \SD_CARD:mosi0(0)\ (fixed)
IO_1@[IOP=(15)][IoId=(1)] : \SD_CARD:sclk0(0)\ (fixed)
Analog Placement phase: Elapsed time ==> 0s.015ms
</CYPRESSTAG>
<CYPRESSTAG name="Analog Routing">
Analog Routing phase: Elapsed time ==> 0s.000ms
</CYPRESSTAG>
<CYPRESSTAG name="Analog Code Generation">
============ Analog Final Answer Routes ============
Dump of CyAnalogRoutingResultsDB
Map of net to items {
}
Map of item to net {
}
Mux Info {
}
Dump of CyP35AnalogRoutingResultsDB
IsVddaHalfUsedForComp = False
IsVddaHalfUsedForSar0 = False
IsVddaHalfUsedForSar1 = False
Analog Code Generation phase: Elapsed time ==> 0s.296ms
</CYPRESSTAG>
<CYPRESSTAG name="Digital Placement">
<CYPRESSTAG name="Detailed placement messages">
I2076: Total run-time: 0.8 sec.

</CYPRESSTAG>
<CYPRESSTAG name="PLD Packing">
<CYPRESSTAG name="PLD Packing Summary" expanded>

------------------------------------------------------------
PLD Packing Summary
------------------------------------------------------------
            Resource Type : Used : Free :  Max :  % Used
    ====================================================
                     PLDs :    7 :   41 :   48 :  14.58%

<CYPRESSTAG name="PLD Statistics">

        PLD Resource Type :     Average/LAB
    =======================================
                   Inputs :            9.43
                   Pterms :            7.43
               Macrocells :            2.57
</CYPRESSTAG>
<CYPRESSTAG name="Packed PLD Contents">
Packed PLD Contents not displayed at this verbose level.</CYPRESSTAG>
</CYPRESSTAG>
PLD Packing: Elapsed time ==> 0s.000ms
</CYPRESSTAG>
<CYPRESSTAG name="Partitioning">
<CYPRESSTAG name="Initial Partitioning Summary">
Initial Partitioning Summary not displayed at this verbose level.</CYPRESSTAG>
<CYPRESSTAG name="Final Partitioning Summary">
Final Partitioning Summary not displayed at this verbose level.</CYPRESSTAG>
Partitioning: Elapsed time ==> 0s.031ms
</CYPRESSTAG>
<CYPRESSTAG name="Final Placement Summary">

------------------------------------------------------------
Final Placement Summary
------------------------------------------------------------

       Resource Type :      Count : Avg Inputs : Avg Outputs
    ========================================================
                 UDB :          4 :      10.75 :       4.50
<CYPRESSTAG name="Final Placement Details">
<CYPRESSTAG name="Component Details">

------------------------------------------------------------
Component Placement Details
------------------------------------------------------------
UDB [UDB=(0,0)] is empty.
UDB [UDB=(0,1)] is empty.
UDB [UDB=(0,2)] is empty.
UDB [UDB=(0,3)] is empty.
UDB [UDB=(0,4)] is empty.
UDB [UDB=(0,5)] is empty.
UDB [UDB=(1,0)] is empty.
UDB [UDB=(1,1)] is empty.
UDB [UDB=(1,2)] is empty.
UDB [UDB=(1,3)] is empty.
UDB [UDB=(1,4)] is empty.
UDB [UDB=(1,5)] is empty.
UDB [UDB=(2,0)] is empty.
UDB [UDB=(2,1)] contents:
LAB@[UDB=(2,1)][LB=0] #macrocells=3, #inputs=10, #pterms=8
{
    [McSlotId=0]:     MacroCell: Name=\SD_CARD:SPI0:BSPIM:load_cond\, Mode=(T-Register) @ [UDB=(2,1)][LB=0][MC=0]
        Total # of inputs        : 9
        Total # of product terms : 4
        List of special equations: 
            Clock  = (\SD_CARD:Net_19\) => Global
            Clock Enable: True
        Main Equation            : 4 pterms
        (
              !\SD_CARD:SPI0:BSPIM:state_2\ * !\SD_CARD:SPI0:BSPIM:count_4\ * 
              !\SD_CARD:SPI0:BSPIM:count_3\ * !\SD_CARD:SPI0:BSPIM:count_2\ * 
              !\SD_CARD:SPI0:BSPIM:count_1\ * !\SD_CARD:SPI0:BSPIM:count_0\ * 
              \SD_CARD:SPI0:BSPIM:load_cond\
            + \SD_CARD:SPI0:BSPIM:state_2\ * !\SD_CARD:SPI0:BSPIM:state_1\ * 
              !\SD_CARD:SPI0:BSPIM:state_0\ * !\SD_CARD:SPI0:BSPIM:load_cond\
            + \SD_CARD:SPI0:BSPIM:state_1\ * !\SD_CARD:SPI0:BSPIM:count_4\ * 
              !\SD_CARD:SPI0:BSPIM:count_3\ * !\SD_CARD:SPI0:BSPIM:count_2\ * 
              !\SD_CARD:SPI0:BSPIM:count_1\ * !\SD_CARD:SPI0:BSPIM:count_0\ * 
              \SD_CARD:SPI0:BSPIM:load_cond\
            + \SD_CARD:SPI0:BSPIM:state_0\ * !\SD_CARD:SPI0:BSPIM:count_4\ * 
              !\SD_CARD:SPI0:BSPIM:count_3\ * !\SD_CARD:SPI0:BSPIM:count_2\ * 
              !\SD_CARD:SPI0:BSPIM:count_1\ * !\SD_CARD:SPI0:BSPIM:count_0\ * 
              \SD_CARD:SPI0:BSPIM:load_cond\
        );
        Output = \SD_CARD:SPI0:BSPIM:load_cond\ (fanout=1)
        Properties               : 
        {
        }

    [McSlotId=1]:     MacroCell: Name=\SD_CARD:Net_1\, Mode=(D-Register) @ [UDB=(2,1)][LB=0][MC=1]
        Total # of inputs        : 4
        Total # of product terms : 3
        List of special equations: 
            Clock  = (\SD_CARD:Net_19\) => Global
            Clock Enable: True
        Main Equation            : 3 pterms
        !(
              !\SD_CARD:SPI0:BSPIM:state_2\ * !\SD_CARD:SPI0:BSPIM:state_1\ * 
              \SD_CARD:SPI0:BSPIM:state_0\
            + \SD_CARD:SPI0:BSPIM:state_2\ * !\SD_CARD:SPI0:BSPIM:state_0\ * 
              !\SD_CARD:Net_1\
            + \SD_CARD:SPI0:BSPIM:state_1\ * !\SD_CARD:Net_1\
        );
        Output = \SD_CARD:Net_1\ (fanout=2)
        Properties               : 
        {
        }

    [McSlotId=2]:     MacroCell: Name=\SD_CARD:SPI0:BSPIM:tx_status_4\, Mode=(Combinatorial) @ [UDB=(2,1)][LB=0][MC=2]
        Total # of inputs        : 3
        Total # of product terms : 1
            Clock Enable: True
        Main Equation            : 1 pterm
        (
              !\SD_CARD:SPI0:BSPIM:state_2\ * !\SD_CARD:SPI0:BSPIM:state_1\ * 
              !\SD_CARD:SPI0:BSPIM:state_0\
        );
        Output = \SD_CARD:SPI0:BSPIM:tx_status_4\ (fanout=1)
        Properties               : 
        {
        }

    [McSlotId=3]: (empty)
}

datapathcell: Name =\SD_CARD:SPI0:BSPIM:sR8:Dp:u0\
    PORT MAP (
        clock => \SD_CARD:Net_19\ ,
        cs_addr_2 => \SD_CARD:SPI0:BSPIM:state_2\ ,
        cs_addr_1 => \SD_CARD:SPI0:BSPIM:state_1\ ,
        cs_addr_0 => \SD_CARD:SPI0:BSPIM:state_0\ ,
        route_si => \SD_CARD:Net_16\ ,
        f1_load => \SD_CARD:SPI0:BSPIM:load_rx_data\ ,
        so_comb => \SD_CARD:SPI0:BSPIM:mosi_from_dp\ ,
        f0_bus_stat_comb => \SD_CARD:SPI0:BSPIM:tx_status_2\ ,
        f0_blk_stat_comb => \SD_CARD:SPI0:BSPIM:tx_status_1\ ,
        f1_bus_stat_comb => \SD_CARD:SPI0:BSPIM:rx_status_5\ ,
        f1_blk_stat_comb => \SD_CARD:SPI0:BSPIM:rx_status_4\ );
    Properties:
    {
        a0_init = "00000000"
        a1_init = "00000000"
        ce0_sync = 1
        ce1_sync = 1
        cl0_sync = 1
        cl1_sync = 1
        cmsb_sync = 1
        co_msb_sync = 1
        cy_dpconfig = "0000000000000000000000001100000000000001010000000001000100010000000000011100000000010001000000000000000101000000000000010100000011111111000000001111111111111111000000000010001000001000111100000000000000000100"
        d0_init = "00000000"
        d1_init = "00000000"
        f0_blk_sync = 1
        f0_bus_sync = 1
        f1_blk_sync = 1
        f1_bus_sync = 1
        ff0_sync = 1
        ff1_sync = 1
        ov_msb_sync = 1
        so_sync = 1
        z0_sync = 1
        z1_sync = 1
    }
    Clock Polarity: Active High
    Clock Enable: True

statusicell: Name =\SD_CARD:SPI0:BSPIM:TxStsReg\
    PORT MAP (
        clock => \SD_CARD:Net_19\ ,
        status_4 => \SD_CARD:SPI0:BSPIM:tx_status_4\ ,
        status_3 => \SD_CARD:SPI0:BSPIM:load_rx_data\ ,
        status_2 => \SD_CARD:SPI0:BSPIM:tx_status_2\ ,
        status_1 => \SD_CARD:SPI0:BSPIM:tx_status_1\ ,
        status_0 => \SD_CARD:SPI0:BSPIM:tx_status_0\ );
    Properties:
    {
        cy_force_order = 1
        cy_int_mask = "0000000"
        cy_md_select = "0001001"
    }
    Clock Polarity: Active High
    Clock Enable: True

UDB [UDB=(2,2)] contents:
LAB@[UDB=(2,2)][LB=0] #macrocells=4, #inputs=11, #pterms=8
{
    [McSlotId=0]:     MacroCell: Name=\SD_CARD:SPI0:BSPIM:state_2\, Mode=(D-Register) @ [UDB=(2,2)][LB=0][MC=0]
        Total # of inputs        : 10
        Total # of product terms : 4
        List of special equations: 
            Clock  = (\SD_CARD:Net_19\) => Global
            Clock Enable: True
        Main Equation            : 4 pterms
        (
              !\SD_CARD:SPI0:BSPIM:state_2\ * !\SD_CARD:SPI0:BSPIM:state_1\ * 
              \SD_CARD:SPI0:BSPIM:state_0\
            + \SD_CARD:SPI0:BSPIM:state_2\ * \SD_CARD:SPI0:BSPIM:state_1\ * 
              \SD_CARD:SPI0:BSPIM:state_0\
            + \SD_CARD:SPI0:BSPIM:state_1\ * \SD_CARD:SPI0:BSPIM:state_0\ * 
              !\SD_CARD:SPI0:BSPIM:count_4\ * !\SD_CARD:SPI0:BSPIM:count_3\ * 
              !\SD_CARD:SPI0:BSPIM:count_2\ * \SD_CARD:SPI0:BSPIM:count_1\ * 
              !\SD_CARD:SPI0:BSPIM:count_0\ * !\SD_CARD:SPI0:BSPIM:ld_ident\
            + \SD_CARD:SPI0:BSPIM:state_1\ * \SD_CARD:SPI0:BSPIM:state_0\ * 
              !\SD_CARD:SPI0:BSPIM:count_4\ * !\SD_CARD:SPI0:BSPIM:count_3\ * 
              \SD_CARD:SPI0:BSPIM:count_2\ * \SD_CARD:SPI0:BSPIM:count_1\ * 
              !\SD_CARD:SPI0:BSPIM:count_0\ * 
              !\SD_CARD:SPI0:BSPIM:tx_status_1\
        );
        Output = \SD_CARD:SPI0:BSPIM:state_2\ (fanout=15)
        Properties               : 
        {
        }

    [McSlotId=1]:     MacroCell: Name=\SD_CARD:SPI0:BSPIM:ld_ident\, Mode=(T-Register) @ [UDB=(2,2)][LB=0][MC=1]
        Total # of inputs        : 9
        Total # of product terms : 2
        List of special equations: 
            Clock  = (\SD_CARD:Net_19\) => Global
            Clock Enable: True
        Main Equation            : 2 pterms
        (
              !\SD_CARD:SPI0:BSPIM:state_2\ * \SD_CARD:SPI0:BSPIM:state_1\ * 
              !\SD_CARD:SPI0:BSPIM:state_0\ * !\SD_CARD:SPI0:BSPIM:count_4\ * 
              !\SD_CARD:SPI0:BSPIM:count_3\ * !\SD_CARD:SPI0:BSPIM:count_2\ * 
              !\SD_CARD:SPI0:BSPIM:count_1\ * \SD_CARD:SPI0:BSPIM:count_0\ * 
              \SD_CARD:SPI0:BSPIM:ld_ident\
            + \SD_CARD:SPI0:BSPIM:state_2\ * !\SD_CARD:SPI0:BSPIM:state_1\ * 
              !\SD_CARD:SPI0:BSPIM:state_0\ * !\SD_CARD:SPI0:BSPIM:ld_ident\
        );
        Output = \SD_CARD:SPI0:BSPIM:ld_ident\ (fanout=6)
        Properties               : 
        {
        }

    [McSlotId=2]:     MacroCell: Name=\SD_CARD:SPI0:BSPIM:load_rx_data\, Mode=(Combinatorial) @ [UDB=(2,2)][LB=0][MC=2]
        Total # of inputs        : 5
        Total # of product terms : 1
            Clock Enable: True
        Main Equation            : 1 pterm
        (
              !\SD_CARD:SPI0:BSPIM:count_4\ * !\SD_CARD:SPI0:BSPIM:count_3\ * 
              !\SD_CARD:SPI0:BSPIM:count_2\ * !\SD_CARD:SPI0:BSPIM:count_1\ * 
              \SD_CARD:SPI0:BSPIM:count_0\
        );
        Output = \SD_CARD:SPI0:BSPIM:load_rx_data\ (fanout=2)
        Properties               : 
        {
        }

    [McSlotId=3]:     MacroCell: Name=\SD_CARD:SPI0:BSPIM:rx_status_6\, Mode=(Combinatorial) @ [UDB=(2,2)][LB=0][MC=3]
        Total # of inputs        : 6
        Total # of product terms : 1
            Clock Enable: True
        Main Equation            : 1 pterm
        (
              !\SD_CARD:SPI0:BSPIM:count_4\ * !\SD_CARD:SPI0:BSPIM:count_3\ * 
              !\SD_CARD:SPI0:BSPIM:count_2\ * !\SD_CARD:SPI0:BSPIM:count_1\ * 
              \SD_CARD:SPI0:BSPIM:count_0\ * \SD_CARD:SPI0:BSPIM:rx_status_4\
        );
        Output = \SD_CARD:SPI0:BSPIM:rx_status_6\ (fanout=1)
        Properties               : 
        {
        }
}

LAB@[UDB=(2,2)][LB=1] #macrocells=3, #inputs=10, #pterms=7
{
    [McSlotId=0]:     MacroCell: Name=\SD_CARD:SPI0:BSPIM:state_0\, Mode=(T-Register) @ [UDB=(2,2)][LB=1][MC=0]
        Total # of inputs        : 10
        Total # of product terms : 3
        List of special equations: 
            Clock  = (\SD_CARD:Net_19\) => Global
            Clock Enable: True
        Main Equation            : 3 pterms
        !(
              !\SD_CARD:SPI0:BSPIM:state_2\ * !\SD_CARD:SPI0:BSPIM:state_1\ * 
              \SD_CARD:SPI0:BSPIM:state_0\
            + !\SD_CARD:SPI0:BSPIM:state_2\ * !\SD_CARD:SPI0:BSPIM:state_1\ * 
              \SD_CARD:SPI0:BSPIM:tx_status_1\
            + !\SD_CARD:SPI0:BSPIM:state_2\ * \SD_CARD:SPI0:BSPIM:state_0\ * 
              !\SD_CARD:SPI0:BSPIM:count_4\ * !\SD_CARD:SPI0:BSPIM:count_3\ * 
              !\SD_CARD:SPI0:BSPIM:count_2\ * \SD_CARD:SPI0:BSPIM:count_1\ * 
              !\SD_CARD:SPI0:BSPIM:count_0\ * !\SD_CARD:SPI0:BSPIM:ld_ident\
        );
        Output = \SD_CARD:SPI0:BSPIM:state_0\ (fanout=15)
        Properties               : 
        {
        }

    [McSlotId=1]: (empty)
    [McSlotId=2]:     MacroCell: Name=\SD_CARD:SPI0:BSPIM:state_1\, Mode=(D-Register) @ [UDB=(2,2)][LB=1][MC=2]
        Total # of inputs        : 10
        Total # of product terms : 4
        List of special equations: 
            Clock  = (\SD_CARD:Net_19\) => Global
            Clock Enable: True
        Main Equation            : 4 pterms
        !(
              !\SD_CARD:SPI0:BSPIM:state_2\ * !\SD_CARD:SPI0:BSPIM:state_1\ * 
              !\SD_CARD:SPI0:BSPIM:state_0\
            + !\SD_CARD:SPI0:BSPIM:state_2\ * \SD_CARD:SPI0:BSPIM:state_1\ * 
              \SD_CARD:SPI0:BSPIM:state_0\ * !\SD_CARD:SPI0:BSPIM:count_4\ * 
              !\SD_CARD:SPI0:BSPIM:count_3\ * !\SD_CARD:SPI0:BSPIM:count_2\ * 
              \SD_CARD:SPI0:BSPIM:count_1\ * !\SD_CARD:SPI0:BSPIM:count_0\ * 
              !\SD_CARD:SPI0:BSPIM:ld_ident\
            + !\SD_CARD:SPI0:BSPIM:state_2\ * \SD_CARD:SPI0:BSPIM:state_1\ * 
              \SD_CARD:SPI0:BSPIM:state_0\ * !\SD_CARD:SPI0:BSPIM:count_4\ * 
              !\SD_CARD:SPI0:BSPIM:count_3\ * \SD_CARD:SPI0:BSPIM:count_2\ * 
              \SD_CARD:SPI0:BSPIM:count_1\ * !\SD_CARD:SPI0:BSPIM:count_0\ * 
              !\SD_CARD:SPI0:BSPIM:tx_status_1\
            + \SD_CARD:SPI0:BSPIM:state_2\ * !\SD_CARD:SPI0:BSPIM:state_1\ * 
              \SD_CARD:SPI0:BSPIM:state_0\
        );
        Output = \SD_CARD:SPI0:BSPIM:state_1\ (fanout=15)
        Properties               : 
        {
        }

    [McSlotId=3]:     MacroCell: Name=\SD_CARD:SPI0:BSPIM:tx_status_0\, Mode=(Combinatorial) @ [UDB=(2,2)][LB=1][MC=3]
        Total # of inputs        : 3
        Total # of product terms : 1
            Clock Enable: True
        Main Equation            : 1 pterm
        (
              \SD_CARD:SPI0:BSPIM:state_2\ * !\SD_CARD:SPI0:BSPIM:state_1\ * 
              \SD_CARD:SPI0:BSPIM:state_0\
        );
        Output = \SD_CARD:SPI0:BSPIM:tx_status_0\ (fanout=1)
        Properties               : 
        {
        }
}

statusicell: Name =\SD_CARD:SPI0:BSPIM:RxStsReg\
    PORT MAP (
        clock => \SD_CARD:Net_19\ ,
        status_6 => \SD_CARD:SPI0:BSPIM:rx_status_6\ ,
        status_5 => \SD_CARD:SPI0:BSPIM:rx_status_5\ ,
        status_4 => \SD_CARD:SPI0:BSPIM:rx_status_4\ );
    Properties:
    {
        cy_force_order = 1
        cy_int_mask = "0000000"
        cy_md_select = "1000000"
    }
    Clock Polarity: Active High
    Clock Enable: True

UDB [UDB=(2,3)] is empty.
UDB [UDB=(2,4)] is empty.
UDB [UDB=(2,5)] is empty.
UDB [UDB=(3,0)] is empty.
UDB [UDB=(3,1)] contents:
LAB@[UDB=(3,1)][LB=0] #macrocells=2, #inputs=5, #pterms=6
{
    [McSlotId=0]:     MacroCell: Name=\SD_CARD:SPI0:BSPIM:cnt_enable\, Mode=(T-Register) @ [UDB=(3,1)][LB=0][MC=0]
        Total # of inputs        : 4
        Total # of product terms : 3
        List of special equations: 
            Clock  = (\SD_CARD:Net_19\) => Global
            Clock Enable: True
        Main Equation            : 3 pterms
        (
              !\SD_CARD:SPI0:BSPIM:state_2\ * !\SD_CARD:SPI0:BSPIM:state_1\ * 
              !\SD_CARD:SPI0:BSPIM:state_0\ * \SD_CARD:SPI0:BSPIM:cnt_enable\
            + \SD_CARD:SPI0:BSPIM:state_2\ * !\SD_CARD:SPI0:BSPIM:state_1\ * 
              \SD_CARD:SPI0:BSPIM:state_0\ * \SD_CARD:SPI0:BSPIM:cnt_enable\
            + \SD_CARD:SPI0:BSPIM:state_2\ * \SD_CARD:SPI0:BSPIM:state_1\ * 
              !\SD_CARD:SPI0:BSPIM:state_0\ * 
              !\SD_CARD:SPI0:BSPIM:cnt_enable\
        );
        Output = \SD_CARD:SPI0:BSPIM:cnt_enable\ (fanout=3)
        Properties               : 
        {
        }

    [McSlotId=1]: (empty)
    [McSlotId=2]:     MacroCell: Name=\SD_CARD:Net_22\, Mode=(D-Register) @ [UDB=(3,1)][LB=0][MC=2]
        Total # of inputs        : 4
        Total # of product terms : 3
        List of special equations: 
            Clock  = (\SD_CARD:Net_19\) => Global
            Clock Enable: True
        Main Equation            : 3 pterms
        (
              \SD_CARD:SPI0:BSPIM:state_2\ * \SD_CARD:SPI0:BSPIM:state_1\ * 
              \SD_CARD:Net_22\
            + \SD_CARD:SPI0:BSPIM:state_2\ * !\SD_CARD:SPI0:BSPIM:state_0\
            + \SD_CARD:SPI0:BSPIM:state_1\ * !\SD_CARD:SPI0:BSPIM:state_0\
        );
        Output = \SD_CARD:Net_22\ (fanout=2)
        Properties               : 
        {
        }

    [McSlotId=3]: (empty)
}

LAB@[UDB=(3,1)][LB=1] #macrocells=3, #inputs=7, #pterms=8
{
    [McSlotId=0]:     MacroCell: Name=\SD_CARD:SPI0:BSPIM:mosi_hs_reg\, Mode=(D-Register) @ [UDB=(3,1)][LB=1][MC=0]
        Total # of inputs        : 6
        Total # of product terms : 4
        List of special equations: 
            Clock  = (\SD_CARD:Net_19\) => Global
            Clock Enable: True
        Main Equation            : 4 pterms
        (
              !\SD_CARD:SPI0:BSPIM:state_2\ * \SD_CARD:SPI0:BSPIM:state_1\ * 
              \SD_CARD:SPI0:BSPIM:state_0\ * 
              \SD_CARD:SPI0:BSPIM:mosi_from_dp_reg\
            + \SD_CARD:SPI0:BSPIM:state_2\ * \SD_CARD:SPI0:BSPIM:state_1\ * 
              \SD_CARD:SPI0:BSPIM:state_0\ * 
              \SD_CARD:SPI0:BSPIM:mosi_from_dp\
            + !\SD_CARD:SPI0:BSPIM:state_1\ * 
              \SD_CARD:SPI0:BSPIM:mosi_hs_reg\
            + !\SD_CARD:SPI0:BSPIM:state_0\ * 
              \SD_CARD:SPI0:BSPIM:mosi_hs_reg\
        );
        Output = \SD_CARD:SPI0:BSPIM:mosi_hs_reg\ (fanout=2)
        Properties               : 
        {
        }

    [McSlotId=1]:     MacroCell: Name=\SD_CARD:SPI0:BSPIM:mosi_from_dp_reg\, Mode=(D-Register) @ [UDB=(3,1)][LB=1][MC=1]
        Total # of inputs        : 1
        Total # of product terms : 1
        List of special equations: 
            Clock  = (\SD_CARD:Net_19\) => Global
            Clock Enable: True
        Main Equation            : 1 pterm
        (
              \SD_CARD:SPI0:BSPIM:mosi_from_dp\
        );
        Output = \SD_CARD:SPI0:BSPIM:mosi_from_dp_reg\ (fanout=1)
        Properties               : 
        {
        }

    [McSlotId=2]:     MacroCell: Name=\SD_CARD:Net_10\, Mode=(Combinatorial) @ [UDB=(3,1)][LB=1][MC=2]
        Total # of inputs        : 5
        Total # of product terms : 3
            Clock Enable: True
        Main Equation            : 3 pterms
        (
              !\SD_CARD:SPI0:BSPIM:state_2\ * !\SD_CARD:Net_1\ * 
              \SD_CARD:SPI0:BSPIM:mosi_hs_reg\
            + \SD_CARD:SPI0:BSPIM:state_1\ * !\SD_CARD:Net_1\ * 
              \SD_CARD:SPI0:BSPIM:mosi_hs_reg\
            + !\SD_CARD:SPI0:BSPIM:state_0\ * !\SD_CARD:Net_1\ * 
              \SD_CARD:SPI0:BSPIM:mosi_hs_reg\
        );
        Output = \SD_CARD:Net_10\ (fanout=1)
        Properties               : 
        {
        }

    [McSlotId=3]: (empty)
}

synccell: Name =OLED_SDA(0)_SYNC
    PORT MAP (
        in => \I2COLED:Net_1109_1\ ,
        out => \I2COLED:Net_1109_1_SYNCOUT\ ,
        clock => ClockBlock_BUS_CLK );
    Properties:
    {
    }
    Clock Polarity: Active High
    Clock Enable: True

synccell: Name =OLED_SCL(0)_SYNC
    PORT MAP (
        in => \I2COLED:Net_1109_0\ ,
        out => \I2COLED:Net_1109_0_SYNCOUT\ ,
        clock => ClockBlock_BUS_CLK );
    Properties:
    {
    }
    Clock Polarity: Active High
    Clock Enable: True

UDB [UDB=(3,2)] contents:
LAB@[UDB=(3,2)][LB=0] #macrocells=2, #inputs=12, #pterms=7
{
    [McSlotId=0]:     MacroCell: Name=\SD_CARD:SPI0:BSPIM:mosi_pre_reg_split_1\, Mode=(Combinatorial) @ [UDB=(3,2)][LB=0][MC=0]
        Total # of inputs        : 10
        Total # of product terms : 6
            Clock Enable: True
        Main Equation            : 6 pterms
        !(
              !\SD_CARD:SPI0:BSPIM:state_2\ * \SD_CARD:SPI0:BSPIM:state_1\ * 
              !\SD_CARD:SPI0:BSPIM:count_4\ * !\SD_CARD:SPI0:BSPIM:count_3\ * 
              !\SD_CARD:SPI0:BSPIM:count_2\ * !\SD_CARD:SPI0:BSPIM:count_0\ * 
              !\SD_CARD:SPI0:BSPIM:ld_ident\
            + !\SD_CARD:SPI0:BSPIM:state_2\ * !\SD_CARD:SPI0:BSPIM:state_0\
            + !\SD_CARD:SPI0:BSPIM:state_2\ * 
              !\SD_CARD:SPI0:BSPIM:mosi_pre_reg\
            + \SD_CARD:SPI0:BSPIM:state_2\ * !\SD_CARD:SPI0:BSPIM:state_1\ * 
              \SD_CARD:SPI0:BSPIM:state_0\
            + \SD_CARD:SPI0:BSPIM:state_2\ * 
              !\SD_CARD:SPI0:BSPIM:mosi_from_dp\
            + \SD_CARD:SPI0:BSPIM:state_1\ * !\SD_CARD:SPI0:BSPIM:state_0\
        );
        Output = \SD_CARD:SPI0:BSPIM:mosi_pre_reg_split_1\ (fanout=1)
        Properties               : 
        {
        }

    [McSlotId=1]: (empty)
    [McSlotId=2]:     MacroCell: Name=\SD_CARD:SPI0:BSPIM:mosi_pre_reg\, Mode=(D-Register) @ [UDB=(3,2)][LB=0][MC=2]
        Total # of inputs        : 2
        Total # of product terms : 1
        List of special equations: 
            Clock  = (\SD_CARD:Net_19\) => Global
            Clock Enable: True
        Main Equation            : 1 pterm
        !(
              !\SD_CARD:SPI0:BSPIM:mosi_pre_reg_split\ * 
              !\SD_CARD:SPI0:BSPIM:mosi_pre_reg_split_1\
        );
        Output = \SD_CARD:SPI0:BSPIM:mosi_pre_reg\ (fanout=2)
        Properties               : 
        {
        }

    [McSlotId=3]: (empty)
}

LAB@[UDB=(3,2)][LB=1] #macrocells=1, #inputs=11, #pterms=8
{
    [McSlotId=0]:     MacroCell: Name=\SD_CARD:SPI0:BSPIM:mosi_pre_reg_split\, Mode=(Combinatorial) @ [UDB=(3,2)][LB=1][MC=0]
        Total # of inputs        : 11
        Total # of product terms : 8
            Clock Enable: True
        Main Equation            : 8 pterms
        (
              !\SD_CARD:SPI0:BSPIM:state_2\ * \SD_CARD:SPI0:BSPIM:state_1\ * 
              !\SD_CARD:SPI0:BSPIM:state_0\ * 
              \SD_CARD:SPI0:BSPIM:mosi_from_dp\ * 
              \SD_CARD:SPI0:BSPIM:count_4\
            + !\SD_CARD:SPI0:BSPIM:state_2\ * \SD_CARD:SPI0:BSPIM:state_1\ * 
              !\SD_CARD:SPI0:BSPIM:state_0\ * 
              \SD_CARD:SPI0:BSPIM:mosi_from_dp\ * 
              \SD_CARD:SPI0:BSPIM:count_3\
            + !\SD_CARD:SPI0:BSPIM:state_2\ * \SD_CARD:SPI0:BSPIM:state_1\ * 
              !\SD_CARD:SPI0:BSPIM:state_0\ * 
              \SD_CARD:SPI0:BSPIM:mosi_from_dp\ * 
              \SD_CARD:SPI0:BSPIM:count_2\
            + !\SD_CARD:SPI0:BSPIM:state_2\ * \SD_CARD:SPI0:BSPIM:state_1\ * 
              !\SD_CARD:SPI0:BSPIM:state_0\ * 
              \SD_CARD:SPI0:BSPIM:mosi_from_dp\ * 
              \SD_CARD:SPI0:BSPIM:count_1\
            + !\SD_CARD:SPI0:BSPIM:state_2\ * \SD_CARD:SPI0:BSPIM:state_1\ * 
              !\SD_CARD:SPI0:BSPIM:state_0\ * 
              \SD_CARD:SPI0:BSPIM:mosi_from_dp\ * 
              !\SD_CARD:SPI0:BSPIM:count_0\
            + \SD_CARD:SPI0:BSPIM:state_2\ * \SD_CARD:SPI0:BSPIM:state_1\ * 
              !\SD_CARD:SPI0:BSPIM:state_0\ * 
              \SD_CARD:SPI0:BSPIM:mosi_pre_reg\
            + \SD_CARD:SPI0:BSPIM:state_1\ * !\SD_CARD:SPI0:BSPIM:state_0\ * 
              !\SD_CARD:SPI0:BSPIM:count_4\ * !\SD_CARD:SPI0:BSPIM:count_3\ * 
              !\SD_CARD:SPI0:BSPIM:count_2\ * !\SD_CARD:SPI0:BSPIM:count_1\ * 
              \SD_CARD:SPI0:BSPIM:count_0\ * 
              \SD_CARD:SPI0:BSPIM:mosi_pre_reg\
            + \SD_CARD:SPI0:BSPIM:state_1\ * \SD_CARD:SPI0:BSPIM:state_0\ * 
              \SD_CARD:SPI0:BSPIM:mosi_from_dp\ * 
              !\SD_CARD:SPI0:BSPIM:count_4\ * !\SD_CARD:SPI0:BSPIM:count_3\ * 
              !\SD_CARD:SPI0:BSPIM:count_2\ * !\SD_CARD:SPI0:BSPIM:count_1\ * 
              !\SD_CARD:SPI0:BSPIM:count_0\ * !\SD_CARD:SPI0:BSPIM:ld_ident\
        );
        Output = \SD_CARD:SPI0:BSPIM:mosi_pre_reg_split\ (fanout=1)
        Properties               : 
        {
        }

    [McSlotId=1]: (empty)
    [McSlotId=2]: (empty)
    [McSlotId=3]: (empty)
}

count7cell: Name =\SD_CARD:SPI0:BSPIM:BitCounter\
    PORT MAP (
        clock => \SD_CARD:Net_19\ ,
        enable => \SD_CARD:SPI0:BSPIM:cnt_enable\ ,
        count_6 => \SD_CARD:SPI0:BSPIM:count_6\ ,
        count_5 => \SD_CARD:SPI0:BSPIM:count_5\ ,
        count_4 => \SD_CARD:SPI0:BSPIM:count_4\ ,
        count_3 => \SD_CARD:SPI0:BSPIM:count_3\ ,
        count_2 => \SD_CARD:SPI0:BSPIM:count_2\ ,
        count_1 => \SD_CARD:SPI0:BSPIM:count_1\ ,
        count_0 => \SD_CARD:SPI0:BSPIM:count_0\ ,
        tc => \SD_CARD:SPI0:BSPIM:cnt_tc\ );
    Properties:
    {
        cy_alt_mode = 0
        cy_init_value = "0000000"
        cy_period = "0001111"
        cy_route_en = 1
        cy_route_ld = 0
    }
    Clock Polarity: Active High
    Clock Enable: True

UDB [UDB=(3,3)] is empty.
UDB [UDB=(3,4)] is empty.
UDB [UDB=(3,5)] is empty.
Intr container @ [IntrContainer=(0)]: 
  Intr@ [IntrContainer=(0)][IntrId=(15)] 
    interrupt: Name =\I2COLED:I2C_IRQ\
        PORT MAP (
            interrupt => \I2COLED:Net_697\ );
        Properties:
        {
            int_type = "00"
            is_nmi = 0
        }
Drq container @ [DrqContainer=(0)]: empty
Port 0 contains the following IO cells:
Port 1 contains the following IO cells:
Port 2 contains the following IO cells:
Port 3 contains the following IO cells:
Port 4 contains the following IO cells:
Port 5 contains the following IO cells:
Port 6 contains the following IO cells:
Port 12 contains the following IO cells:
[IoId=0]: 
Pin : Name = OLED_SCL(0)
    Attributes:
        In Group/Port: True
        In Sync Option: SYNC
        Out Sync Option: NOSYNC
        Interrupt generated: False
        Interrupt mode: NONE
        Drive mode: RES_PULL_UP
        VTrip: LVTTL
        Slew: FAST
        Input Sync needed: False
        Output Sync needed: False
        SC shield enabled: False
        POR State: ANY
        LCD Mode: COMMON
        Register Mode: RegComb
        CaSense Mode: NEITHER
        Treat as pin: True
        Is OE Registered: False
        Uses Analog: False
        Can contain Digital: True
        Is SIO: False
        SIO Output Buf: NONREGULATED
        SIO Input Buf: SINGLE_ENDED
        SIO HiFreq: LOW
        SIO Hyst: DISABLED
        SIO Vtrip: MULTIPLIER_0_5
        SIO Multiplier Index: 0
        SIO RefSel: VCC_IO
        Required Capabilities: DIGITAL, ROUTABLE
        Initial Value: 1
        IO Voltage: 0
    PORT MAP (
        pa_out => OLED_SCL(0)__PA ,
        fb => \I2COLED:Net_1109_0\ ,
        pin_input => \I2COLED:Net_643_0\ ,
        pad => OLED_SCL(0)_PAD );
    Properties:
    {
    }

[IoId=1]: 
Pin : Name = OLED_SDA(0)
    Attributes:
        In Group/Port: True
        In Sync Option: SYNC
        Out Sync Option: NOSYNC
        Interrupt generated: False
        Interrupt mode: NONE
        Drive mode: RES_PULL_UP
        VTrip: LVTTL
        Slew: FAST
        Input Sync needed: False
        Output Sync needed: False
        SC shield enabled: False
        POR State: ANY
        LCD Mode: COMMON
        Register Mode: RegComb
        CaSense Mode: NEITHER
        Treat as pin: True
        Is OE Registered: False
        Uses Analog: False
        Can contain Digital: True
        Is SIO: False
        SIO Output Buf: NONREGULATED
        SIO Input Buf: SINGLE_ENDED
        SIO HiFreq: LOW
        SIO Hyst: DISABLED
        SIO Vtrip: MULTIPLIER_0_5
        SIO Multiplier Index: 0
        SIO RefSel: VCC_IO
        Required Capabilities: DIGITAL, ROUTABLE
        Initial Value: 1
        IO Voltage: 0
    PORT MAP (
        pa_out => OLED_SDA(0)__PA ,
        fb => \I2COLED:Net_1109_1\ ,
        pin_input => \I2COLED:sda_x_wire\ ,
        pad => OLED_SDA(0)_PAD );
    Properties:
    {
    }

[IoId=6]: 
Pin : Name = SDD_DET(0)
    Attributes:
        In Group/Port: True
        In Sync Option: NOSYNC
        Out Sync Option: AUTO
        Interrupt generated: False
        Interrupt mode: NONE
        Drive mode: HI_Z_DIGITAL
        VTrip: EITHER
        Slew: FAST
        Input Sync needed: False
        Output Sync needed: False
        SC shield enabled: False
        POR State: ANY
        LCD Mode: COMMON
        Register Mode: RegComb
        CaSense Mode: NEITHER
        Treat as pin: True
        Is OE Registered: False
        Uses Analog: False
        Can contain Digital: True
        Is SIO: False
        SIO Output Buf: NONREGULATED
        SIO Input Buf: SINGLE_ENDED
        SIO HiFreq: LOW
        SIO Hyst: DISABLED
        SIO Vtrip: MULTIPLIER_0_5
        SIO Multiplier Index: 0
        SIO RefSel: VCC_IO
        Required Capabilities: DIGITAL
        Initial Value: 0
        IO Voltage: 0
    PORT MAP (
        pa_out => SDD_DET(0)__PA ,
        pad => SDD_DET(0)_PAD );
    Properties:
    {
    }

Port 15 contains the following IO cells:
[IoId=0]: 
Pin : Name = \SD_CARD:miso0(0)\
    Attributes:
        In Group/Port: True
        In Sync Option: NOSYNC
        Out Sync Option: AUTO
        Interrupt generated: False
        Interrupt mode: NONE
        Drive mode: HI_Z_DIGITAL
        VTrip: CMOS
        Slew: FAST
        Input Sync needed: False
        Output Sync needed: False
        SC shield enabled: False
        POR State: ANY
        LCD Mode: COMMON
        Register Mode: RegComb
        CaSense Mode: NEITHER
        Treat as pin: True
        Is OE Registered: False
        Uses Analog: False
        Can contain Digital: True
        Is SIO: False
        SIO Output Buf: NONREGULATED
        SIO Input Buf: SINGLE_ENDED
        SIO HiFreq: LOW
        SIO Hyst: DISABLED
        SIO Vtrip: MULTIPLIER_0_5
        SIO Multiplier Index: 0
        SIO RefSel: VCC_IO
        Required Capabilities: DIGITAL, ROUTABLE
        Initial Value: 0
        IO Voltage: 0
    PORT MAP (
        pa_out => \SD_CARD:miso0(0)\__PA ,
        fb => \SD_CARD:Net_16\ ,
        pad => \SD_CARD:miso0(0)_PAD\ );
    Properties:
    {
    }

[IoId=1]: 
Pin : Name = \SD_CARD:sclk0(0)\
    Attributes:
        In Group/Port: True
        In Sync Option: AUTO
        Out Sync Option: NOSYNC
        Interrupt generated: False
        Interrupt mode: NONE
        Drive mode: CMOS_OUT
        VTrip: EITHER
        Slew: FAST
        Input Sync needed: False
        Output Sync needed: False
        SC shield enabled: False
        POR State: ANY
        LCD Mode: COMMON
        Register Mode: RegComb
        CaSense Mode: NEITHER
        Treat as pin: True
        Is OE Registered: False
        Uses Analog: False
        Can contain Digital: True
        Is SIO: False
        SIO Output Buf: NONREGULATED
        SIO Input Buf: SINGLE_ENDED
        SIO HiFreq: LOW
        SIO Hyst: DISABLED
        SIO Vtrip: MULTIPLIER_0_5
        SIO Multiplier Index: 0
        SIO RefSel: VCC_IO
        Required Capabilities: DIGITAL, ROUTABLE
        Initial Value: 0
        IO Voltage: 0
    PORT MAP (
        pa_out => \SD_CARD:sclk0(0)\__PA ,
        pin_input => \SD_CARD:Net_22\ ,
        pad => \SD_CARD:sclk0(0)_PAD\ );
    Properties:
    {
    }

[IoId=2]: 
Pin : Name = \SD_CARD:mosi0(0)\
    Attributes:
        In Group/Port: True
        In Sync Option: AUTO
        Out Sync Option: NOSYNC
        Interrupt generated: False
        Interrupt mode: NONE
        Drive mode: CMOS_OUT
        VTrip: EITHER
        Slew: FAST
        Input Sync needed: False
        Output Sync needed: False
        SC shield enabled: False
        POR State: ANY
        LCD Mode: COMMON
        Register Mode: RegComb
        CaSense Mode: NEITHER
        Treat as pin: True
        Is OE Registered: False
        Uses Analog: False
        Can contain Digital: True
        Is SIO: False
        SIO Output Buf: NONREGULATED
        SIO Input Buf: SINGLE_ENDED
        SIO HiFreq: LOW
        SIO Hyst: DISABLED
        SIO Vtrip: MULTIPLIER_0_5
        SIO Multiplier Index: 0
        SIO RefSel: VCC_IO
        Required Capabilities: DIGITAL, ROUTABLE
        Initial Value: 0
        IO Voltage: 0
    PORT MAP (
        pa_out => \SD_CARD:mosi0(0)\__PA ,
        pin_input => \SD_CARD:Net_10\ ,
        pad => \SD_CARD:mosi0(0)_PAD\ );
    Properties:
    {
    }

[IoId=3]: 
Pin : Name = \SD_CARD:SPI0_CS(0)\
    Attributes:
        In Group/Port: True
        In Sync Option: AUTO
        Out Sync Option: NOSYNC
        Interrupt generated: False
        Interrupt mode: NONE
        Drive mode: CMOS_OUT
        VTrip: EITHER
        Slew: FAST
        Input Sync needed: False
        Output Sync needed: False
        SC shield enabled: False
        POR State: ANY
        LCD Mode: COMMON
        Register Mode: RegComb
        CaSense Mode: NEITHER
        Treat as pin: True
        Is OE Registered: False
        Uses Analog: False
        Can contain Digital: True
        Is SIO: False
        SIO Output Buf: NONREGULATED
        SIO Input Buf: SINGLE_ENDED
        SIO HiFreq: LOW
        SIO Hyst: DISABLED
        SIO Vtrip: MULTIPLIER_0_5
        SIO Multiplier Index: 0
        SIO RefSel: VCC_IO
        Required Capabilities: DIGITAL
        Initial Value: 0
        IO Voltage: 0
    PORT MAP (
        pa_out => \SD_CARD:SPI0_CS(0)\__PA ,
        pad => \SD_CARD:SPI0_CS(0)_PAD\ );
    Properties:
    {
    }

ARM group 0: empty
CAN group 0: empty
Cache group 0: empty
CapSense group 0: empty
Clock group 0: 
    Clock Block @ F(Clock,0): 
    clockblockcell: Name =ClockBlock
        PORT MAP (
            imo => ClockBlock_IMO ,
            pllout => ClockBlock_PLL_OUT ,
            ilo => ClockBlock_ILO ,
            clk_100k => ClockBlock_100k ,
            clk_1k => ClockBlock_1k ,
            clk_32k => ClockBlock_32k ,
            xtal => ClockBlock_XTAL ,
            clk_32k_xtal => ClockBlock_XTAL_32KHZ ,
            clk_sync => ClockBlock_MASTER_CLK ,
            clk_bus_glb => ClockBlock_BUS_CLK ,
            clk_bus => ClockBlock_BUS_CLK_local ,
            dclk_glb_0 => \SD_CARD:Net_19\ ,
            dclk_0 => \SD_CARD:Net_19_local\ );
        Properties:
        {
        }
Comparator group 0: empty
DFB group 0: empty
DSM group 0: empty
Decimator group 0: empty
EMIF group 0: empty
I2C group 0: 
    I2C Block @ F(I2C,0): 
    i2ccell: Name =\I2COLED:I2C_FF\
        PORT MAP (
            clock => ClockBlock_BUS_CLK ,
            scl_in => \I2COLED:Net_1109_0\ ,
            sda_in => \I2COLED:Net_1109_1\ ,
            scl_out => \I2COLED:Net_643_0\ ,
            sda_out => \I2COLED:sda_x_wire\ ,
            interrupt => \I2COLED:Net_697\ );
        Properties:
        {
            cy_registers = ""
            use_wakeup = 0
        }
LCD group 0: empty
LVD group 0: empty
PICU group 0: empty
PM group 0: empty
SC group 0: empty
SPC group 0: empty
Timer group 0: empty
USB group 0: empty
VIDAC group 0: empty
OpAmp group 0: empty
CsAbuf group 0: empty
Vref group 0: empty
LPF group 0: empty
SAR group 0: empty
ANAIF group 0: empty
PHUB group 0: empty
</CYPRESSTAG>
<CYPRESSTAG name="Port Configuration Details">

------------------------------------------------------------
Port Configuration report
------------------------------------------------------------
     |     |       | Interrupt |                  |                      | 
Port | Pin | Fixed |      Type |       Drive Mode |                 Name | Connections
-----+-----+-------+-----------+------------------+----------------------+---------------------------------------------------
  12 |   0 |     * |      NONE |      RES_PULL_UP |          OLED_SCL(0) | FB(\I2COLED:Net_1109_0\), In(\I2COLED:Net_643_0\)
     |   1 |     * |      NONE |      RES_PULL_UP |          OLED_SDA(0) | FB(\I2COLED:Net_1109_1\), In(\I2COLED:sda_x_wire\)
     |   6 |     * |      NONE |     HI_Z_DIGITAL |           SDD_DET(0) | 
-----+-----+-------+-----------+------------------+----------------------+---------------------------------------------------
  15 |   0 |     * |      NONE |     HI_Z_DIGITAL |   \SD_CARD:miso0(0)\ | FB(\SD_CARD:Net_16\)
     |   1 |     * |      NONE |         CMOS_OUT |   \SD_CARD:sclk0(0)\ | In(\SD_CARD:Net_22\)
     |   2 |     * |      NONE |         CMOS_OUT |   \SD_CARD:mosi0(0)\ | In(\SD_CARD:Net_10\)
     |   3 |     * |      NONE |         CMOS_OUT | \SD_CARD:SPI0_CS(0)\ | 
-----------------------------------------------------------------------------------------------------------------------------
</CYPRESSTAG>
</CYPRESSTAG>
</CYPRESSTAG>
Digital component placer commit/Report: Elapsed time ==> 0s.046ms
Digital Placement phase: Elapsed time ==> 1s.390ms
</CYPRESSTAG>
<CYPRESSTAG name="Digital Routing">
"D:\Cypress\PSoC Creator\4.4\PSoC Creator\bin/sjrouter.exe" --xml-path "D:\Cypress\PSoC Creator\4.4\PSoC Creator\dev\psoc5/psoc5lp/route_arch-rrg.cydata" --vh2-path "psoc5_u8g2_r.vh2" --pcf-path "psoc5_u8g2.pco" --des-name "psoc5_u8g2" --dsf-path "psoc5_u8g2.dsf" --sdc-path "psoc5_u8g2.sdc" --lib-path "psoc5_u8g2_r.lib"
Routing successful.
Digital Routing phase: Elapsed time ==> 1s.750ms
</CYPRESSTAG>
<CYPRESSTAG name="Bitstream Generation">
Bitstream Generation phase: Elapsed time ==> 0s.187ms
</CYPRESSTAG>
<CYPRESSTAG name="Bitstream Verification">
Bitstream Verification phase: Elapsed time ==> 0s.031ms
</CYPRESSTAG>
<CYPRESSTAG name="Static timing analysis">
Timing report is in psoc5_u8g2_timing.html.
Static timing analysis phase: Elapsed time ==> 0s.390ms
</CYPRESSTAG>
<CYPRESSTAG name="Data reporting">
Data reporting phase: Elapsed time ==> 0s.000ms
</CYPRESSTAG>
<CYPRESSTAG name="Database update...">
Design database save phase: Elapsed time ==> 0s.218ms
</CYPRESSTAG>
cydsfit: Elapsed time ==> 4s.562ms
</CYPRESSTAG>
Fitter phase: Elapsed time ==> 4s.562ms
API generation phase: Elapsed time ==> 1s.421ms
Dependency generation phase: Elapsed time ==> 0s.015ms
Cleanup phase: Elapsed time ==> 0s.000ms
