--------------- Rebuild Started: 06/07/2023 12:16:27 Project: psoc5_u8g2, Configuration: ARM GCC 5.4-2016-q2-update Release ---------------
Deleting file ".\CortexM3\ARM_GCC_541\Release\mui.o"
Deleting file ".\CortexM3\ARM_GCC_541\Release\mui_u8g2.o"
Deleting file ".\CortexM3\ARM_GCC_541\Release\u8g2_bitmap.o"
Deleting file ".\CortexM3\ARM_GCC_541\Release\u8g2_box.o"
Deleting file ".\CortexM3\ARM_GCC_541\Release\u8g2_buffer.o"
Deleting file ".\CortexM3\ARM_GCC_541\Release\u8g2_button.o"
Deleting file ".\CortexM3\ARM_GCC_541\Release\u8g2_circle.o"
Deleting file ".\CortexM3\ARM_GCC_541\Release\u8g2_cleardisplay.o"
Deleting file ".\CortexM3\ARM_GCC_541\Release\u8g2_d_memory.o"
Deleting file ".\CortexM3\ARM_GCC_541\Release\u8g2_d_setup.o"
Deleting file ".\CortexM3\ARM_GCC_541\Release\u8g2_font.o"
Deleting file ".\CortexM3\ARM_GCC_541\Release\u8g2_fonts.o"
Deleting file ".\CortexM3\ARM_GCC_541\Release\u8g2_hvline.o"
Deleting file ".\CortexM3\ARM_GCC_541\Release\u8g2_input_value.o"
Deleting file ".\CortexM3\ARM_GCC_541\Release\u8g2_intersection.o"
Deleting file ".\CortexM3\ARM_GCC_541\Release\u8g2_kerning.o"
Deleting file ".\CortexM3\ARM_GCC_541\Release\u8g2_line.o"
Deleting file ".\CortexM3\ARM_GCC_541\Release\u8g2_ll_hvline.o"
Deleting file ".\CortexM3\ARM_GCC_541\Release\u8g2_message.o"
Deleting file ".\CortexM3\ARM_GCC_541\Release\u8g2_polygon.o"
Deleting file ".\CortexM3\ARM_GCC_541\Release\u8g2_selection_list.o"
Deleting file ".\CortexM3\ARM_GCC_541\Release\u8g2_setup.o"
Deleting file ".\CortexM3\ARM_GCC_541\Release\u8log.o"
Deleting file ".\CortexM3\ARM_GCC_541\Release\u8log_u8g2.o"
Deleting file ".\CortexM3\ARM_GCC_541\Release\u8log_u8x8.o"
Deleting file ".\CortexM3\ARM_GCC_541\Release\u8x8_8x8.o"
Deleting file ".\CortexM3\ARM_GCC_541\Release\u8x8_byte.o"
Deleting file ".\CortexM3\ARM_GCC_541\Release\u8x8_cad.o"
Deleting file ".\CortexM3\ARM_GCC_541\Release\u8x8_capture.o"
Deleting file ".\CortexM3\ARM_GCC_541\Release\u8x8_d_a2printer.o"
Deleting file ".\CortexM3\ARM_GCC_541\Release\u8x8_d_gp1247ai.o"
Deleting file ".\CortexM3\ARM_GCC_541\Release\u8x8_d_gp1287ai.o"
Deleting file ".\CortexM3\ARM_GCC_541\Release\u8x8_d_gu800.o"
Deleting file ".\CortexM3\ARM_GCC_541\Release\u8x8_d_hd44102.o"
Deleting file ".\CortexM3\ARM_GCC_541\Release\u8x8_d_il3820_296x128.o"
Deleting file ".\CortexM3\ARM_GCC_541\Release\u8x8_d_ist3020.o"
Deleting file ".\CortexM3\ARM_GCC_541\Release\u8x8_d_ist3088.o"
Deleting file ".\CortexM3\ARM_GCC_541\Release\u8x8_d_ist7920.o"
Deleting file ".\CortexM3\ARM_GCC_541\Release\u8x8_d_ks0108.o"
Deleting file ".\CortexM3\ARM_GCC_541\Release\u8x8_d_lc7981.o"
Deleting file ".\CortexM3\ARM_GCC_541\Release\u8x8_d_ld7032_60x32.o"
Deleting file ".\CortexM3\ARM_GCC_541\Release\u8x8_d_ls013b7dh03.o"
Deleting file ".\CortexM3\ARM_GCC_541\Release\u8x8_d_max7219.o"
Deleting file ".\CortexM3\ARM_GCC_541\Release\u8x8_d_pcd8544_84x48.o"
Deleting file ".\CortexM3\ARM_GCC_541\Release\u8x8_d_pcf8812.o"
Deleting file ".\CortexM3\ARM_GCC_541\Release\u8x8_d_pcf8814_hx1230.o"
Deleting file ".\CortexM3\ARM_GCC_541\Release\u8x8_d_s1d15e06.o"
Deleting file ".\CortexM3\ARM_GCC_541\Release\u8x8_d_s1d15300.o"
Deleting file ".\CortexM3\ARM_GCC_541\Release\u8x8_d_s1d15721.o"
Deleting file ".\CortexM3\ARM_GCC_541\Release\u8x8_d_sbn1661.o"
Deleting file ".\CortexM3\ARM_GCC_541\Release\u8x8_d_sed1330.o"
Deleting file ".\CortexM3\ARM_GCC_541\Release\u8x8_d_sh1106_64x32.o"
Deleting file ".\CortexM3\ARM_GCC_541\Release\u8x8_d_sh1106_72x40.o"
Deleting file ".\CortexM3\ARM_GCC_541\Release\u8x8_d_sh1107.o"
Deleting file ".\CortexM3\ARM_GCC_541\Release\u8x8_d_sh1108.o"
Deleting file ".\CortexM3\ARM_GCC_541\Release\u8x8_d_sh1122.o"
Deleting file ".\CortexM3\ARM_GCC_541\Release\u8x8_d_ssd1305.o"
Deleting file ".\CortexM3\ARM_GCC_541\Release\u8x8_d_ssd1306_48x64.o"
Deleting file ".\CortexM3\ARM_GCC_541\Release\u8x8_d_ssd1306_64x32.o"
Deleting file ".\CortexM3\ARM_GCC_541\Release\u8x8_d_ssd1306_64x48.o"
Deleting file ".\CortexM3\ARM_GCC_541\Release\u8x8_d_ssd1306_72x40.o"
Deleting file ".\CortexM3\ARM_GCC_541\Release\u8x8_d_ssd1306_96x16.o"
Deleting file ".\CortexM3\ARM_GCC_541\Release\u8x8_d_ssd1306_96x40.o"
Deleting file ".\CortexM3\ARM_GCC_541\Release\u8x8_d_ssd1306_128x32.o"
Deleting file ".\CortexM3\ARM_GCC_541\Release\u8x8_d_ssd1306_128x64_noname.o"
Deleting file ".\CortexM3\ARM_GCC_541\Release\u8x8_d_ssd1306_2040x16.o"
Deleting file ".\CortexM3\ARM_GCC_541\Release\u8x8_d_ssd1309.o"
Deleting file ".\CortexM3\ARM_GCC_541\Release\u8x8_d_ssd1316.o"
Deleting file ".\CortexM3\ARM_GCC_541\Release\u8x8_d_ssd1317.o"
Deleting file ".\CortexM3\ARM_GCC_541\Release\u8x8_d_ssd1318.o"
Deleting file ".\CortexM3\ARM_GCC_541\Release\u8x8_d_ssd1320.o"
Deleting file ".\CortexM3\ARM_GCC_541\Release\u8x8_d_ssd1322.o"
Deleting file ".\CortexM3\ARM_GCC_541\Release\u8x8_d_ssd1325.o"
Deleting file ".\CortexM3\ARM_GCC_541\Release\u8x8_d_ssd1326.o"
Deleting file ".\CortexM3\ARM_GCC_541\Release\u8x8_d_ssd1327.o"
Deleting file ".\CortexM3\ARM_GCC_541\Release\u8x8_d_ssd1329.o"
Deleting file ".\CortexM3\ARM_GCC_541\Release\u8x8_d_ssd1362.o"
Deleting file ".\CortexM3\ARM_GCC_541\Release\u8x8_d_ssd1606_172x72.o"
Deleting file ".\CortexM3\ARM_GCC_541\Release\u8x8_d_ssd1607_200x200.o"
Deleting file ".\CortexM3\ARM_GCC_541\Release\u8x8_d_st7511.o"
Deleting file ".\CortexM3\ARM_GCC_541\Release\u8x8_d_st7528.o"
Deleting file ".\CortexM3\ARM_GCC_541\Release\u8x8_d_st7539.o"
Deleting file ".\CortexM3\ARM_GCC_541\Release\u8x8_d_st7565.o"
Deleting file ".\CortexM3\ARM_GCC_541\Release\u8x8_d_st7567.o"
Deleting file ".\CortexM3\ARM_GCC_541\Release\u8x8_d_st7571.o"
Deleting file ".\CortexM3\ARM_GCC_541\Release\u8x8_d_st7586s_erc240160.o"
Deleting file ".\CortexM3\ARM_GCC_541\Release\u8x8_d_st7586s_jlx384160.o"
Deleting file ".\CortexM3\ARM_GCC_541\Release\u8x8_d_st7586s_s028hn118a.o"
Deleting file ".\CortexM3\ARM_GCC_541\Release\u8x8_d_st7586s_ymc240160.o"
Deleting file ".\CortexM3\ARM_GCC_541\Release\u8x8_d_st7588.o"
Deleting file ".\CortexM3\ARM_GCC_541\Release\u8x8_d_st7920.o"
Deleting file ".\CortexM3\ARM_GCC_541\Release\u8x8_d_st75160.o"
Deleting file ".\CortexM3\ARM_GCC_541\Release\u8x8_d_st75256.o"
Deleting file ".\CortexM3\ARM_GCC_541\Release\u8x8_d_st75320.o"
Deleting file ".\CortexM3\ARM_GCC_541\Release\u8x8_d_stdio.o"
Deleting file ".\CortexM3\ARM_GCC_541\Release\u8x8_d_t6963.o"
Deleting file ".\CortexM3\ARM_GCC_541\Release\u8x8_d_uc1601.o"
Deleting file ".\CortexM3\ARM_GCC_541\Release\u8x8_d_uc1604.o"
Deleting file ".\CortexM3\ARM_GCC_541\Release\u8x8_d_uc1608.o"
Deleting file ".\CortexM3\ARM_GCC_541\Release\u8x8_d_uc1609.o"
Deleting file ".\CortexM3\ARM_GCC_541\Release\u8x8_d_uc1610.o"
Deleting file ".\CortexM3\ARM_GCC_541\Release\u8x8_d_uc1611.o"
Deleting file ".\CortexM3\ARM_GCC_541\Release\u8x8_d_uc1617.o"
Deleting file ".\CortexM3\ARM_GCC_541\Release\u8x8_d_uc1638.o"
Deleting file ".\CortexM3\ARM_GCC_541\Release\u8x8_d_uc1701_dogs102.o"
Deleting file ".\CortexM3\ARM_GCC_541\Release\u8x8_d_uc1701_mini12864.o"
Deleting file ".\CortexM3\ARM_GCC_541\Release\u8x8_debounce.o"
Deleting file ".\CortexM3\ARM_GCC_541\Release\u8x8_display.o"
Deleting file ".\CortexM3\ARM_GCC_541\Release\u8x8_fonts.o"
Deleting file ".\CortexM3\ARM_GCC_541\Release\u8x8_gpio.o"
Deleting file ".\CortexM3\ARM_GCC_541\Release\u8x8_input_value.o"
Deleting file ".\CortexM3\ARM_GCC_541\Release\u8x8_message.o"
Deleting file ".\CortexM3\ARM_GCC_541\Release\u8x8_selection_list.o"
Deleting file ".\CortexM3\ARM_GCC_541\Release\u8x8_setup.o"
Deleting file ".\CortexM3\ARM_GCC_541\Release\u8x8_string.o"
Deleting file ".\CortexM3\ARM_GCC_541\Release\u8x8_u8toa.o"
Deleting file ".\CortexM3\ARM_GCC_541\Release\u8x8_u16toa.o"
Deleting file ".\CortexM3\ARM_GCC_541\Release\main.o"
Deleting file ".\CortexM3\ARM_GCC_541\Release\u8x8_psoc.o"
Deleting file ".\CortexM3\ARM_GCC_541\Release\u8g2_font_zx_8rf1b0.o"
Deleting file ".\CortexM3\ARM_GCC_541\Release\.deps\SOURCE_C__ARM_GCC_GENERIC.P"
cydsfit.exe -.appdatapath "C:\Users\steev\AppData\Local\Cypress Semiconductor\PSoC Creator\4.4" -.fdsnotice -.fdswarpdepfile=warp_dependencies.txt -.fdselabdepfile=elab_dependencies.txt -.fdsbldfile=generated_files.txt -.fdsreffile=referenced_files.txt -p "C:\Users\steev\OneDrive\Dokumenty\PSoC Creator\PSoCWorkspace\psoc5_u8g2.cydsn\psoc5_u8g2.cyprj" -d CY8C5868AXI-LP035 -s "C:\Users\steev\OneDrive\Dokumenty\PSoC Creator\PSoCWorkspace\psoc5_u8g2.cydsn\Generated_Source\PSoC5" -- -yv2 -q10 -ygs -o2 -v3 -.fftcfgtype=LE
Elaborating Design...
HDL Generation...
Synthesis...
Tech Mapping...
Analog Placement...
Analog Routing...
Analog Code Generation...
Digital Placement...
Digital Routing...
Bitstream Generation...
Bitstream Verification...
Static timing analysis...
API Generation...
Dependency Generation...
Cleanup...
arm-none-eabi-gcc.exe -mcpu=cortex-m3 -mthumb -I.\emFile_V322c\Code\Include\PSoC5\emf32nOS -I.\emFile_V322c\Code\Include\PSoC5 -I.\u8g2\csrc -I.\media -I. -IGenerated_Source\PSoC5 -Wa,-alh=.\CortexM3\ARM_GCC_541\Release/mui.lst -D NDEBUG -D CY_CORE_ID=0 -Wall -ffunction-sections -ffat-lto-objects -Os -fdata-sections -c u8g2\csrc\mui.c -o .\CortexM3\ARM_GCC_541\Release\mui.o
arm-none-eabi-gcc.exe -mcpu=cortex-m3 -mthumb -I.\emFile_V322c\Code\Include\PSoC5\emf32nOS -I.\emFile_V322c\Code\Include\PSoC5 -I.\u8g2\csrc -I.\media -I. -IGenerated_Source\PSoC5 -Wa,-alh=.\CortexM3\ARM_GCC_541\Release/mui_u8g2.lst -D NDEBUG -D CY_CORE_ID=0 -Wall -ffunction-sections -ffat-lto-objects -Os -fdata-sections -c u8g2\csrc\mui_u8g2.c -o .\CortexM3\ARM_GCC_541\Release\mui_u8g2.o
arm-none-eabi-gcc.exe -mcpu=cortex-m3 -mthumb -I.\emFile_V322c\Code\Include\PSoC5\emf32nOS -I.\emFile_V322c\Code\Include\PSoC5 -I.\u8g2\csrc -I.\media -I. -IGenerated_Source\PSoC5 -Wa,-alh=.\CortexM3\ARM_GCC_541\Release/u8g2_bitmap.lst -D NDEBUG -D CY_CORE_ID=0 -Wall -ffunction-sections -ffat-lto-objects -Os -fdata-sections -c u8g2\csrc\u8g2_bitmap.c -o .\CortexM3\ARM_GCC_541\Release\u8g2_bitmap.o
arm-none-eabi-gcc.exe -mcpu=cortex-m3 -mthumb -I.\emFile_V322c\Code\Include\PSoC5\emf32nOS -I.\emFile_V322c\Code\Include\PSoC5 -I.\u8g2\csrc -I.\media -I. -IGenerated_Source\PSoC5 -Wa,-alh=.\CortexM3\ARM_GCC_541\Release/u8g2_box.lst -D NDEBUG -D CY_CORE_ID=0 -Wall -ffunction-sections -ffat-lto-objects -Os -fdata-sections -c u8g2\csrc\u8g2_box.c -o .\CortexM3\ARM_GCC_541\Release\u8g2_box.o
arm-none-eabi-gcc.exe -mcpu=cortex-m3 -mthumb -I.\emFile_V322c\Code\Include\PSoC5\emf32nOS -I.\emFile_V322c\Code\Include\PSoC5 -I.\u8g2\csrc -I.\media -I. -IGenerated_Source\PSoC5 -Wa,-alh=.\CortexM3\ARM_GCC_541\Release/u8g2_buffer.lst -D NDEBUG -D CY_CORE_ID=0 -Wall -ffunction-sections -ffat-lto-objects -Os -fdata-sections -c u8g2\csrc\u8g2_buffer.c -o .\CortexM3\ARM_GCC_541\Release\u8g2_buffer.o
arm-none-eabi-gcc.exe -mcpu=cortex-m3 -mthumb -I.\emFile_V322c\Code\Include\PSoC5\emf32nOS -I.\emFile_V322c\Code\Include\PSoC5 -I.\u8g2\csrc -I.\media -I. -IGenerated_Source\PSoC5 -Wa,-alh=.\CortexM3\ARM_GCC_541\Release/u8g2_button.lst -D NDEBUG -D CY_CORE_ID=0 -Wall -ffunction-sections -ffat-lto-objects -Os -fdata-sections -c u8g2\csrc\u8g2_button.c -o .\CortexM3\ARM_GCC_541\Release\u8g2_button.o
arm-none-eabi-gcc.exe -mcpu=cortex-m3 -mthumb -I.\emFile_V322c\Code\Include\PSoC5\emf32nOS -I.\emFile_V322c\Code\Include\PSoC5 -I.\u8g2\csrc -I.\media -I. -IGenerated_Source\PSoC5 -Wa,-alh=.\CortexM3\ARM_GCC_541\Release/u8g2_circle.lst -D NDEBUG -D CY_CORE_ID=0 -Wall -ffunction-sections -ffat-lto-objects -Os -fdata-sections -c u8g2\csrc\u8g2_circle.c -o .\CortexM3\ARM_GCC_541\Release\u8g2_circle.o
arm-none-eabi-gcc.exe -mcpu=cortex-m3 -mthumb -I.\emFile_V322c\Code\Include\PSoC5\emf32nOS -I.\emFile_V322c\Code\Include\PSoC5 -I.\u8g2\csrc -I.\media -I. -IGenerated_Source\PSoC5 -Wa,-alh=.\CortexM3\ARM_GCC_541\Release/u8g2_cleardisplay.lst -D NDEBUG -D CY_CORE_ID=0 -Wall -ffunction-sections -ffat-lto-objects -Os -fdata-sections -c u8g2\csrc\u8g2_cleardisplay.c -o .\CortexM3\ARM_GCC_541\Release\u8g2_cleardisplay.o
arm-none-eabi-gcc.exe -mcpu=cortex-m3 -mthumb -I.\emFile_V322c\Code\Include\PSoC5\emf32nOS -I.\emFile_V322c\Code\Include\PSoC5 -I.\u8g2\csrc -I.\media -I. -IGenerated_Source\PSoC5 -Wa,-alh=.\CortexM3\ARM_GCC_541\Release/u8g2_d_memory.lst -D NDEBUG -D CY_CORE_ID=0 -Wall -ffunction-sections -ffat-lto-objects -Os -fdata-sections -c u8g2\csrc\u8g2_d_memory.c -o .\CortexM3\ARM_GCC_541\Release\u8g2_d_memory.o
arm-none-eabi-gcc.exe -mcpu=cortex-m3 -mthumb -I.\emFile_V322c\Code\Include\PSoC5\emf32nOS -I.\emFile_V322c\Code\Include\PSoC5 -I.\u8g2\csrc -I.\media -I. -IGenerated_Source\PSoC5 -Wa,-alh=.\CortexM3\ARM_GCC_541\Release/u8g2_d_setup.lst -D NDEBUG -D CY_CORE_ID=0 -Wall -ffunction-sections -ffat-lto-objects -Os -fdata-sections -c u8g2\csrc\u8g2_d_setup.c -o .\CortexM3\ARM_GCC_541\Release\u8g2_d_setup.o
arm-none-eabi-gcc.exe -mcpu=cortex-m3 -mthumb -I.\emFile_V322c\Code\Include\PSoC5\emf32nOS -I.\emFile_V322c\Code\Include\PSoC5 -I.\u8g2\csrc -I.\media -I. -IGenerated_Source\PSoC5 -Wa,-alh=.\CortexM3\ARM_GCC_541\Release/u8g2_font.lst -D NDEBUG -D CY_CORE_ID=0 -Wall -ffunction-sections -ffat-lto-objects -Os -fdata-sections -c u8g2\csrc\u8g2_font.c -o .\CortexM3\ARM_GCC_541\Release\u8g2_font.o
arm-none-eabi-gcc.exe -mcpu=cortex-m3 -mthumb -I.\emFile_V322c\Code\Include\PSoC5\emf32nOS -I.\emFile_V322c\Code\Include\PSoC5 -I.\u8g2\csrc -I.\media -I. -IGenerated_Source\PSoC5 -Wa,-alh=.\CortexM3\ARM_GCC_541\Release/u8g2_fonts.lst -D NDEBUG -D CY_CORE_ID=0 -Wall -ffunction-sections -ffat-lto-objects -Os -fdata-sections -c u8g2\csrc\u8g2_fonts.c -o .\CortexM3\ARM_GCC_541\Release\u8g2_fonts.o
arm-none-eabi-gcc.exe -mcpu=cortex-m3 -mthumb -I.\emFile_V322c\Code\Include\PSoC5\emf32nOS -I.\emFile_V322c\Code\Include\PSoC5 -I.\u8g2\csrc -I.\media -I. -IGenerated_Source\PSoC5 -Wa,-alh=.\CortexM3\ARM_GCC_541\Release/u8g2_hvline.lst -D NDEBUG -D CY_CORE_ID=0 -Wall -ffunction-sections -ffat-lto-objects -Os -fdata-sections -c u8g2\csrc\u8g2_hvline.c -o .\CortexM3\ARM_GCC_541\Release\u8g2_hvline.o
arm-none-eabi-gcc.exe -mcpu=cortex-m3 -mthumb -I.\emFile_V322c\Code\Include\PSoC5\emf32nOS -I.\emFile_V322c\Code\Include\PSoC5 -I.\u8g2\csrc -I.\media -I. -IGenerated_Source\PSoC5 -Wa,-alh=.\CortexM3\ARM_GCC_541\Release/u8g2_input_value.lst -D NDEBUG -D CY_CORE_ID=0 -Wall -ffunction-sections -ffat-lto-objects -Os -fdata-sections -c u8g2\csrc\u8g2_input_value.c -o .\CortexM3\ARM_GCC_541\Release\u8g2_input_value.o
arm-none-eabi-gcc.exe -mcpu=cortex-m3 -mthumb -I.\emFile_V322c\Code\Include\PSoC5\emf32nOS -I.\emFile_V322c\Code\Include\PSoC5 -I.\u8g2\csrc -I.\media -I. -IGenerated_Source\PSoC5 -Wa,-alh=.\CortexM3\ARM_GCC_541\Release/u8g2_intersection.lst -D NDEBUG -D CY_CORE_ID=0 -Wall -ffunction-sections -ffat-lto-objects -Os -fdata-sections -c u8g2\csrc\u8g2_intersection.c -o .\CortexM3\ARM_GCC_541\Release\u8g2_intersection.o
arm-none-eabi-gcc.exe -mcpu=cortex-m3 -mthumb -I.\emFile_V322c\Code\Include\PSoC5\emf32nOS -I.\emFile_V322c\Code\Include\PSoC5 -I.\u8g2\csrc -I.\media -I. -IGenerated_Source\PSoC5 -Wa,-alh=.\CortexM3\ARM_GCC_541\Release/u8g2_kerning.lst -D NDEBUG -D CY_CORE_ID=0 -Wall -ffunction-sections -ffat-lto-objects -Os -fdata-sections -c u8g2\csrc\u8g2_kerning.c -o .\CortexM3\ARM_GCC_541\Release\u8g2_kerning.o
arm-none-eabi-gcc.exe -mcpu=cortex-m3 -mthumb -I.\emFile_V322c\Code\Include\PSoC5\emf32nOS -I.\emFile_V322c\Code\Include\PSoC5 -I.\u8g2\csrc -I.\media -I. -IGenerated_Source\PSoC5 -Wa,-alh=.\CortexM3\ARM_GCC_541\Release/u8g2_line.lst -D NDEBUG -D CY_CORE_ID=0 -Wall -ffunction-sections -ffat-lto-objects -Os -fdata-sections -c u8g2\csrc\u8g2_line.c -o .\CortexM3\ARM_GCC_541\Release\u8g2_line.o
arm-none-eabi-gcc.exe -mcpu=cortex-m3 -mthumb -I.\emFile_V322c\Code\Include\PSoC5\emf32nOS -I.\emFile_V322c\Code\Include\PSoC5 -I.\u8g2\csrc -I.\media -I. -IGenerated_Source\PSoC5 -Wa,-alh=.\CortexM3\ARM_GCC_541\Release/u8g2_ll_hvline.lst -D NDEBUG -D CY_CORE_ID=0 -Wall -ffunction-sections -ffat-lto-objects -Os -fdata-sections -c u8g2\csrc\u8g2_ll_hvline.c -o .\CortexM3\ARM_GCC_541\Release\u8g2_ll_hvline.o
arm-none-eabi-gcc.exe -mcpu=cortex-m3 -mthumb -I.\emFile_V322c\Code\Include\PSoC5\emf32nOS -I.\emFile_V322c\Code\Include\PSoC5 -I.\u8g2\csrc -I.\media -I. -IGenerated_Source\PSoC5 -Wa,-alh=.\CortexM3\ARM_GCC_541\Release/u8g2_message.lst -D NDEBUG -D CY_CORE_ID=0 -Wall -ffunction-sections -ffat-lto-objects -Os -fdata-sections -c u8g2\csrc\u8g2_message.c -o .\CortexM3\ARM_GCC_541\Release\u8g2_message.o
arm-none-eabi-gcc.exe -mcpu=cortex-m3 -mthumb -I.\emFile_V322c\Code\Include\PSoC5\emf32nOS -I.\emFile_V322c\Code\Include\PSoC5 -I.\u8g2\csrc -I.\media -I. -IGenerated_Source\PSoC5 -Wa,-alh=.\CortexM3\ARM_GCC_541\Release/u8g2_polygon.lst -D NDEBUG -D CY_CORE_ID=0 -Wall -ffunction-sections -ffat-lto-objects -Os -fdata-sections -c u8g2\csrc\u8g2_polygon.c -o .\CortexM3\ARM_GCC_541\Release\u8g2_polygon.o
arm-none-eabi-gcc.exe -mcpu=cortex-m3 -mthumb -I.\emFile_V322c\Code\Include\PSoC5\emf32nOS -I.\emFile_V322c\Code\Include\PSoC5 -I.\u8g2\csrc -I.\media -I. -IGenerated_Source\PSoC5 -Wa,-alh=.\CortexM3\ARM_GCC_541\Release/u8g2_selection_list.lst -D NDEBUG -D CY_CORE_ID=0 -Wall -ffunction-sections -ffat-lto-objects -Os -fdata-sections -c u8g2\csrc\u8g2_selection_list.c -o .\CortexM3\ARM_GCC_541\Release\u8g2_selection_list.o
arm-none-eabi-gcc.exe -mcpu=cortex-m3 -mthumb -I.\emFile_V322c\Code\Include\PSoC5\emf32nOS -I.\emFile_V322c\Code\Include\PSoC5 -I.\u8g2\csrc -I.\media -I. -IGenerated_Source\PSoC5 -Wa,-alh=.\CortexM3\ARM_GCC_541\Release/u8g2_setup.lst -D NDEBUG -D CY_CORE_ID=0 -Wall -ffunction-sections -ffat-lto-objects -Os -fdata-sections -c u8g2\csrc\u8g2_setup.c -o .\CortexM3\ARM_GCC_541\Release\u8g2_setup.o
arm-none-eabi-gcc.exe -mcpu=cortex-m3 -mthumb -I.\emFile_V322c\Code\Include\PSoC5\emf32nOS -I.\emFile_V322c\Code\Include\PSoC5 -I.\u8g2\csrc -I.\media -I. -IGenerated_Source\PSoC5 -Wa,-alh=.\CortexM3\ARM_GCC_541\Release/u8log.lst -D NDEBUG -D CY_CORE_ID=0 -Wall -ffunction-sections -ffat-lto-objects -Os -fdata-sections -c u8g2\csrc\u8log.c -o .\CortexM3\ARM_GCC_541\Release\u8log.o
arm-none-eabi-gcc.exe -mcpu=cortex-m3 -mthumb -I.\emFile_V322c\Code\Include\PSoC5\emf32nOS -I.\emFile_V322c\Code\Include\PSoC5 -I.\u8g2\csrc -I.\media -I. -IGenerated_Source\PSoC5 -Wa,-alh=.\CortexM3\ARM_GCC_541\Release/u8log_u8g2.lst -D NDEBUG -D CY_CORE_ID=0 -Wall -ffunction-sections -ffat-lto-objects -Os -fdata-sections -c u8g2\csrc\u8log_u8g2.c -o .\CortexM3\ARM_GCC_541\Release\u8log_u8g2.o
arm-none-eabi-gcc.exe -mcpu=cortex-m3 -mthumb -I.\emFile_V322c\Code\Include\PSoC5\emf32nOS -I.\emFile_V322c\Code\Include\PSoC5 -I.\u8g2\csrc -I.\media -I. -IGenerated_Source\PSoC5 -Wa,-alh=.\CortexM3\ARM_GCC_541\Release/u8log_u8x8.lst -D NDEBUG -D CY_CORE_ID=0 -Wall -ffunction-sections -ffat-lto-objects -Os -fdata-sections -c u8g2\csrc\u8log_u8x8.c -o .\CortexM3\ARM_GCC_541\Release\u8log_u8x8.o
arm-none-eabi-gcc.exe -mcpu=cortex-m3 -mthumb -I.\emFile_V322c\Code\Include\PSoC5\emf32nOS -I.\emFile_V322c\Code\Include\PSoC5 -I.\u8g2\csrc -I.\media -I. -IGenerated_Source\PSoC5 -Wa,-alh=.\CortexM3\ARM_GCC_541\Release/u8x8_8x8.lst -D NDEBUG -D CY_CORE_ID=0 -Wall -ffunction-sections -ffat-lto-objects -Os -fdata-sections -c u8g2\csrc\u8x8_8x8.c -o .\CortexM3\ARM_GCC_541\Release\u8x8_8x8.o
arm-none-eabi-gcc.exe -mcpu=cortex-m3 -mthumb -I.\emFile_V322c\Code\Include\PSoC5\emf32nOS -I.\emFile_V322c\Code\Include\PSoC5 -I.\u8g2\csrc -I.\media -I. -IGenerated_Source\PSoC5 -Wa,-alh=.\CortexM3\ARM_GCC_541\Release/u8x8_byte.lst -D NDEBUG -D CY_CORE_ID=0 -Wall -ffunction-sections -ffat-lto-objects -Os -fdata-sections -c u8g2\csrc\u8x8_byte.c -o .\CortexM3\ARM_GCC_541\Release\u8x8_byte.o
arm-none-eabi-gcc.exe -mcpu=cortex-m3 -mthumb -I.\emFile_V322c\Code\Include\PSoC5\emf32nOS -I.\emFile_V322c\Code\Include\PSoC5 -I.\u8g2\csrc -I.\media -I. -IGenerated_Source\PSoC5 -Wa,-alh=.\CortexM3\ARM_GCC_541\Release/u8x8_cad.lst -D NDEBUG -D CY_CORE_ID=0 -Wall -ffunction-sections -ffat-lto-objects -Os -fdata-sections -c u8g2\csrc\u8x8_cad.c -o .\CortexM3\ARM_GCC_541\Release\u8x8_cad.o
arm-none-eabi-gcc.exe -mcpu=cortex-m3 -mthumb -I.\emFile_V322c\Code\Include\PSoC5\emf32nOS -I.\emFile_V322c\Code\Include\PSoC5 -I.\u8g2\csrc -I.\media -I. -IGenerated_Source\PSoC5 -Wa,-alh=.\CortexM3\ARM_GCC_541\Release/u8x8_capture.lst -D NDEBUG -D CY_CORE_ID=0 -Wall -ffunction-sections -ffat-lto-objects -Os -fdata-sections -c u8g2\csrc\u8x8_capture.c -o .\CortexM3\ARM_GCC_541\Release\u8x8_capture.o
arm-none-eabi-gcc.exe -mcpu=cortex-m3 -mthumb -I.\emFile_V322c\Code\Include\PSoC5\emf32nOS -I.\emFile_V322c\Code\Include\PSoC5 -I.\u8g2\csrc -I.\media -I. -IGenerated_Source\PSoC5 -Wa,-alh=.\CortexM3\ARM_GCC_541\Release/u8x8_d_a2printer.lst -D NDEBUG -D CY_CORE_ID=0 -Wall -ffunction-sections -ffat-lto-objects -Os -fdata-sections -c u8g2\csrc\u8x8_d_a2printer.c -o .\CortexM3\ARM_GCC_541\Release\u8x8_d_a2printer.o
arm-none-eabi-gcc.exe -mcpu=cortex-m3 -mthumb -I.\emFile_V322c\Code\Include\PSoC5\emf32nOS -I.\emFile_V322c\Code\Include\PSoC5 -I.\u8g2\csrc -I.\media -I. -IGenerated_Source\PSoC5 -Wa,-alh=.\CortexM3\ARM_GCC_541\Release/u8x8_d_gp1247ai.lst -D NDEBUG -D CY_CORE_ID=0 -Wall -ffunction-sections -ffat-lto-objects -Os -fdata-sections -c u8g2\csrc\u8x8_d_gp1247ai.c -o .\CortexM3\ARM_GCC_541\Release\u8x8_d_gp1247ai.o
arm-none-eabi-gcc.exe -mcpu=cortex-m3 -mthumb -I.\emFile_V322c\Code\Include\PSoC5\emf32nOS -I.\emFile_V322c\Code\Include\PSoC5 -I.\u8g2\csrc -I.\media -I. -IGenerated_Source\PSoC5 -Wa,-alh=.\CortexM3\ARM_GCC_541\Release/u8x8_d_gp1287ai.lst -D NDEBUG -D CY_CORE_ID=0 -Wall -ffunction-sections -ffat-lto-objects -Os -fdata-sections -c u8g2\csrc\u8x8_d_gp1287ai.c -o .\CortexM3\ARM_GCC_541\Release\u8x8_d_gp1287ai.o
arm-none-eabi-gcc.exe -mcpu=cortex-m3 -mthumb -I.\emFile_V322c\Code\Include\PSoC5\emf32nOS -I.\emFile_V322c\Code\Include\PSoC5 -I.\u8g2\csrc -I.\media -I. -IGenerated_Source\PSoC5 -Wa,-alh=.\CortexM3\ARM_GCC_541\Release/u8x8_d_gu800.lst -D NDEBUG -D CY_CORE_ID=0 -Wall -ffunction-sections -ffat-lto-objects -Os -fdata-sections -c u8g2\csrc\u8x8_d_gu800.c -o .\CortexM3\ARM_GCC_541\Release\u8x8_d_gu800.o
arm-none-eabi-gcc.exe -mcpu=cortex-m3 -mthumb -I.\emFile_V322c\Code\Include\PSoC5\emf32nOS -I.\emFile_V322c\Code\Include\PSoC5 -I.\u8g2\csrc -I.\media -I. -IGenerated_Source\PSoC5 -Wa,-alh=.\CortexM3\ARM_GCC_541\Release/u8x8_d_hd44102.lst -D NDEBUG -D CY_CORE_ID=0 -Wall -ffunction-sections -ffat-lto-objects -Os -fdata-sections -c u8g2\csrc\u8x8_d_hd44102.c -o .\CortexM3\ARM_GCC_541\Release\u8x8_d_hd44102.o
arm-none-eabi-gcc.exe -mcpu=cortex-m3 -mthumb -I.\emFile_V322c\Code\Include\PSoC5\emf32nOS -I.\emFile_V322c\Code\Include\PSoC5 -I.\u8g2\csrc -I.\media -I. -IGenerated_Source\PSoC5 -Wa,-alh=.\CortexM3\ARM_GCC_541\Release/u8x8_d_il3820_296x128.lst -D NDEBUG -D CY_CORE_ID=0 -Wall -ffunction-sections -ffat-lto-objects -Os -fdata-sections -c u8g2\csrc\u8x8_d_il3820_296x128.c -o .\CortexM3\ARM_GCC_541\Release\u8x8_d_il3820_296x128.o
arm-none-eabi-gcc.exe -mcpu=cortex-m3 -mthumb -I.\emFile_V322c\Code\Include\PSoC5\emf32nOS -I.\emFile_V322c\Code\Include\PSoC5 -I.\u8g2\csrc -I.\media -I. -IGenerated_Source\PSoC5 -Wa,-alh=.\CortexM3\ARM_GCC_541\Release/u8x8_d_ist3020.lst -D NDEBUG -D CY_CORE_ID=0 -Wall -ffunction-sections -ffat-lto-objects -Os -fdata-sections -c u8g2\csrc\u8x8_d_ist3020.c -o .\CortexM3\ARM_GCC_541\Release\u8x8_d_ist3020.o
arm-none-eabi-gcc.exe -mcpu=cortex-m3 -mthumb -I.\emFile_V322c\Code\Include\PSoC5\emf32nOS -I.\emFile_V322c\Code\Include\PSoC5 -I.\u8g2\csrc -I.\media -I. -IGenerated_Source\PSoC5 -Wa,-alh=.\CortexM3\ARM_GCC_541\Release/u8x8_d_ist3088.lst -D NDEBUG -D CY_CORE_ID=0 -Wall -ffunction-sections -ffat-lto-objects -Os -fdata-sections -c u8g2\csrc\u8x8_d_ist3088.c -o .\CortexM3\ARM_GCC_541\Release\u8x8_d_ist3088.o
arm-none-eabi-gcc.exe -mcpu=cortex-m3 -mthumb -I.\emFile_V322c\Code\Include\PSoC5\emf32nOS -I.\emFile_V322c\Code\Include\PSoC5 -I.\u8g2\csrc -I.\media -I. -IGenerated_Source\PSoC5 -Wa,-alh=.\CortexM3\ARM_GCC_541\Release/u8x8_d_ist7920.lst -D NDEBUG -D CY_CORE_ID=0 -Wall -ffunction-sections -ffat-lto-objects -Os -fdata-sections -c u8g2\csrc\u8x8_d_ist7920.c -o .\CortexM3\ARM_GCC_541\Release\u8x8_d_ist7920.o
arm-none-eabi-gcc.exe -mcpu=cortex-m3 -mthumb -I.\emFile_V322c\Code\Include\PSoC5\emf32nOS -I.\emFile_V322c\Code\Include\PSoC5 -I.\u8g2\csrc -I.\media -I. -IGenerated_Source\PSoC5 -Wa,-alh=.\CortexM3\ARM_GCC_541\Release/u8x8_d_ks0108.lst -D NDEBUG -D CY_CORE_ID=0 -Wall -ffunction-sections -ffat-lto-objects -Os -fdata-sections -c u8g2\csrc\u8x8_d_ks0108.c -o .\CortexM3\ARM_GCC_541\Release\u8x8_d_ks0108.o
arm-none-eabi-gcc.exe -mcpu=cortex-m3 -mthumb -I.\emFile_V322c\Code\Include\PSoC5\emf32nOS -I.\emFile_V322c\Code\Include\PSoC5 -I.\u8g2\csrc -I.\media -I. -IGenerated_Source\PSoC5 -Wa,-alh=.\CortexM3\ARM_GCC_541\Release/u8x8_d_lc7981.lst -D NDEBUG -D CY_CORE_ID=0 -Wall -ffunction-sections -ffat-lto-objects -Os -fdata-sections -c u8g2\csrc\u8x8_d_lc7981.c -o .\CortexM3\ARM_GCC_541\Release\u8x8_d_lc7981.o
arm-none-eabi-gcc.exe -mcpu=cortex-m3 -mthumb -I.\emFile_V322c\Code\Include\PSoC5\emf32nOS -I.\emFile_V322c\Code\Include\PSoC5 -I.\u8g2\csrc -I.\media -I. -IGenerated_Source\PSoC5 -Wa,-alh=.\CortexM3\ARM_GCC_541\Release/u8x8_d_ld7032_60x32.lst -D NDEBUG -D CY_CORE_ID=0 -Wall -ffunction-sections -ffat-lto-objects -Os -fdata-sections -c u8g2\csrc\u8x8_d_ld7032_60x32.c -o .\CortexM3\ARM_GCC_541\Release\u8x8_d_ld7032_60x32.o
arm-none-eabi-gcc.exe -mcpu=cortex-m3 -mthumb -I.\emFile_V322c\Code\Include\PSoC5\emf32nOS -I.\emFile_V322c\Code\Include\PSoC5 -I.\u8g2\csrc -I.\media -I. -IGenerated_Source\PSoC5 -Wa,-alh=.\CortexM3\ARM_GCC_541\Release/u8x8_d_ls013b7dh03.lst -D NDEBUG -D CY_CORE_ID=0 -Wall -ffunction-sections -ffat-lto-objects -Os -fdata-sections -c u8g2\csrc\u8x8_d_ls013b7dh03.c -o .\CortexM3\ARM_GCC_541\Release\u8x8_d_ls013b7dh03.o
arm-none-eabi-gcc.exe -mcpu=cortex-m3 -mthumb -I.\emFile_V322c\Code\Include\PSoC5\emf32nOS -I.\emFile_V322c\Code\Include\PSoC5 -I.\u8g2\csrc -I.\media -I. -IGenerated_Source\PSoC5 -Wa,-alh=.\CortexM3\ARM_GCC_541\Release/u8x8_d_max7219.lst -D NDEBUG -D CY_CORE_ID=0 -Wall -ffunction-sections -ffat-lto-objects -Os -fdata-sections -c u8g2\csrc\u8x8_d_max7219.c -o .\CortexM3\ARM_GCC_541\Release\u8x8_d_max7219.o
arm-none-eabi-gcc.exe -mcpu=cortex-m3 -mthumb -I.\emFile_V322c\Code\Include\PSoC5\emf32nOS -I.\emFile_V322c\Code\Include\PSoC5 -I.\u8g2\csrc -I.\media -I. -IGenerated_Source\PSoC5 -Wa,-alh=.\CortexM3\ARM_GCC_541\Release/u8x8_d_pcd8544_84x48.lst -D NDEBUG -D CY_CORE_ID=0 -Wall -ffunction-sections -ffat-lto-objects -Os -fdata-sections -c u8g2\csrc\u8x8_d_pcd8544_84x48.c -o .\CortexM3\ARM_GCC_541\Release\u8x8_d_pcd8544_84x48.o
arm-none-eabi-gcc.exe -mcpu=cortex-m3 -mthumb -I.\emFile_V322c\Code\Include\PSoC5\emf32nOS -I.\emFile_V322c\Code\Include\PSoC5 -I.\u8g2\csrc -I.\media -I. -IGenerated_Source\PSoC5 -Wa,-alh=.\CortexM3\ARM_GCC_541\Release/u8x8_d_pcf8812.lst -D NDEBUG -D CY_CORE_ID=0 -Wall -ffunction-sections -ffat-lto-objects -Os -fdata-sections -c u8g2\csrc\u8x8_d_pcf8812.c -o .\CortexM3\ARM_GCC_541\Release\u8x8_d_pcf8812.o
arm-none-eabi-gcc.exe -mcpu=cortex-m3 -mthumb -I.\emFile_V322c\Code\Include\PSoC5\emf32nOS -I.\emFile_V322c\Code\Include\PSoC5 -I.\u8g2\csrc -I.\media -I. -IGenerated_Source\PSoC5 -Wa,-alh=.\CortexM3\ARM_GCC_541\Release/u8x8_d_pcf8814_hx1230.lst -D NDEBUG -D CY_CORE_ID=0 -Wall -ffunction-sections -ffat-lto-objects -Os -fdata-sections -c u8g2\csrc\u8x8_d_pcf8814_hx1230.c -o .\CortexM3\ARM_GCC_541\Release\u8x8_d_pcf8814_hx1230.o
arm-none-eabi-gcc.exe -mcpu=cortex-m3 -mthumb -I.\emFile_V322c\Code\Include\PSoC5\emf32nOS -I.\emFile_V322c\Code\Include\PSoC5 -I.\u8g2\csrc -I.\media -I. -IGenerated_Source\PSoC5 -Wa,-alh=.\CortexM3\ARM_GCC_541\Release/u8x8_d_s1d15e06.lst -D NDEBUG -D CY_CORE_ID=0 -Wall -ffunction-sections -ffat-lto-objects -Os -fdata-sections -c u8g2\csrc\u8x8_d_s1d15e06.c -o .\CortexM3\ARM_GCC_541\Release\u8x8_d_s1d15e06.o
arm-none-eabi-gcc.exe -mcpu=cortex-m3 -mthumb -I.\emFile_V322c\Code\Include\PSoC5\emf32nOS -I.\emFile_V322c\Code\Include\PSoC5 -I.\u8g2\csrc -I.\media -I. -IGenerated_Source\PSoC5 -Wa,-alh=.\CortexM3\ARM_GCC_541\Release/u8x8_d_s1d15300.lst -D NDEBUG -D CY_CORE_ID=0 -Wall -ffunction-sections -ffat-lto-objects -Os -fdata-sections -c u8g2\csrc\u8x8_d_s1d15300.c -o .\CortexM3\ARM_GCC_541\Release\u8x8_d_s1d15300.o
arm-none-eabi-gcc.exe -mcpu=cortex-m3 -mthumb -I.\emFile_V322c\Code\Include\PSoC5\emf32nOS -I.\emFile_V322c\Code\Include\PSoC5 -I.\u8g2\csrc -I.\media -I. -IGenerated_Source\PSoC5 -Wa,-alh=.\CortexM3\ARM_GCC_541\Release/u8x8_d_s1d15721.lst -D NDEBUG -D CY_CORE_ID=0 -Wall -ffunction-sections -ffat-lto-objects -Os -fdata-sections -c u8g2\csrc\u8x8_d_s1d15721.c -o .\CortexM3\ARM_GCC_541\Release\u8x8_d_s1d15721.o
arm-none-eabi-gcc.exe -mcpu=cortex-m3 -mthumb -I.\emFile_V322c\Code\Include\PSoC5\emf32nOS -I.\emFile_V322c\Code\Include\PSoC5 -I.\u8g2\csrc -I.\media -I. -IGenerated_Source\PSoC5 -Wa,-alh=.\CortexM3\ARM_GCC_541\Release/u8x8_d_sbn1661.lst -D NDEBUG -D CY_CORE_ID=0 -Wall -ffunction-sections -ffat-lto-objects -Os -fdata-sections -c u8g2\csrc\u8x8_d_sbn1661.c -o .\CortexM3\ARM_GCC_541\Release\u8x8_d_sbn1661.o
arm-none-eabi-gcc.exe -mcpu=cortex-m3 -mthumb -I.\emFile_V322c\Code\Include\PSoC5\emf32nOS -I.\emFile_V322c\Code\Include\PSoC5 -I.\u8g2\csrc -I.\media -I. -IGenerated_Source\PSoC5 -Wa,-alh=.\CortexM3\ARM_GCC_541\Release/u8x8_d_sed1330.lst -D NDEBUG -D CY_CORE_ID=0 -Wall -ffunction-sections -ffat-lto-objects -Os -fdata-sections -c u8g2\csrc\u8x8_d_sed1330.c -o .\CortexM3\ARM_GCC_541\Release\u8x8_d_sed1330.o
arm-none-eabi-gcc.exe -mcpu=cortex-m3 -mthumb -I.\emFile_V322c\Code\Include\PSoC5\emf32nOS -I.\emFile_V322c\Code\Include\PSoC5 -I.\u8g2\csrc -I.\media -I. -IGenerated_Source\PSoC5 -Wa,-alh=.\CortexM3\ARM_GCC_541\Release/u8x8_d_sh1106_64x32.lst -D NDEBUG -D CY_CORE_ID=0 -Wall -ffunction-sections -ffat-lto-objects -Os -fdata-sections -c u8g2\csrc\u8x8_d_sh1106_64x32.c -o .\CortexM3\ARM_GCC_541\Release\u8x8_d_sh1106_64x32.o
arm-none-eabi-gcc.exe -mcpu=cortex-m3 -mthumb -I.\emFile_V322c\Code\Include\PSoC5\emf32nOS -I.\emFile_V322c\Code\Include\PSoC5 -I.\u8g2\csrc -I.\media -I. -IGenerated_Source\PSoC5 -Wa,-alh=.\CortexM3\ARM_GCC_541\Release/u8x8_d_sh1106_72x40.lst -D NDEBUG -D CY_CORE_ID=0 -Wall -ffunction-sections -ffat-lto-objects -Os -fdata-sections -c u8g2\csrc\u8x8_d_sh1106_72x40.c -o .\CortexM3\ARM_GCC_541\Release\u8x8_d_sh1106_72x40.o
arm-none-eabi-gcc.exe -mcpu=cortex-m3 -mthumb -I.\emFile_V322c\Code\Include\PSoC5\emf32nOS -I.\emFile_V322c\Code\Include\PSoC5 -I.\u8g2\csrc -I.\media -I. -IGenerated_Source\PSoC5 -Wa,-alh=.\CortexM3\ARM_GCC_541\Release/u8x8_d_sh1107.lst -D NDEBUG -D CY_CORE_ID=0 -Wall -ffunction-sections -ffat-lto-objects -Os -fdata-sections -c u8g2\csrc\u8x8_d_sh1107.c -o .\CortexM3\ARM_GCC_541\Release\u8x8_d_sh1107.o
arm-none-eabi-gcc.exe -mcpu=cortex-m3 -mthumb -I.\emFile_V322c\Code\Include\PSoC5\emf32nOS -I.\emFile_V322c\Code\Include\PSoC5 -I.\u8g2\csrc -I.\media -I. -IGenerated_Source\PSoC5 -Wa,-alh=.\CortexM3\ARM_GCC_541\Release/u8x8_d_sh1108.lst -D NDEBUG -D CY_CORE_ID=0 -Wall -ffunction-sections -ffat-lto-objects -Os -fdata-sections -c u8g2\csrc\u8x8_d_sh1108.c -o .\CortexM3\ARM_GCC_541\Release\u8x8_d_sh1108.o
arm-none-eabi-gcc.exe -mcpu=cortex-m3 -mthumb -I.\emFile_V322c\Code\Include\PSoC5\emf32nOS -I.\emFile_V322c\Code\Include\PSoC5 -I.\u8g2\csrc -I.\media -I. -IGenerated_Source\PSoC5 -Wa,-alh=.\CortexM3\ARM_GCC_541\Release/u8x8_d_sh1122.lst -D NDEBUG -D CY_CORE_ID=0 -Wall -ffunction-sections -ffat-lto-objects -Os -fdata-sections -c u8g2\csrc\u8x8_d_sh1122.c -o .\CortexM3\ARM_GCC_541\Release\u8x8_d_sh1122.o
arm-none-eabi-gcc.exe -mcpu=cortex-m3 -mthumb -I.\emFile_V322c\Code\Include\PSoC5\emf32nOS -I.\emFile_V322c\Code\Include\PSoC5 -I.\u8g2\csrc -I.\media -I. -IGenerated_Source\PSoC5 -Wa,-alh=.\CortexM3\ARM_GCC_541\Release/u8x8_d_ssd1305.lst -D NDEBUG -D CY_CORE_ID=0 -Wall -ffunction-sections -ffat-lto-objects -Os -fdata-sections -c u8g2\csrc\u8x8_d_ssd1305.c -o .\CortexM3\ARM_GCC_541\Release\u8x8_d_ssd1305.o
arm-none-eabi-gcc.exe -mcpu=cortex-m3 -mthumb -I.\emFile_V322c\Code\Include\PSoC5\emf32nOS -I.\emFile_V322c\Code\Include\PSoC5 -I.\u8g2\csrc -I.\media -I. -IGenerated_Source\PSoC5 -Wa,-alh=.\CortexM3\ARM_GCC_541\Release/u8x8_d_ssd1306_48x64.lst -D NDEBUG -D CY_CORE_ID=0 -Wall -ffunction-sections -ffat-lto-objects -Os -fdata-sections -c u8g2\csrc\u8x8_d_ssd1306_48x64.c -o .\CortexM3\ARM_GCC_541\Release\u8x8_d_ssd1306_48x64.o
arm-none-eabi-gcc.exe -mcpu=cortex-m3 -mthumb -I.\emFile_V322c\Code\Include\PSoC5\emf32nOS -I.\emFile_V322c\Code\Include\PSoC5 -I.\u8g2\csrc -I.\media -I. -IGenerated_Source\PSoC5 -Wa,-alh=.\CortexM3\ARM_GCC_541\Release/u8x8_d_ssd1306_64x32.lst -D NDEBUG -D CY_CORE_ID=0 -Wall -ffunction-sections -ffat-lto-objects -Os -fdata-sections -c u8g2\csrc\u8x8_d_ssd1306_64x32.c -o .\CortexM3\ARM_GCC_541\Release\u8x8_d_ssd1306_64x32.o
arm-none-eabi-gcc.exe -mcpu=cortex-m3 -mthumb -I.\emFile_V322c\Code\Include\PSoC5\emf32nOS -I.\emFile_V322c\Code\Include\PSoC5 -I.\u8g2\csrc -I.\media -I. -IGenerated_Source\PSoC5 -Wa,-alh=.\CortexM3\ARM_GCC_541\Release/u8x8_d_ssd1306_64x48.lst -D NDEBUG -D CY_CORE_ID=0 -Wall -ffunction-sections -ffat-lto-objects -Os -fdata-sections -c u8g2\csrc\u8x8_d_ssd1306_64x48.c -o .\CortexM3\ARM_GCC_541\Release\u8x8_d_ssd1306_64x48.o
arm-none-eabi-gcc.exe -mcpu=cortex-m3 -mthumb -I.\emFile_V322c\Code\Include\PSoC5\emf32nOS -I.\emFile_V322c\Code\Include\PSoC5 -I.\u8g2\csrc -I.\media -I. -IGenerated_Source\PSoC5 -Wa,-alh=.\CortexM3\ARM_GCC_541\Release/u8x8_d_ssd1306_72x40.lst -D NDEBUG -D CY_CORE_ID=0 -Wall -ffunction-sections -ffat-lto-objects -Os -fdata-sections -c u8g2\csrc\u8x8_d_ssd1306_72x40.c -o .\CortexM3\ARM_GCC_541\Release\u8x8_d_ssd1306_72x40.o
arm-none-eabi-gcc.exe -mcpu=cortex-m3 -mthumb -I.\emFile_V322c\Code\Include\PSoC5\emf32nOS -I.\emFile_V322c\Code\Include\PSoC5 -I.\u8g2\csrc -I.\media -I. -IGenerated_Source\PSoC5 -Wa,-alh=.\CortexM3\ARM_GCC_541\Release/u8x8_d_ssd1306_96x16.lst -D NDEBUG -D CY_CORE_ID=0 -Wall -ffunction-sections -ffat-lto-objects -Os -fdata-sections -c u8g2\csrc\u8x8_d_ssd1306_96x16.c -o .\CortexM3\ARM_GCC_541\Release\u8x8_d_ssd1306_96x16.o
arm-none-eabi-gcc.exe -mcpu=cortex-m3 -mthumb -I.\emFile_V322c\Code\Include\PSoC5\emf32nOS -I.\emFile_V322c\Code\Include\PSoC5 -I.\u8g2\csrc -I.\media -I. -IGenerated_Source\PSoC5 -Wa,-alh=.\CortexM3\ARM_GCC_541\Release/u8x8_d_ssd1306_96x40.lst -D NDEBUG -D CY_CORE_ID=0 -Wall -ffunction-sections -ffat-lto-objects -Os -fdata-sections -c u8g2\csrc\u8x8_d_ssd1306_96x40.c -o .\CortexM3\ARM_GCC_541\Release\u8x8_d_ssd1306_96x40.o
arm-none-eabi-gcc.exe -mcpu=cortex-m3 -mthumb -I.\emFile_V322c\Code\Include\PSoC5\emf32nOS -I.\emFile_V322c\Code\Include\PSoC5 -I.\u8g2\csrc -I.\media -I. -IGenerated_Source\PSoC5 -Wa,-alh=.\CortexM3\ARM_GCC_541\Release/u8x8_d_ssd1306_128x32.lst -D NDEBUG -D CY_CORE_ID=0 -Wall -ffunction-sections -ffat-lto-objects -Os -fdata-sections -c u8g2\csrc\u8x8_d_ssd1306_128x32.c -o .\CortexM3\ARM_GCC_541\Release\u8x8_d_ssd1306_128x32.o
arm-none-eabi-gcc.exe -mcpu=cortex-m3 -mthumb -I.\emFile_V322c\Code\Include\PSoC5\emf32nOS -I.\emFile_V322c\Code\Include\PSoC5 -I.\u8g2\csrc -I.\media -I. -IGenerated_Source\PSoC5 -Wa,-alh=.\CortexM3\ARM_GCC_541\Release/u8x8_d_ssd1306_128x64_noname.lst -D NDEBUG -D CY_CORE_ID=0 -Wall -ffunction-sections -ffat-lto-objects -Os -fdata-sections -c u8g2\csrc\u8x8_d_ssd1306_128x64_noname.c -o .\CortexM3\ARM_GCC_541\Release\u8x8_d_ssd1306_128x64_noname.o
arm-none-eabi-gcc.exe -mcpu=cortex-m3 -mthumb -I.\emFile_V322c\Code\Include\PSoC5\emf32nOS -I.\emFile_V322c\Code\Include\PSoC5 -I.\u8g2\csrc -I.\media -I. -IGenerated_Source\PSoC5 -Wa,-alh=.\CortexM3\ARM_GCC_541\Release/u8x8_d_ssd1306_2040x16.lst -D NDEBUG -D CY_CORE_ID=0 -Wall -ffunction-sections -ffat-lto-objects -Os -fdata-sections -c u8g2\csrc\u8x8_d_ssd1306_2040x16.c -o .\CortexM3\ARM_GCC_541\Release\u8x8_d_ssd1306_2040x16.o
arm-none-eabi-gcc.exe -mcpu=cortex-m3 -mthumb -I.\emFile_V322c\Code\Include\PSoC5\emf32nOS -I.\emFile_V322c\Code\Include\PSoC5 -I.\u8g2\csrc -I.\media -I. -IGenerated_Source\PSoC5 -Wa,-alh=.\CortexM3\ARM_GCC_541\Release/u8x8_d_ssd1309.lst -D NDEBUG -D CY_CORE_ID=0 -Wall -ffunction-sections -ffat-lto-objects -Os -fdata-sections -c u8g2\csrc\u8x8_d_ssd1309.c -o .\CortexM3\ARM_GCC_541\Release\u8x8_d_ssd1309.o
arm-none-eabi-gcc.exe -mcpu=cortex-m3 -mthumb -I.\emFile_V322c\Code\Include\PSoC5\emf32nOS -I.\emFile_V322c\Code\Include\PSoC5 -I.\u8g2\csrc -I.\media -I. -IGenerated_Source\PSoC5 -Wa,-alh=.\CortexM3\ARM_GCC_541\Release/u8x8_d_ssd1316.lst -D NDEBUG -D CY_CORE_ID=0 -Wall -ffunction-sections -ffat-lto-objects -Os -fdata-sections -c u8g2\csrc\u8x8_d_ssd1316.c -o .\CortexM3\ARM_GCC_541\Release\u8x8_d_ssd1316.o
arm-none-eabi-gcc.exe -mcpu=cortex-m3 -mthumb -I.\emFile_V322c\Code\Include\PSoC5\emf32nOS -I.\emFile_V322c\Code\Include\PSoC5 -I.\u8g2\csrc -I.\media -I. -IGenerated_Source\PSoC5 -Wa,-alh=.\CortexM3\ARM_GCC_541\Release/u8x8_d_ssd1317.lst -D NDEBUG -D CY_CORE_ID=0 -Wall -ffunction-sections -ffat-lto-objects -Os -fdata-sections -c u8g2\csrc\u8x8_d_ssd1317.c -o .\CortexM3\ARM_GCC_541\Release\u8x8_d_ssd1317.o
arm-none-eabi-gcc.exe -mcpu=cortex-m3 -mthumb -I.\emFile_V322c\Code\Include\PSoC5\emf32nOS -I.\emFile_V322c\Code\Include\PSoC5 -I.\u8g2\csrc -I.\media -I. -IGenerated_Source\PSoC5 -Wa,-alh=.\CortexM3\ARM_GCC_541\Release/u8x8_d_ssd1318.lst -D NDEBUG -D CY_CORE_ID=0 -Wall -ffunction-sections -ffat-lto-objects -Os -fdata-sections -c u8g2\csrc\u8x8_d_ssd1318.c -o .\CortexM3\ARM_GCC_541\Release\u8x8_d_ssd1318.o
arm-none-eabi-gcc.exe -mcpu=cortex-m3 -mthumb -I.\emFile_V322c\Code\Include\PSoC5\emf32nOS -I.\emFile_V322c\Code\Include\PSoC5 -I.\u8g2\csrc -I.\media -I. -IGenerated_Source\PSoC5 -Wa,-alh=.\CortexM3\ARM_GCC_541\Release/u8x8_d_ssd1320.lst -D NDEBUG -D CY_CORE_ID=0 -Wall -ffunction-sections -ffat-lto-objects -Os -fdata-sections -c u8g2\csrc\u8x8_d_ssd1320.c -o .\CortexM3\ARM_GCC_541\Release\u8x8_d_ssd1320.o
arm-none-eabi-gcc.exe -mcpu=cortex-m3 -mthumb -I.\emFile_V322c\Code\Include\PSoC5\emf32nOS -I.\emFile_V322c\Code\Include\PSoC5 -I.\u8g2\csrc -I.\media -I. -IGenerated_Source\PSoC5 -Wa,-alh=.\CortexM3\ARM_GCC_541\Release/u8x8_d_ssd1322.lst -D NDEBUG -D CY_CORE_ID=0 -Wall -ffunction-sections -ffat-lto-objects -Os -fdata-sections -c u8g2\csrc\u8x8_d_ssd1322.c -o .\CortexM3\ARM_GCC_541\Release\u8x8_d_ssd1322.o
arm-none-eabi-gcc.exe -mcpu=cortex-m3 -mthumb -I.\emFile_V322c\Code\Include\PSoC5\emf32nOS -I.\emFile_V322c\Code\Include\PSoC5 -I.\u8g2\csrc -I.\media -I. -IGenerated_Source\PSoC5 -Wa,-alh=.\CortexM3\ARM_GCC_541\Release/u8x8_d_ssd1325.lst -D NDEBUG -D CY_CORE_ID=0 -Wall -ffunction-sections -ffat-lto-objects -Os -fdata-sections -c u8g2\csrc\u8x8_d_ssd1325.c -o .\CortexM3\ARM_GCC_541\Release\u8x8_d_ssd1325.o
arm-none-eabi-gcc.exe -mcpu=cortex-m3 -mthumb -I.\emFile_V322c\Code\Include\PSoC5\emf32nOS -I.\emFile_V322c\Code\Include\PSoC5 -I.\u8g2\csrc -I.\media -I. -IGenerated_Source\PSoC5 -Wa,-alh=.\CortexM3\ARM_GCC_541\Release/u8x8_d_ssd1326.lst -D NDEBUG -D CY_CORE_ID=0 -Wall -ffunction-sections -ffat-lto-objects -Os -fdata-sections -c u8g2\csrc\u8x8_d_ssd1326.c -o .\CortexM3\ARM_GCC_541\Release\u8x8_d_ssd1326.o
arm-none-eabi-gcc.exe -mcpu=cortex-m3 -mthumb -I.\emFile_V322c\Code\Include\PSoC5\emf32nOS -I.\emFile_V322c\Code\Include\PSoC5 -I.\u8g2\csrc -I.\media -I. -IGenerated_Source\PSoC5 -Wa,-alh=.\CortexM3\ARM_GCC_541\Release/u8x8_d_ssd1327.lst -D NDEBUG -D CY_CORE_ID=0 -Wall -ffunction-sections -ffat-lto-objects -Os -fdata-sections -c u8g2\csrc\u8x8_d_ssd1327.c -o .\CortexM3\ARM_GCC_541\Release\u8x8_d_ssd1327.o
arm-none-eabi-gcc.exe -mcpu=cortex-m3 -mthumb -I.\emFile_V322c\Code\Include\PSoC5\emf32nOS -I.\emFile_V322c\Code\Include\PSoC5 -I.\u8g2\csrc -I.\media -I. -IGenerated_Source\PSoC5 -Wa,-alh=.\CortexM3\ARM_GCC_541\Release/u8x8_d_ssd1329.lst -D NDEBUG -D CY_CORE_ID=0 -Wall -ffunction-sections -ffat-lto-objects -Os -fdata-sections -c u8g2\csrc\u8x8_d_ssd1329.c -o .\CortexM3\ARM_GCC_541\Release\u8x8_d_ssd1329.o
arm-none-eabi-gcc.exe -mcpu=cortex-m3 -mthumb -I.\emFile_V322c\Code\Include\PSoC5\emf32nOS -I.\emFile_V322c\Code\Include\PSoC5 -I.\u8g2\csrc -I.\media -I. -IGenerated_Source\PSoC5 -Wa,-alh=.\CortexM3\ARM_GCC_541\Release/u8x8_d_ssd1362.lst -D NDEBUG -D CY_CORE_ID=0 -Wall -ffunction-sections -ffat-lto-objects -Os -fdata-sections -c u8g2\csrc\u8x8_d_ssd1362.c -o .\CortexM3\ARM_GCC_541\Release\u8x8_d_ssd1362.o
arm-none-eabi-gcc.exe -mcpu=cortex-m3 -mthumb -I.\emFile_V322c\Code\Include\PSoC5\emf32nOS -I.\emFile_V322c\Code\Include\PSoC5 -I.\u8g2\csrc -I.\media -I. -IGenerated_Source\PSoC5 -Wa,-alh=.\CortexM3\ARM_GCC_541\Release/u8x8_d_ssd1606_172x72.lst -D NDEBUG -D CY_CORE_ID=0 -Wall -ffunction-sections -ffat-lto-objects -Os -fdata-sections -c u8g2\csrc\u8x8_d_ssd1606_172x72.c -o .\CortexM3\ARM_GCC_541\Release\u8x8_d_ssd1606_172x72.o
arm-none-eabi-gcc.exe -mcpu=cortex-m3 -mthumb -I.\emFile_V322c\Code\Include\PSoC5\emf32nOS -I.\emFile_V322c\Code\Include\PSoC5 -I.\u8g2\csrc -I.\media -I. -IGenerated_Source\PSoC5 -Wa,-alh=.\CortexM3\ARM_GCC_541\Release/u8x8_d_ssd1607_200x200.lst -D NDEBUG -D CY_CORE_ID=0 -Wall -ffunction-sections -ffat-lto-objects -Os -fdata-sections -c u8g2\csrc\u8x8_d_ssd1607_200x200.c -o .\CortexM3\ARM_GCC_541\Release\u8x8_d_ssd1607_200x200.o
arm-none-eabi-gcc.exe -mcpu=cortex-m3 -mthumb -I.\emFile_V322c\Code\Include\PSoC5\emf32nOS -I.\emFile_V322c\Code\Include\PSoC5 -I.\u8g2\csrc -I.\media -I. -IGenerated_Source\PSoC5 -Wa,-alh=.\CortexM3\ARM_GCC_541\Release/u8x8_d_st7511.lst -D NDEBUG -D CY_CORE_ID=0 -Wall -ffunction-sections -ffat-lto-objects -Os -fdata-sections -c u8g2\csrc\u8x8_d_st7511.c -o .\CortexM3\ARM_GCC_541\Release\u8x8_d_st7511.o
arm-none-eabi-gcc.exe -mcpu=cortex-m3 -mthumb -I.\emFile_V322c\Code\Include\PSoC5\emf32nOS -I.\emFile_V322c\Code\Include\PSoC5 -I.\u8g2\csrc -I.\media -I. -IGenerated_Source\PSoC5 -Wa,-alh=.\CortexM3\ARM_GCC_541\Release/u8x8_d_st7528.lst -D NDEBUG -D CY_CORE_ID=0 -Wall -ffunction-sections -ffat-lto-objects -Os -fdata-sections -c u8g2\csrc\u8x8_d_st7528.c -o .\CortexM3\ARM_GCC_541\Release\u8x8_d_st7528.o
arm-none-eabi-gcc.exe -mcpu=cortex-m3 -mthumb -I.\emFile_V322c\Code\Include\PSoC5\emf32nOS -I.\emFile_V322c\Code\Include\PSoC5 -I.\u8g2\csrc -I.\media -I. -IGenerated_Source\PSoC5 -Wa,-alh=.\CortexM3\ARM_GCC_541\Release/u8x8_d_st7539.lst -D NDEBUG -D CY_CORE_ID=0 -Wall -ffunction-sections -ffat-lto-objects -Os -fdata-sections -c u8g2\csrc\u8x8_d_st7539.c -o .\CortexM3\ARM_GCC_541\Release\u8x8_d_st7539.o
arm-none-eabi-gcc.exe -mcpu=cortex-m3 -mthumb -I.\emFile_V322c\Code\Include\PSoC5\emf32nOS -I.\emFile_V322c\Code\Include\PSoC5 -I.\u8g2\csrc -I.\media -I. -IGenerated_Source\PSoC5 -Wa,-alh=.\CortexM3\ARM_GCC_541\Release/u8x8_d_st7565.lst -D NDEBUG -D CY_CORE_ID=0 -Wall -ffunction-sections -ffat-lto-objects -Os -fdata-sections -c u8g2\csrc\u8x8_d_st7565.c -o .\CortexM3\ARM_GCC_541\Release\u8x8_d_st7565.o
arm-none-eabi-gcc.exe -mcpu=cortex-m3 -mthumb -I.\emFile_V322c\Code\Include\PSoC5\emf32nOS -I.\emFile_V322c\Code\Include\PSoC5 -I.\u8g2\csrc -I.\media -I. -IGenerated_Source\PSoC5 -Wa,-alh=.\CortexM3\ARM_GCC_541\Release/u8x8_d_st7567.lst -D NDEBUG -D CY_CORE_ID=0 -Wall -ffunction-sections -ffat-lto-objects -Os -fdata-sections -c u8g2\csrc\u8x8_d_st7567.c -o .\CortexM3\ARM_GCC_541\Release\u8x8_d_st7567.o
arm-none-eabi-gcc.exe -mcpu=cortex-m3 -mthumb -I.\emFile_V322c\Code\Include\PSoC5\emf32nOS -I.\emFile_V322c\Code\Include\PSoC5 -I.\u8g2\csrc -I.\media -I. -IGenerated_Source\PSoC5 -Wa,-alh=.\CortexM3\ARM_GCC_541\Release/u8x8_d_st7571.lst -D NDEBUG -D CY_CORE_ID=0 -Wall -ffunction-sections -ffat-lto-objects -Os -fdata-sections -c u8g2\csrc\u8x8_d_st7571.c -o .\CortexM3\ARM_GCC_541\Release\u8x8_d_st7571.o
arm-none-eabi-gcc.exe -mcpu=cortex-m3 -mthumb -I.\emFile_V322c\Code\Include\PSoC5\emf32nOS -I.\emFile_V322c\Code\Include\PSoC5 -I.\u8g2\csrc -I.\media -I. -IGenerated_Source\PSoC5 -Wa,-alh=.\CortexM3\ARM_GCC_541\Release/u8x8_d_st7586s_erc240160.lst -D NDEBUG -D CY_CORE_ID=0 -Wall -ffunction-sections -ffat-lto-objects -Os -fdata-sections -c u8g2\csrc\u8x8_d_st7586s_erc240160.c -o .\CortexM3\ARM_GCC_541\Release\u8x8_d_st7586s_erc240160.o
arm-none-eabi-gcc.exe -mcpu=cortex-m3 -mthumb -I.\emFile_V322c\Code\Include\PSoC5\emf32nOS -I.\emFile_V322c\Code\Include\PSoC5 -I.\u8g2\csrc -I.\media -I. -IGenerated_Source\PSoC5 -Wa,-alh=.\CortexM3\ARM_GCC_541\Release/u8x8_d_st7586s_jlx384160.lst -D NDEBUG -D CY_CORE_ID=0 -Wall -ffunction-sections -ffat-lto-objects -Os -fdata-sections -c u8g2\csrc\u8x8_d_st7586s_jlx384160.c -o .\CortexM3\ARM_GCC_541\Release\u8x8_d_st7586s_jlx384160.o
arm-none-eabi-gcc.exe -mcpu=cortex-m3 -mthumb -I.\emFile_V322c\Code\Include\PSoC5\emf32nOS -I.\emFile_V322c\Code\Include\PSoC5 -I.\u8g2\csrc -I.\media -I. -IGenerated_Source\PSoC5 -Wa,-alh=.\CortexM3\ARM_GCC_541\Release/u8x8_d_st7586s_s028hn118a.lst -D NDEBUG -D CY_CORE_ID=0 -Wall -ffunction-sections -ffat-lto-objects -Os -fdata-sections -c u8g2\csrc\u8x8_d_st7586s_s028hn118a.c -o .\CortexM3\ARM_GCC_541\Release\u8x8_d_st7586s_s028hn118a.o
arm-none-eabi-gcc.exe -mcpu=cortex-m3 -mthumb -I.\emFile_V322c\Code\Include\PSoC5\emf32nOS -I.\emFile_V322c\Code\Include\PSoC5 -I.\u8g2\csrc -I.\media -I. -IGenerated_Source\PSoC5 -Wa,-alh=.\CortexM3\ARM_GCC_541\Release/u8x8_d_st7586s_ymc240160.lst -D NDEBUG -D CY_CORE_ID=0 -Wall -ffunction-sections -ffat-lto-objects -Os -fdata-sections -c u8g2\csrc\u8x8_d_st7586s_ymc240160.c -o .\CortexM3\ARM_GCC_541\Release\u8x8_d_st7586s_ymc240160.o
arm-none-eabi-gcc.exe -mcpu=cortex-m3 -mthumb -I.\emFile_V322c\Code\Include\PSoC5\emf32nOS -I.\emFile_V322c\Code\Include\PSoC5 -I.\u8g2\csrc -I.\media -I. -IGenerated_Source\PSoC5 -Wa,-alh=.\CortexM3\ARM_GCC_541\Release/u8x8_d_st7588.lst -D NDEBUG -D CY_CORE_ID=0 -Wall -ffunction-sections -ffat-lto-objects -Os -fdata-sections -c u8g2\csrc\u8x8_d_st7588.c -o .\CortexM3\ARM_GCC_541\Release\u8x8_d_st7588.o
arm-none-eabi-gcc.exe -mcpu=cortex-m3 -mthumb -I.\emFile_V322c\Code\Include\PSoC5\emf32nOS -I.\emFile_V322c\Code\Include\PSoC5 -I.\u8g2\csrc -I.\media -I. -IGenerated_Source\PSoC5 -Wa,-alh=.\CortexM3\ARM_GCC_541\Release/u8x8_d_st7920.lst -D NDEBUG -D CY_CORE_ID=0 -Wall -ffunction-sections -ffat-lto-objects -Os -fdata-sections -c u8g2\csrc\u8x8_d_st7920.c -o .\CortexM3\ARM_GCC_541\Release\u8x8_d_st7920.o
arm-none-eabi-gcc.exe -mcpu=cortex-m3 -mthumb -I.\emFile_V322c\Code\Include\PSoC5\emf32nOS -I.\emFile_V322c\Code\Include\PSoC5 -I.\u8g2\csrc -I.\media -I. -IGenerated_Source\PSoC5 -Wa,-alh=.\CortexM3\ARM_GCC_541\Release/u8x8_d_st75160.lst -D NDEBUG -D CY_CORE_ID=0 -Wall -ffunction-sections -ffat-lto-objects -Os -fdata-sections -c u8g2\csrc\u8x8_d_st75160.c -o .\CortexM3\ARM_GCC_541\Release\u8x8_d_st75160.o
arm-none-eabi-gcc.exe -mcpu=cortex-m3 -mthumb -I.\emFile_V322c\Code\Include\PSoC5\emf32nOS -I.\emFile_V322c\Code\Include\PSoC5 -I.\u8g2\csrc -I.\media -I. -IGenerated_Source\PSoC5 -Wa,-alh=.\CortexM3\ARM_GCC_541\Release/u8x8_d_st75256.lst -D NDEBUG -D CY_CORE_ID=0 -Wall -ffunction-sections -ffat-lto-objects -Os -fdata-sections -c u8g2\csrc\u8x8_d_st75256.c -o .\CortexM3\ARM_GCC_541\Release\u8x8_d_st75256.o
arm-none-eabi-gcc.exe -mcpu=cortex-m3 -mthumb -I.\emFile_V322c\Code\Include\PSoC5\emf32nOS -I.\emFile_V322c\Code\Include\PSoC5 -I.\u8g2\csrc -I.\media -I. -IGenerated_Source\PSoC5 -Wa,-alh=.\CortexM3\ARM_GCC_541\Release/u8x8_d_st75320.lst -D NDEBUG -D CY_CORE_ID=0 -Wall -ffunction-sections -ffat-lto-objects -Os -fdata-sections -c u8g2\csrc\u8x8_d_st75320.c -o .\CortexM3\ARM_GCC_541\Release\u8x8_d_st75320.o
arm-none-eabi-gcc.exe -mcpu=cortex-m3 -mthumb -I.\emFile_V322c\Code\Include\PSoC5\emf32nOS -I.\emFile_V322c\Code\Include\PSoC5 -I.\u8g2\csrc -I.\media -I. -IGenerated_Source\PSoC5 -Wa,-alh=.\CortexM3\ARM_GCC_541\Release/u8x8_d_stdio.lst -D NDEBUG -D CY_CORE_ID=0 -Wall -ffunction-sections -ffat-lto-objects -Os -fdata-sections -c u8g2\csrc\u8x8_d_stdio.c -o .\CortexM3\ARM_GCC_541\Release\u8x8_d_stdio.o
arm-none-eabi-gcc.exe -mcpu=cortex-m3 -mthumb -I.\emFile_V322c\Code\Include\PSoC5\emf32nOS -I.\emFile_V322c\Code\Include\PSoC5 -I.\u8g2\csrc -I.\media -I. -IGenerated_Source\PSoC5 -Wa,-alh=.\CortexM3\ARM_GCC_541\Release/u8x8_d_t6963.lst -D NDEBUG -D CY_CORE_ID=0 -Wall -ffunction-sections -ffat-lto-objects -Os -fdata-sections -c u8g2\csrc\u8x8_d_t6963.c -o .\CortexM3\ARM_GCC_541\Release\u8x8_d_t6963.o
arm-none-eabi-gcc.exe -mcpu=cortex-m3 -mthumb -I.\emFile_V322c\Code\Include\PSoC5\emf32nOS -I.\emFile_V322c\Code\Include\PSoC5 -I.\u8g2\csrc -I.\media -I. -IGenerated_Source\PSoC5 -Wa,-alh=.\CortexM3\ARM_GCC_541\Release/u8x8_d_uc1601.lst -D NDEBUG -D CY_CORE_ID=0 -Wall -ffunction-sections -ffat-lto-objects -Os -fdata-sections -c u8g2\csrc\u8x8_d_uc1601.c -o .\CortexM3\ARM_GCC_541\Release\u8x8_d_uc1601.o
arm-none-eabi-gcc.exe -mcpu=cortex-m3 -mthumb -I.\emFile_V322c\Code\Include\PSoC5\emf32nOS -I.\emFile_V322c\Code\Include\PSoC5 -I.\u8g2\csrc -I.\media -I. -IGenerated_Source\PSoC5 -Wa,-alh=.\CortexM3\ARM_GCC_541\Release/u8x8_d_uc1604.lst -D NDEBUG -D CY_CORE_ID=0 -Wall -ffunction-sections -ffat-lto-objects -Os -fdata-sections -c u8g2\csrc\u8x8_d_uc1604.c -o .\CortexM3\ARM_GCC_541\Release\u8x8_d_uc1604.o
arm-none-eabi-gcc.exe -mcpu=cortex-m3 -mthumb -I.\emFile_V322c\Code\Include\PSoC5\emf32nOS -I.\emFile_V322c\Code\Include\PSoC5 -I.\u8g2\csrc -I.\media -I. -IGenerated_Source\PSoC5 -Wa,-alh=.\CortexM3\ARM_GCC_541\Release/u8x8_d_uc1608.lst -D NDEBUG -D CY_CORE_ID=0 -Wall -ffunction-sections -ffat-lto-objects -Os -fdata-sections -c u8g2\csrc\u8x8_d_uc1608.c -o .\CortexM3\ARM_GCC_541\Release\u8x8_d_uc1608.o
arm-none-eabi-gcc.exe -mcpu=cortex-m3 -mthumb -I.\emFile_V322c\Code\Include\PSoC5\emf32nOS -I.\emFile_V322c\Code\Include\PSoC5 -I.\u8g2\csrc -I.\media -I. -IGenerated_Source\PSoC5 -Wa,-alh=.\CortexM3\ARM_GCC_541\Release/u8x8_d_uc1609.lst -D NDEBUG -D CY_CORE_ID=0 -Wall -ffunction-sections -ffat-lto-objects -Os -fdata-sections -c u8g2\csrc\u8x8_d_uc1609.c -o .\CortexM3\ARM_GCC_541\Release\u8x8_d_uc1609.o
arm-none-eabi-gcc.exe -mcpu=cortex-m3 -mthumb -I.\emFile_V322c\Code\Include\PSoC5\emf32nOS -I.\emFile_V322c\Code\Include\PSoC5 -I.\u8g2\csrc -I.\media -I. -IGenerated_Source\PSoC5 -Wa,-alh=.\CortexM3\ARM_GCC_541\Release/u8x8_d_uc1610.lst -D NDEBUG -D CY_CORE_ID=0 -Wall -ffunction-sections -ffat-lto-objects -Os -fdata-sections -c u8g2\csrc\u8x8_d_uc1610.c -o .\CortexM3\ARM_GCC_541\Release\u8x8_d_uc1610.o
arm-none-eabi-gcc.exe -mcpu=cortex-m3 -mthumb -I.\emFile_V322c\Code\Include\PSoC5\emf32nOS -I.\emFile_V322c\Code\Include\PSoC5 -I.\u8g2\csrc -I.\media -I. -IGenerated_Source\PSoC5 -Wa,-alh=.\CortexM3\ARM_GCC_541\Release/u8x8_d_uc1611.lst -D NDEBUG -D CY_CORE_ID=0 -Wall -ffunction-sections -ffat-lto-objects -Os -fdata-sections -c u8g2\csrc\u8x8_d_uc1611.c -o .\CortexM3\ARM_GCC_541\Release\u8x8_d_uc1611.o
arm-none-eabi-gcc.exe -mcpu=cortex-m3 -mthumb -I.\emFile_V322c\Code\Include\PSoC5\emf32nOS -I.\emFile_V322c\Code\Include\PSoC5 -I.\u8g2\csrc -I.\media -I. -IGenerated_Source\PSoC5 -Wa,-alh=.\CortexM3\ARM_GCC_541\Release/u8x8_d_uc1617.lst -D NDEBUG -D CY_CORE_ID=0 -Wall -ffunction-sections -ffat-lto-objects -Os -fdata-sections -c u8g2\csrc\u8x8_d_uc1617.c -o .\CortexM3\ARM_GCC_541\Release\u8x8_d_uc1617.o
arm-none-eabi-gcc.exe -mcpu=cortex-m3 -mthumb -I.\emFile_V322c\Code\Include\PSoC5\emf32nOS -I.\emFile_V322c\Code\Include\PSoC5 -I.\u8g2\csrc -I.\media -I. -IGenerated_Source\PSoC5 -Wa,-alh=.\CortexM3\ARM_GCC_541\Release/u8x8_d_uc1638.lst -D NDEBUG -D CY_CORE_ID=0 -Wall -ffunction-sections -ffat-lto-objects -Os -fdata-sections -c u8g2\csrc\u8x8_d_uc1638.c -o .\CortexM3\ARM_GCC_541\Release\u8x8_d_uc1638.o
arm-none-eabi-gcc.exe -mcpu=cortex-m3 -mthumb -I.\emFile_V322c\Code\Include\PSoC5\emf32nOS -I.\emFile_V322c\Code\Include\PSoC5 -I.\u8g2\csrc -I.\media -I. -IGenerated_Source\PSoC5 -Wa,-alh=.\CortexM3\ARM_GCC_541\Release/u8x8_d_uc1701_dogs102.lst -D NDEBUG -D CY_CORE_ID=0 -Wall -ffunction-sections -ffat-lto-objects -Os -fdata-sections -c u8g2\csrc\u8x8_d_uc1701_dogs102.c -o .\CortexM3\ARM_GCC_541\Release\u8x8_d_uc1701_dogs102.o
arm-none-eabi-gcc.exe -mcpu=cortex-m3 -mthumb -I.\emFile_V322c\Code\Include\PSoC5\emf32nOS -I.\emFile_V322c\Code\Include\PSoC5 -I.\u8g2\csrc -I.\media -I. -IGenerated_Source\PSoC5 -Wa,-alh=.\CortexM3\ARM_GCC_541\Release/u8x8_d_uc1701_mini12864.lst -D NDEBUG -D CY_CORE_ID=0 -Wall -ffunction-sections -ffat-lto-objects -Os -fdata-sections -c u8g2\csrc\u8x8_d_uc1701_mini12864.c -o .\CortexM3\ARM_GCC_541\Release\u8x8_d_uc1701_mini12864.o
arm-none-eabi-gcc.exe -mcpu=cortex-m3 -mthumb -I.\emFile_V322c\Code\Include\PSoC5\emf32nOS -I.\emFile_V322c\Code\Include\PSoC5 -I.\u8g2\csrc -I.\media -I. -IGenerated_Source\PSoC5 -Wa,-alh=.\CortexM3\ARM_GCC_541\Release/u8x8_debounce.lst -D NDEBUG -D CY_CORE_ID=0 -Wall -ffunction-sections -ffat-lto-objects -Os -fdata-sections -c u8g2\csrc\u8x8_debounce.c -o .\CortexM3\ARM_GCC_541\Release\u8x8_debounce.o
arm-none-eabi-gcc.exe -mcpu=cortex-m3 -mthumb -I.\emFile_V322c\Code\Include\PSoC5\emf32nOS -I.\emFile_V322c\Code\Include\PSoC5 -I.\u8g2\csrc -I.\media -I. -IGenerated_Source\PSoC5 -Wa,-alh=.\CortexM3\ARM_GCC_541\Release/u8x8_display.lst -D NDEBUG -D CY_CORE_ID=0 -Wall -ffunction-sections -ffat-lto-objects -Os -fdata-sections -c u8g2\csrc\u8x8_display.c -o .\CortexM3\ARM_GCC_541\Release\u8x8_display.o
arm-none-eabi-gcc.exe -mcpu=cortex-m3 -mthumb -I.\emFile_V322c\Code\Include\PSoC5\emf32nOS -I.\emFile_V322c\Code\Include\PSoC5 -I.\u8g2\csrc -I.\media -I. -IGenerated_Source\PSoC5 -Wa,-alh=.\CortexM3\ARM_GCC_541\Release/u8x8_fonts.lst -D NDEBUG -D CY_CORE_ID=0 -Wall -ffunction-sections -ffat-lto-objects -Os -fdata-sections -c u8g2\csrc\u8x8_fonts.c -o .\CortexM3\ARM_GCC_541\Release\u8x8_fonts.o
arm-none-eabi-gcc.exe -mcpu=cortex-m3 -mthumb -I.\emFile_V322c\Code\Include\PSoC5\emf32nOS -I.\emFile_V322c\Code\Include\PSoC5 -I.\u8g2\csrc -I.\media -I. -IGenerated_Source\PSoC5 -Wa,-alh=.\CortexM3\ARM_GCC_541\Release/u8x8_gpio.lst -D NDEBUG -D CY_CORE_ID=0 -Wall -ffunction-sections -ffat-lto-objects -Os -fdata-sections -c u8g2\csrc\u8x8_gpio.c -o .\CortexM3\ARM_GCC_541\Release\u8x8_gpio.o
arm-none-eabi-gcc.exe -mcpu=cortex-m3 -mthumb -I.\emFile_V322c\Code\Include\PSoC5\emf32nOS -I.\emFile_V322c\Code\Include\PSoC5 -I.\u8g2\csrc -I.\media -I. -IGenerated_Source\PSoC5 -Wa,-alh=.\CortexM3\ARM_GCC_541\Release/u8x8_input_value.lst -D NDEBUG -D CY_CORE_ID=0 -Wall -ffunction-sections -ffat-lto-objects -Os -fdata-sections -c u8g2\csrc\u8x8_input_value.c -o .\CortexM3\ARM_GCC_541\Release\u8x8_input_value.o
arm-none-eabi-gcc.exe -mcpu=cortex-m3 -mthumb -I.\emFile_V322c\Code\Include\PSoC5\emf32nOS -I.\emFile_V322c\Code\Include\PSoC5 -I.\u8g2\csrc -I.\media -I. -IGenerated_Source\PSoC5 -Wa,-alh=.\CortexM3\ARM_GCC_541\Release/u8x8_message.lst -D NDEBUG -D CY_CORE_ID=0 -Wall -ffunction-sections -ffat-lto-objects -Os -fdata-sections -c u8g2\csrc\u8x8_message.c -o .\CortexM3\ARM_GCC_541\Release\u8x8_message.o
arm-none-eabi-gcc.exe -mcpu=cortex-m3 -mthumb -I.\emFile_V322c\Code\Include\PSoC5\emf32nOS -I.\emFile_V322c\Code\Include\PSoC5 -I.\u8g2\csrc -I.\media -I. -IGenerated_Source\PSoC5 -Wa,-alh=.\CortexM3\ARM_GCC_541\Release/u8x8_selection_list.lst -D NDEBUG -D CY_CORE_ID=0 -Wall -ffunction-sections -ffat-lto-objects -Os -fdata-sections -c u8g2\csrc\u8x8_selection_list.c -o .\CortexM3\ARM_GCC_541\Release\u8x8_selection_list.o
arm-none-eabi-gcc.exe -mcpu=cortex-m3 -mthumb -I.\emFile_V322c\Code\Include\PSoC5\emf32nOS -I.\emFile_V322c\Code\Include\PSoC5 -I.\u8g2\csrc -I.\media -I. -IGenerated_Source\PSoC5 -Wa,-alh=.\CortexM3\ARM_GCC_541\Release/u8x8_setup.lst -D NDEBUG -D CY_CORE_ID=0 -Wall -ffunction-sections -ffat-lto-objects -Os -fdata-sections -c u8g2\csrc\u8x8_setup.c -o .\CortexM3\ARM_GCC_541\Release\u8x8_setup.o
arm-none-eabi-gcc.exe -mcpu=cortex-m3 -mthumb -I.\emFile_V322c\Code\Include\PSoC5\emf32nOS -I.\emFile_V322c\Code\Include\PSoC5 -I.\u8g2\csrc -I.\media -I. -IGenerated_Source\PSoC5 -Wa,-alh=.\CortexM3\ARM_GCC_541\Release/u8x8_string.lst -D NDEBUG -D CY_CORE_ID=0 -Wall -ffunction-sections -ffat-lto-objects -Os -fdata-sections -c u8g2\csrc\u8x8_string.c -o .\CortexM3\ARM_GCC_541\Release\u8x8_string.o
arm-none-eabi-gcc.exe -mcpu=cortex-m3 -mthumb -I.\emFile_V322c\Code\Include\PSoC5\emf32nOS -I.\emFile_V322c\Code\Include\PSoC5 -I.\u8g2\csrc -I.\media -I. -IGenerated_Source\PSoC5 -Wa,-alh=.\CortexM3\ARM_GCC_541\Release/u8x8_u8toa.lst -D NDEBUG -D CY_CORE_ID=0 -Wall -ffunction-sections -ffat-lto-objects -Os -fdata-sections -c u8g2\csrc\u8x8_u8toa.c -o .\CortexM3\ARM_GCC_541\Release\u8x8_u8toa.o
arm-none-eabi-gcc.exe -mcpu=cortex-m3 -mthumb -I.\emFile_V322c\Code\Include\PSoC5\emf32nOS -I.\emFile_V322c\Code\Include\PSoC5 -I.\u8g2\csrc -I.\media -I. -IGenerated_Source\PSoC5 -Wa,-alh=.\CortexM3\ARM_GCC_541\Release/u8x8_u16toa.lst -D NDEBUG -D CY_CORE_ID=0 -Wall -ffunction-sections -ffat-lto-objects -Os -fdata-sections -c u8g2\csrc\u8x8_u16toa.c -o .\CortexM3\ARM_GCC_541\Release\u8x8_u16toa.o
arm-none-eabi-gcc.exe -mcpu=cortex-m3 -mthumb -I.\emFile_V322c\Code\Include\PSoC5\emf32nOS -I.\emFile_V322c\Code\Include\PSoC5 -I.\u8g2\csrc -I.\media -I. -IGenerated_Source\PSoC5 -Wa,-alh=.\CortexM3\ARM_GCC_541\Release/main.lst -D NDEBUG -D CY_CORE_ID=0 -Wall -ffunction-sections -ffat-lto-objects -Os -fdata-sections -c main.c -o .\CortexM3\ARM_GCC_541\Release\main.o
main.c: In function 'ADC_KEYS_IRQ_Interrupt_InterruptCallback':
main.c:22:18: warning: implicit declaration of function 'ADC_KEYS_GetResult8' [-Wimplicit-function-declaration]
     uint8 val = (ADC_KEYS_GetResult8()>>4);
                  ^
arm-none-eabi-gcc.exe -mcpu=cortex-m3 -mthumb -I.\emFile_V322c\Code\Include\PSoC5\emf32nOS -I.\emFile_V322c\Code\Include\PSoC5 -I.\u8g2\csrc -I.\media -I. -IGenerated_Source\PSoC5 -Wa,-alh=.\CortexM3\ARM_GCC_541\Release/u8x8_psoc.lst -D NDEBUG -D CY_CORE_ID=0 -Wall -ffunction-sections -ffat-lto-objects -Os -fdata-sections -c u8x8_psoc.c -o .\CortexM3\ARM_GCC_541\Release\u8x8_psoc.o
u8x8_psoc.c: In function 'u8x8_psoc_delay':
u8x8_psoc.c:37:10: warning: unused variable 'cycles' [-Wunused-variable]
  uint8_t cycles;
          ^
arm-none-eabi-gcc.exe -mcpu=cortex-m3 -mthumb -I.\emFile_V322c\Code\Include\PSoC5\emf32nOS -I.\emFile_V322c\Code\Include\PSoC5 -I.\u8g2\csrc -I.\media -I. -IGenerated_Source\PSoC5 -Wa,-alh=.\CortexM3\ARM_GCC_541\Release/u8g2_font_zx_8rf1b0.lst -D NDEBUG -D CY_CORE_ID=0 -Wall -ffunction-sections -ffat-lto-objects -Os -fdata-sections -c media\u8g2_font_zx_8rf1b0.c -o .\CortexM3\ARM_GCC_541\Release\u8g2_font_zx_8rf1b0.o
arm-none-eabi-gcc.exe -mcpu=cortex-m3 -mthumb -I.\emFile_V322c\Code\Include\PSoC5\emf32nOS -I.\emFile_V322c\Code\Include\PSoC5 -I.\u8g2\csrc -I.\media -I. -IGenerated_Source\PSoC5 -Wa,-alh=.\CortexM3\ARM_GCC_541\Release/cyfitter_cfg.lst -D NDEBUG -D CY_CORE_ID=0 -Wall -ffunction-sections -ffat-lto-objects -Os -fdata-sections -c Generated_Source\PSoC5\cyfitter_cfg.c -o .\CortexM3\ARM_GCC_541\Release\cyfitter_cfg.o
arm-none-eabi-gcc.exe -mcpu=cortex-m3 -mthumb -I.\emFile_V322c\Code\Include\PSoC5\emf32nOS -I.\emFile_V322c\Code\Include\PSoC5 -I.\u8g2\csrc -I.\media -I. -IGenerated_Source\PSoC5 -Wa,-alh=.\CortexM3\ARM_GCC_541\Release/cymetadata.lst -D NDEBUG -D CY_CORE_ID=0 -Wall -ffunction-sections -ffat-lto-objects -Os -fdata-sections -c Generated_Source\PSoC5\cymetadata.c -o .\CortexM3\ARM_GCC_541\Release\cymetadata.o
arm-none-eabi-gcc.exe -mcpu=cortex-m3 -mthumb -I.\emFile_V322c\Code\Include\PSoC5\emf32nOS -I.\emFile_V322c\Code\Include\PSoC5 -I.\u8g2\csrc -I.\media -I. -IGenerated_Source\PSoC5 -Wa,-alh=.\CortexM3\ARM_GCC_541\Release/OLED_SDA.lst -D NDEBUG -D CY_CORE_ID=0 -Wall -ffunction-sections -ffat-lto-objects -Os -fdata-sections -c Generated_Source\PSoC5\OLED_SDA.c -o .\CortexM3\ARM_GCC_541\Release\OLED_SDA.o
arm-none-eabi-gcc.exe -mcpu=cortex-m3 -mthumb -I.\emFile_V322c\Code\Include\PSoC5\emf32nOS -I.\emFile_V322c\Code\Include\PSoC5 -I.\u8g2\csrc -I.\media -I. -IGenerated_Source\PSoC5 -Wa,-alh=.\CortexM3\ARM_GCC_541\Release/OLED_SCL.lst -D NDEBUG -D CY_CORE_ID=0 -Wall -ffunction-sections -ffat-lto-objects -Os -fdata-sections -c Generated_Source\PSoC5\OLED_SCL.c -o .\CortexM3\ARM_GCC_541\Release\OLED_SCL.o
arm-none-eabi-gcc.exe -mcpu=cortex-m3 -mthumb -I.\emFile_V322c\Code\Include\PSoC5\emf32nOS -I.\emFile_V322c\Code\Include\PSoC5 -I.\u8g2\csrc -I.\media -I. -IGenerated_Source\PSoC5 -Wa,-alh=.\CortexM3\ARM_GCC_541\Release/I2COLED.lst -D NDEBUG -D CY_CORE_ID=0 -Wall -ffunction-sections -ffat-lto-objects -Os -fdata-sections -c Generated_Source\PSoC5\I2COLED.c -o .\CortexM3\ARM_GCC_541\Release\I2COLED.o
arm-none-eabi-gcc.exe -mcpu=cortex-m3 -mthumb -I.\emFile_V322c\Code\Include\PSoC5\emf32nOS -I.\emFile_V322c\Code\Include\PSoC5 -I.\u8g2\csrc -I.\media -I. -IGenerated_Source\PSoC5 -Wa,-alh=.\CortexM3\ARM_GCC_541\Release/I2COLED_BOOT.lst -D NDEBUG -D CY_CORE_ID=0 -Wall -ffunction-sections -ffat-lto-objects -Os -fdata-sections -c Generated_Source\PSoC5\I2COLED_BOOT.c -o .\CortexM3\ARM_GCC_541\Release\I2COLED_BOOT.o
arm-none-eabi-gcc.exe -mcpu=cortex-m3 -mthumb -I.\emFile_V322c\Code\Include\PSoC5\emf32nOS -I.\emFile_V322c\Code\Include\PSoC5 -I.\u8g2\csrc -I.\media -I. -IGenerated_Source\PSoC5 -Wa,-alh=.\CortexM3\ARM_GCC_541\Release/I2COLED_INT.lst -D NDEBUG -D CY_CORE_ID=0 -Wall -ffunction-sections -ffat-lto-objects -Os -fdata-sections -c Generated_Source\PSoC5\I2COLED_INT.c -o .\CortexM3\ARM_GCC_541\Release\I2COLED_INT.o
arm-none-eabi-gcc.exe -mcpu=cortex-m3 -mthumb -I.\emFile_V322c\Code\Include\PSoC5\emf32nOS -I.\emFile_V322c\Code\Include\PSoC5 -I.\u8g2\csrc -I.\media -I. -IGenerated_Source\PSoC5 -Wa,-alh=.\CortexM3\ARM_GCC_541\Release/I2COLED_PM.lst -D NDEBUG -D CY_CORE_ID=0 -Wall -ffunction-sections -ffat-lto-objects -Os -fdata-sections -c Generated_Source\PSoC5\I2COLED_PM.c -o .\CortexM3\ARM_GCC_541\Release\I2COLED_PM.o
arm-none-eabi-gcc.exe -mcpu=cortex-m3 -mthumb -I.\emFile_V322c\Code\Include\PSoC5\emf32nOS -I.\emFile_V322c\Code\Include\PSoC5 -I.\u8g2\csrc -I.\media -I. -IGenerated_Source\PSoC5 -Wa,-alh=.\CortexM3\ARM_GCC_541\Release/I2COLED_SLAVE.lst -D NDEBUG -D CY_CORE_ID=0 -Wall -ffunction-sections -ffat-lto-objects -Os -fdata-sections -c Generated_Source\PSoC5\I2COLED_SLAVE.c -o .\CortexM3\ARM_GCC_541\Release\I2COLED_SLAVE.o
arm-none-eabi-gcc.exe -mcpu=cortex-m3 -mthumb -I.\emFile_V322c\Code\Include\PSoC5\emf32nOS -I.\emFile_V322c\Code\Include\PSoC5 -I.\u8g2\csrc -I.\media -I. -IGenerated_Source\PSoC5 -Wa,-alh=.\CortexM3\ARM_GCC_541\Release/I2COLED_MASTER.lst -D NDEBUG -D CY_CORE_ID=0 -Wall -ffunction-sections -ffat-lto-objects -Os -fdata-sections -c Generated_Source\PSoC5\I2COLED_MASTER.c -o .\CortexM3\ARM_GCC_541\Release\I2COLED_MASTER.o
arm-none-eabi-gcc.exe -mcpu=cortex-m3 -mthumb -I.\emFile_V322c\Code\Include\PSoC5\emf32nOS -I.\emFile_V322c\Code\Include\PSoC5 -I.\u8g2\csrc -I.\media -I. -IGenerated_Source\PSoC5 -Wa,-alh=.\CortexM3\ARM_GCC_541\Release/SD_CARD_ConfigMMC_SPI.lst -D NDEBUG -D CY_CORE_ID=0 -Wall -ffunction-sections -ffat-lto-objects -Os -fdata-sections -c Generated_Source\PSoC5\SD_CARD_ConfigMMC_SPI.c -o .\CortexM3\ARM_GCC_541\Release\SD_CARD_ConfigMMC_SPI.o
arm-none-eabi-gcc.exe -mcpu=cortex-m3 -mthumb -I.\emFile_V322c\Code\Include\PSoC5\emf32nOS -I.\emFile_V322c\Code\Include\PSoC5 -I.\u8g2\csrc -I.\media -I. -IGenerated_Source\PSoC5 -Wa,-alh=.\CortexM3\ARM_GCC_541\Release/SD_CARD_MMC_HW_SPI.lst -D NDEBUG -D CY_CORE_ID=0 -Wall -ffunction-sections -ffat-lto-objects -Os -fdata-sections -c Generated_Source\PSoC5\SD_CARD_MMC_HW_SPI.c -o .\CortexM3\ARM_GCC_541\Release\SD_CARD_MMC_HW_SPI.o
arm-none-eabi-gcc.exe -mcpu=cortex-m3 -mthumb -I.\emFile_V322c\Code\Include\PSoC5\emf32nOS -I.\emFile_V322c\Code\Include\PSoC5 -I.\u8g2\csrc -I.\media -I. -IGenerated_Source\PSoC5 -Wa,-alh=.\CortexM3\ARM_GCC_541\Release/SD_CARD_PM.lst -D NDEBUG -D CY_CORE_ID=0 -Wall -ffunction-sections -ffat-lto-objects -Os -fdata-sections -c Generated_Source\PSoC5\SD_CARD_PM.c -o .\CortexM3\ARM_GCC_541\Release\SD_CARD_PM.o
arm-none-eabi-gcc.exe -mcpu=cortex-m3 -mthumb -I.\emFile_V322c\Code\Include\PSoC5\emf32nOS -I.\emFile_V322c\Code\Include\PSoC5 -I.\u8g2\csrc -I.\media -I. -IGenerated_Source\PSoC5 -Wa,-alh=.\CortexM3\ARM_GCC_541\Release/SDD_DET.lst -D NDEBUG -D CY_CORE_ID=0 -Wall -ffunction-sections -ffat-lto-objects -Os -fdata-sections -c Generated_Source\PSoC5\SDD_DET.c -o .\CortexM3\ARM_GCC_541\Release\SDD_DET.o
arm-none-eabi-gcc.exe -mcpu=cortex-m3 -mthumb -I.\emFile_V322c\Code\Include\PSoC5\emf32nOS -I.\emFile_V322c\Code\Include\PSoC5 -I.\u8g2\csrc -I.\media -I. -IGenerated_Source\PSoC5 -Wa,-alh=.\CortexM3\ARM_GCC_541\Release/SD_CARD_SPI0.lst -D NDEBUG -D CY_CORE_ID=0 -Wall -ffunction-sections -ffat-lto-objects -Os -fdata-sections -c Generated_Source\PSoC5\SD_CARD_SPI0.c -o .\CortexM3\ARM_GCC_541\Release\SD_CARD_SPI0.o
arm-none-eabi-gcc.exe -mcpu=cortex-m3 -mthumb -I.\emFile_V322c\Code\Include\PSoC5\emf32nOS -I.\emFile_V322c\Code\Include\PSoC5 -I.\u8g2\csrc -I.\media -I. -IGenerated_Source\PSoC5 -Wa,-alh=.\CortexM3\ARM_GCC_541\Release/SD_CARD_SPI0_PM.lst -D NDEBUG -D CY_CORE_ID=0 -Wall -ffunction-sections -ffat-lto-objects -Os -fdata-sections -c Generated_Source\PSoC5\SD_CARD_SPI0_PM.c -o .\CortexM3\ARM_GCC_541\Release\SD_CARD_SPI0_PM.o
arm-none-eabi-gcc.exe -mcpu=cortex-m3 -mthumb -I.\emFile_V322c\Code\Include\PSoC5\emf32nOS -I.\emFile_V322c\Code\Include\PSoC5 -I.\u8g2\csrc -I.\media -I. -IGenerated_Source\PSoC5 -Wa,-alh=.\CortexM3\ARM_GCC_541\Release/SD_CARD_SPI0_INT.lst -D NDEBUG -D CY_CORE_ID=0 -Wall -ffunction-sections -ffat-lto-objects -Os -fdata-sections -c Generated_Source\PSoC5\SD_CARD_SPI0_INT.c -o .\CortexM3\ARM_GCC_541\Release\SD_CARD_SPI0_INT.o
arm-none-eabi-gcc.exe -mcpu=cortex-m3 -mthumb -I.\emFile_V322c\Code\Include\PSoC5\emf32nOS -I.\emFile_V322c\Code\Include\PSoC5 -I.\u8g2\csrc -I.\media -I. -IGenerated_Source\PSoC5 -Wa,-alh=.\CortexM3\ARM_GCC_541\Release/SD_CARD_mosi0.lst -D NDEBUG -D CY_CORE_ID=0 -Wall -ffunction-sections -ffat-lto-objects -Os -fdata-sections -c Generated_Source\PSoC5\SD_CARD_mosi0.c -o .\CortexM3\ARM_GCC_541\Release\SD_CARD_mosi0.o
arm-none-eabi-gcc.exe -mcpu=cortex-m3 -mthumb -I.\emFile_V322c\Code\Include\PSoC5\emf32nOS -I.\emFile_V322c\Code\Include\PSoC5 -I.\u8g2\csrc -I.\media -I. -IGenerated_Source\PSoC5 -Wa,-alh=.\CortexM3\ARM_GCC_541\Release/SD_CARD_Clock_1.lst -D NDEBUG -D CY_CORE_ID=0 -Wall -ffunction-sections -ffat-lto-objects -Os -fdata-sections -c Generated_Source\PSoC5\SD_CARD_Clock_1.c -o .\CortexM3\ARM_GCC_541\Release\SD_CARD_Clock_1.o
arm-none-eabi-gcc.exe -mcpu=cortex-m3 -mthumb -I.\emFile_V322c\Code\Include\PSoC5\emf32nOS -I.\emFile_V322c\Code\Include\PSoC5 -I.\u8g2\csrc -I.\media -I. -IGenerated_Source\PSoC5 -Wa,-alh=.\CortexM3\ARM_GCC_541\Release/SD_CARD_miso0.lst -D NDEBUG -D CY_CORE_ID=0 -Wall -ffunction-sections -ffat-lto-objects -Os -fdata-sections -c Generated_Source\PSoC5\SD_CARD_miso0.c -o .\CortexM3\ARM_GCC_541\Release\SD_CARD_miso0.o
arm-none-eabi-gcc.exe -mcpu=cortex-m3 -mthumb -I.\emFile_V322c\Code\Include\PSoC5\emf32nOS -I.\emFile_V322c\Code\Include\PSoC5 -I.\u8g2\csrc -I.\media -I. -IGenerated_Source\PSoC5 -Wa,-alh=.\CortexM3\ARM_GCC_541\Release/SD_CARD_sclk0.lst -D NDEBUG -D CY_CORE_ID=0 -Wall -ffunction-sections -ffat-lto-objects -Os -fdata-sections -c Generated_Source\PSoC5\SD_CARD_sclk0.c -o .\CortexM3\ARM_GCC_541\Release\SD_CARD_sclk0.o
arm-none-eabi-gcc.exe -mcpu=cortex-m3 -mthumb -I.\emFile_V322c\Code\Include\PSoC5\emf32nOS -I.\emFile_V322c\Code\Include\PSoC5 -I.\u8g2\csrc -I.\media -I. -IGenerated_Source\PSoC5 -Wa,-alh=.\CortexM3\ARM_GCC_541\Release/SD_CARD_SPI0_CS.lst -D NDEBUG -D CY_CORE_ID=0 -Wall -ffunction-sections -ffat-lto-objects -Os -fdata-sections -c Generated_Source\PSoC5\SD_CARD_SPI0_CS.c -o .\CortexM3\ARM_GCC_541\Release\SD_CARD_SPI0_CS.o
arm-none-eabi-gcc.exe -mcpu=cortex-m3 -mthumb -I.\emFile_V322c\Code\Include\PSoC5\emf32nOS -I.\emFile_V322c\Code\Include\PSoC5 -I.\u8g2\csrc -I.\media -I. -IGenerated_Source\PSoC5 -Wa,-alh=.\CortexM3\ARM_GCC_541\Release/Cm3Start.lst -D NDEBUG -D CY_CORE_ID=0 -Wall -ffunction-sections -ffat-lto-objects -Os -fdata-sections -c Generated_Source\PSoC5\Cm3Start.c -o .\CortexM3\ARM_GCC_541\Release\Cm3Start.o
arm-none-eabi-gcc.exe -mcpu=cortex-m3 -mthumb -I.\emFile_V322c\Code\Include\PSoC5\emf32nOS -I.\emFile_V322c\Code\Include\PSoC5 -I.\u8g2\csrc -I.\media -I. -IGenerated_Source\PSoC5 -Wa,-alh=.\CortexM3\ARM_GCC_541\Release/CyDmac.lst -D NDEBUG -D CY_CORE_ID=0 -Wall -ffunction-sections -ffat-lto-objects -Os -fdata-sections -c Generated_Source\PSoC5\CyDmac.c -o .\CortexM3\ARM_GCC_541\Release\CyDmac.o
arm-none-eabi-gcc.exe -mcpu=cortex-m3 -mthumb -I.\emFile_V322c\Code\Include\PSoC5\emf32nOS -I.\emFile_V322c\Code\Include\PSoC5 -I.\u8g2\csrc -I.\media -I. -IGenerated_Source\PSoC5 -Wa,-alh=.\CortexM3\ARM_GCC_541\Release/CyFlash.lst -D NDEBUG -D CY_CORE_ID=0 -Wall -ffunction-sections -ffat-lto-objects -Os -fdata-sections -c Generated_Source\PSoC5\CyFlash.c -o .\CortexM3\ARM_GCC_541\Release\CyFlash.o
arm-none-eabi-gcc.exe -mcpu=cortex-m3 -mthumb -I.\emFile_V322c\Code\Include\PSoC5\emf32nOS -I.\emFile_V322c\Code\Include\PSoC5 -I.\u8g2\csrc -I.\media -I. -IGenerated_Source\PSoC5 -Wa,-alh=.\CortexM3\ARM_GCC_541\Release/CyLib.lst -D NDEBUG -D CY_CORE_ID=0 -Wall -ffunction-sections -ffat-lto-objects -Os -fdata-sections -c Generated_Source\PSoC5\CyLib.c -o .\CortexM3\ARM_GCC_541\Release\CyLib.o
arm-none-eabi-gcc.exe -mcpu=cortex-m3 -mthumb -I.\emFile_V322c\Code\Include\PSoC5\emf32nOS -I.\emFile_V322c\Code\Include\PSoC5 -I.\u8g2\csrc -I.\media -I. -IGenerated_Source\PSoC5 -Wa,-alh=.\CortexM3\ARM_GCC_541\Release/cyPm.lst -D NDEBUG -D CY_CORE_ID=0 -Wall -ffunction-sections -ffat-lto-objects -Os -fdata-sections -c Generated_Source\PSoC5\cyPm.c -o .\CortexM3\ARM_GCC_541\Release\cyPm.o
arm-none-eabi-gcc.exe -mcpu=cortex-m3 -mthumb -I.\emFile_V322c\Code\Include\PSoC5\emf32nOS -I.\emFile_V322c\Code\Include\PSoC5 -I.\u8g2\csrc -I.\media -I. -IGenerated_Source\PSoC5 -Wa,-alh=.\CortexM3\ARM_GCC_541\Release/CySpc.lst -D NDEBUG -D CY_CORE_ID=0 -Wall -ffunction-sections -ffat-lto-objects -Os -fdata-sections -c Generated_Source\PSoC5\CySpc.c -o .\CortexM3\ARM_GCC_541\Release\CySpc.o
arm-none-eabi-gcc.exe -mcpu=cortex-m3 -mthumb -I.\emFile_V322c\Code\Include\PSoC5\emf32nOS -I.\emFile_V322c\Code\Include\PSoC5 -I.\u8g2\csrc -I.\media -I. -IGenerated_Source\PSoC5 -Wa,-alh=.\CortexM3\ARM_GCC_541\Release/cyutils.lst -D NDEBUG -D CY_CORE_ID=0 -Wall -ffunction-sections -ffat-lto-objects -Os -fdata-sections -c Generated_Source\PSoC5\cyutils.c -o .\CortexM3\ARM_GCC_541\Release\cyutils.o
arm-none-eabi-gcc.exe -mcpu=cortex-m3 -mthumb -I.\emFile_V322c\Code\Include\PSoC5\emf32nOS -I.\emFile_V322c\Code\Include\PSoC5 -I.\u8g2\csrc -I.\media -I. -IGenerated_Source\PSoC5 -Wa,-alh=.\CortexM3\ARM_GCC_541\Release/cy_em_eeprom.lst -D NDEBUG -D CY_CORE_ID=0 -Wall -ffunction-sections -ffat-lto-objects -Os -fdata-sections -c Generated_Source\PSoC5\cy_em_eeprom.c -o .\CortexM3\ARM_GCC_541\Release\cy_em_eeprom.o
arm-none-eabi-as.exe -mcpu=cortex-m3 -mthumb -I. -IGenerated_Source\PSoC5 -alh=.\CortexM3\ARM_GCC_541\Release/CyBootAsmGnu.lst -g -W -o .\CortexM3\ARM_GCC_541\Release\CyBootAsmGnu.o Generated_Source\PSoC5\CyBootAsmGnu.s
arm-none-eabi-ar.exe -rs .\CortexM3\ARM_GCC_541\Release\psoc5_u8g2.a .\CortexM3\ARM_GCC_541\Release\OLED_SDA.o .\CortexM3\ARM_GCC_541\Release\OLED_SCL.o .\CortexM3\ARM_GCC_541\Release\I2COLED.o .\CortexM3\ARM_GCC_541\Release\I2COLED_BOOT.o .\CortexM3\ARM_GCC_541\Release\I2COLED_INT.o .\CortexM3\ARM_GCC_541\Release\I2COLED_PM.o .\CortexM3\ARM_GCC_541\Release\I2COLED_SLAVE.o .\CortexM3\ARM_GCC_541\Release\I2COLED_MASTER.o .\CortexM3\ARM_GCC_541\Release\SD_CARD_ConfigMMC_SPI.o .\CortexM3\ARM_GCC_541\Release\SD_CARD_MMC_HW_SPI.o .\CortexM3\ARM_GCC_541\Release\SD_CARD_PM.o .\CortexM3\ARM_GCC_541\Release\SDD_DET.o .\CortexM3\ARM_GCC_541\Release\SD_CARD_SPI0.o .\CortexM3\ARM_GCC_541\Release\SD_CARD_SPI0_PM.o .\CortexM3\ARM_GCC_541\Release\SD_CARD_SPI0_INT.o .\CortexM3\ARM_GCC_541\Release\SD_CARD_mosi0.o .\CortexM3\ARM_GCC_541\Release\SD_CARD_Clock_1.o .\CortexM3\ARM_GCC_541\Release\SD_CARD_miso0.o .\CortexM3\ARM_GCC_541\Release\SD_CARD_sclk0.o .\CortexM3\ARM_GCC_541\Release\SD_CARD_SPI0_CS.o .\CortexM3\ARM_GCC_541\Release\CyDmac.o .\CortexM3\ARM_GCC_541\Release\CyFlash.o .\CortexM3\ARM_GCC_541\Release\CyLib.o .\CortexM3\ARM_GCC_541\Release\cyPm.o .\CortexM3\ARM_GCC_541\Release\CySpc.o .\CortexM3\ARM_GCC_541\Release\cyutils.o .\CortexM3\ARM_GCC_541\Release\cy_em_eeprom.o .\CortexM3\ARM_GCC_541\Release\CyBootAsmGnu.o
arm-none-eabi-ar.exe: creating .\CortexM3\ARM_GCC_541\Release\psoc5_u8g2.a
arm-none-eabi-gcc.exe -Wl,--start-group -o "C:\Users\steev\OneDrive\Dokumenty\PSoC Creator\PSoCWorkspace\psoc5_u8g2.cydsn\CortexM3\ARM_GCC_541\Release\psoc5_u8g2.elf" .\CortexM3\ARM_GCC_541\Release\mui.o .\CortexM3\ARM_GCC_541\Release\mui_u8g2.o .\CortexM3\ARM_GCC_541\Release\u8g2_bitmap.o .\CortexM3\ARM_GCC_541\Release\u8g2_box.o .\CortexM3\ARM_GCC_541\Release\u8g2_buffer.o .\CortexM3\ARM_GCC_541\Release\u8g2_button.o .\CortexM3\ARM_GCC_541\Release\u8g2_circle.o .\CortexM3\ARM_GCC_541\Release\u8g2_cleardisplay.o .\CortexM3\ARM_GCC_541\Release\u8g2_d_memory.o .\CortexM3\ARM_GCC_541\Release\u8g2_d_setup.o .\CortexM3\ARM_GCC_541\Release\u8g2_font.o .\CortexM3\ARM_GCC_541\Release\u8g2_fonts.o .\CortexM3\ARM_GCC_541\Release\u8g2_hvline.o .\CortexM3\ARM_GCC_541\Release\u8g2_input_value.o .\CortexM3\ARM_GCC_541\Release\u8g2_intersection.o .\CortexM3\ARM_GCC_541\Release\u8g2_kerning.o .\CortexM3\ARM_GCC_541\Release\u8g2_line.o .\CortexM3\ARM_GCC_541\Release\u8g2_ll_hvline.o .\CortexM3\ARM_GCC_541\Release\u8g2_message.o .\CortexM3\ARM_GCC_541\Release\u8g2_polygon.o .\CortexM3\ARM_GCC_541\Release\u8g2_selection_list.o .\CortexM3\ARM_GCC_541\Release\u8g2_setup.o .\CortexM3\ARM_GCC_541\Release\u8log.o .\CortexM3\ARM_GCC_541\Release\u8log_u8g2.o .\CortexM3\ARM_GCC_541\Release\u8log_u8x8.o .\CortexM3\ARM_GCC_541\Release\u8x8_8x8.o .\CortexM3\ARM_GCC_541\Release\u8x8_byte.o .\CortexM3\ARM_GCC_541\Release\u8x8_cad.o .\CortexM3\ARM_GCC_541\Release\u8x8_capture.o .\CortexM3\ARM_GCC_541\Release\u8x8_d_a2printer.o .\CortexM3\ARM_GCC_541\Release\u8x8_d_gp1247ai.o .\CortexM3\ARM_GCC_541\Release\u8x8_d_gp1287ai.o .\CortexM3\ARM_GCC_541\Release\u8x8_d_gu800.o .\CortexM3\ARM_GCC_541\Release\u8x8_d_hd44102.o .\CortexM3\ARM_GCC_541\Release\u8x8_d_il3820_296x128.o .\CortexM3\ARM_GCC_541\Release\u8x8_d_ist3020.o .\CortexM3\ARM_GCC_541\Release\u8x8_d_ist3088.o .\CortexM3\ARM_GCC_541\Release\u8x8_d_ist7920.o .\CortexM3\ARM_GCC_541\Release\u8x8_d_ks0108.o .\CortexM3\ARM_GCC_541\Release\u8x8_d_lc7981.o .\CortexM3\ARM_GCC_541\Release\u8x8_d_ld7032_60x32.o .\CortexM3\ARM_GCC_541\Release\u8x8_d_ls013b7dh03.o .\CortexM3\ARM_GCC_541\Release\u8x8_d_max7219.o .\CortexM3\ARM_GCC_541\Release\u8x8_d_pcd8544_84x48.o .\CortexM3\ARM_GCC_541\Release\u8x8_d_pcf8812.o .\CortexM3\ARM_GCC_541\Release\u8x8_d_pcf8814_hx1230.o .\CortexM3\ARM_GCC_541\Release\u8x8_d_s1d15e06.o .\CortexM3\ARM_GCC_541\Release\u8x8_d_s1d15300.o .\CortexM3\ARM_GCC_541\Release\u8x8_d_s1d15721.o .\CortexM3\ARM_GCC_541\Release\u8x8_d_sbn1661.o .\CortexM3\ARM_GCC_541\Release\u8x8_d_sed1330.o .\CortexM3\ARM_GCC_541\Release\u8x8_d_sh1106_64x32.o .\CortexM3\ARM_GCC_541\Release\u8x8_d_sh1106_72x40.o .\CortexM3\ARM_GCC_541\Release\u8x8_d_sh1107.o .\CortexM3\ARM_GCC_541\Release\u8x8_d_sh1108.o .\CortexM3\ARM_GCC_541\Release\u8x8_d_sh1122.o .\CortexM3\ARM_GCC_541\Release\u8x8_d_ssd1305.o .\CortexM3\ARM_GCC_541\Release\u8x8_d_ssd1306_48x64.o .\CortexM3\ARM_GCC_541\Release\u8x8_d_ssd1306_64x32.o .\CortexM3\ARM_GCC_541\Release\u8x8_d_ssd1306_64x48.o .\CortexM3\ARM_GCC_541\Release\u8x8_d_ssd1306_72x40.o .\CortexM3\ARM_GCC_541\Release\u8x8_d_ssd1306_96x16.o .\CortexM3\ARM_GCC_541\Release\u8x8_d_ssd1306_96x40.o .\CortexM3\ARM_GCC_541\Release\u8x8_d_ssd1306_128x32.o .\CortexM3\ARM_GCC_541\Release\u8x8_d_ssd1306_128x64_noname.o .\CortexM3\ARM_GCC_541\Release\u8x8_d_ssd1306_2040x16.o .\CortexM3\ARM_GCC_541\Release\u8x8_d_ssd1309.o .\CortexM3\ARM_GCC_541\Release\u8x8_d_ssd1316.o .\CortexM3\ARM_GCC_541\Release\u8x8_d_ssd1317.o .\CortexM3\ARM_GCC_541\Release\u8x8_d_ssd1318.o .\CortexM3\ARM_GCC_541\Release\u8x8_d_ssd1320.o .\CortexM3\ARM_GCC_541\Release\u8x8_d_ssd1322.o .\CortexM3\ARM_GCC_541\Release\u8x8_d_ssd1325.o .\CortexM3\ARM_GCC_541\Release\u8x8_d_ssd1326.o .\CortexM3\ARM_GCC_541\Release\u8x8_d_ssd1327.o .\CortexM3\ARM_GCC_541\Release\u8x8_d_ssd1329.o .\CortexM3\ARM_GCC_541\Release\u8x8_d_ssd1362.o .\CortexM3\ARM_GCC_541\Release\u8x8_d_ssd1606_172x72.o .\CortexM3\ARM_GCC_541\Release\u8x8_d_ssd1607_200x200.o .\CortexM3\ARM_GCC_541\Release\u8x8_d_st7511.o .\CortexM3\ARM_GCC_541\Release\u8x8_d_st7528.o .\CortexM3\ARM_GCC_541\Release\u8x8_d_st7539.o .\CortexM3\ARM_GCC_541\Release\u8x8_d_st7565.o .\CortexM3\ARM_GCC_541\Release\u8x8_d_st7567.o .\CortexM3\ARM_GCC_541\Release\u8x8_d_st7571.o .\CortexM3\ARM_GCC_541\Release\u8x8_d_st7586s_erc240160.o .\CortexM3\ARM_GCC_541\Release\u8x8_d_st7586s_jlx384160.o .\CortexM3\ARM_GCC_541\Release\u8x8_d_st7586s_s028hn118a.o .\CortexM3\ARM_GCC_541\Release\u8x8_d_st7586s_ymc240160.o .\CortexM3\ARM_GCC_541\Release\u8x8_d_st7588.o .\CortexM3\ARM_GCC_541\Release\u8x8_d_st7920.o .\CortexM3\ARM_GCC_541\Release\u8x8_d_st75160.o .\CortexM3\ARM_GCC_541\Release\u8x8_d_st75256.o .\CortexM3\ARM_GCC_541\Release\u8x8_d_st75320.o .\CortexM3\ARM_GCC_541\Release\u8x8_d_stdio.o .\CortexM3\ARM_GCC_541\Release\u8x8_d_t6963.o .\CortexM3\ARM_GCC_541\Release\u8x8_d_uc1601.o .\CortexM3\ARM_GCC_541\Release\u8x8_d_uc1604.o .\CortexM3\ARM_GCC_541\Release\u8x8_d_uc1608.o .\CortexM3\ARM_GCC_541\Release\u8x8_d_uc1609.o .\CortexM3\ARM_GCC_541\Release\u8x8_d_uc1610.o .\CortexM3\ARM_GCC_541\Release\u8x8_d_uc1611.o .\CortexM3\ARM_GCC_541\Release\u8x8_d_uc1617.o .\CortexM3\ARM_GCC_541\Release\u8x8_d_uc1638.o .\CortexM3\ARM_GCC_541\Release\u8x8_d_uc1701_dogs102.o .\CortexM3\ARM_GCC_541\Release\u8x8_d_uc1701_mini12864.o .\CortexM3\ARM_GCC_541\Release\u8x8_debounce.o .\CortexM3\ARM_GCC_541\Release\u8x8_display.o .\CortexM3\ARM_GCC_541\Release\u8x8_fonts.o .\CortexM3\ARM_GCC_541\Release\u8x8_gpio.o .\CortexM3\ARM_GCC_541\Release\u8x8_input_value.o .\CortexM3\ARM_GCC_541\Release\u8x8_message.o .\CortexM3\ARM_GCC_541\Release\u8x8_selection_list.o .\CortexM3\ARM_GCC_541\Release\u8x8_setup.o .\CortexM3\ARM_GCC_541\Release\u8x8_string.o .\CortexM3\ARM_GCC_541\Release\u8x8_u8toa.o .\CortexM3\ARM_GCC_541\Release\u8x8_u16toa.o .\CortexM3\ARM_GCC_541\Release\main.o .\CortexM3\ARM_GCC_541\Release\u8x8_psoc.o .\CortexM3\ARM_GCC_541\Release\u8g2_font_zx_8rf1b0.o .\CortexM3\ARM_GCC_541\Release\cyfitter_cfg.o .\CortexM3\ARM_GCC_541\Release\cymetadata.o .\CortexM3\ARM_GCC_541\Release\Cm3Start.o .\CortexM3\ARM_GCC_541\Release\psoc5_u8g2.a "D:\Cypress\PSoC Creator\4.4\PSoC Creator\psoc\content\cycomponentlibrary\CyComponentLibrary.cylib\CortexM3\ARM_GCC_541\Release\CyComponentLibrary.a" -mcpu=cortex-m3 -mthumb -L Generated_Source\PSoC5 -L .\emFile_V322c\LinkLibrary\PSoC5\GCC .\emFile_V322c\LinkLibrary\PSoC5\GCC\libemf32noslfn.a -Wl,-Map,.\CortexM3\ARM_GCC_541\Release/psoc5_u8g2.map -T Generated_Source\PSoC5\cm3gcc.ld -specs=nano.specs -Wl,--gc-sections -ffunction-sections -Os -ffat-lto-objects -Wl,--end-group
arm-none-eabi-gcc.exe: error: .\emFile_V322c\LinkLibrary\PSoC5\GCC\libemf32noslfn.a: No such file or directory
The command 'arm-none-eabi-gcc.exe' failed with exit code '1'.
--------------- Rebuild Failed: 06/07/2023 12:17:27 ---------------
